# JRE version: 7.0_11-b21
# Java VM: Java HotSpot(TM) 64-Bit Server VM (23.6-b04 mixed mode windows-amd64 compressed oops)
Heap
 PSYoungGen      total 25088K, used 677K [0x00000007d5ab0000, 0x00000007d7360000, 0x0000000800000000)
  eden space 24896K, 2% used [0x00000007d5ab0000,0x00000007d5b597a8,0x00000007d7300000)
  from space 192K, 0% used [0x00000007d7330000,0x00000007d7330000,0x00000007d7360000)
  to   space 192K, 0% used [0x00000007d7300000,0x00000007d7300000,0x00000007d7330000)
 ParOldGen       total 86720K, used 15005K [0x0000000781000000, 0x00000007864b0000, 0x00000007d5ab0000)
  object space 86720K, 17% used [0x0000000781000000,0x0000000781ea77d8,0x00000007864b0000)
 PSPermGen       total 21504K, used 19637K [0x000000077be00000, 0x000000077d300000, 0x0000000781000000)
  object space 21504K, 91% used [0x000000077be00000,0x000000077d12d4a8,0x000000077d300000)
GC Heap History (10 events):
Event: 2318.699 GC heap before
{Heap before GC invocations=7552 (full 3768):
 PSYoungGen      total 25088K, used 32K [0x00000007d5ab0000, 0x00000007d7360000, 0x0000000800000000)
  eden space 24896K, 0% used [0x00000007d5ab0000,0x00000007d5ab0000,0x00000007d7300000)
  from space 192K, 16% used [0x00000007d7330000,0x00000007d7338000,0x00000007d7360000)
  to   space 192K, 0% used [0x00000007d7300000,0x00000007d7300000,0x00000007d7330000)
 ParOldGen       total 86720K, used 15021K [0x0000000781000000, 0x00000007864b0000, 0x00000007d5ab0000)
  object space 86720K, 17% used [0x0000000781000000,0x0000000781eab5e0,0x00000007864b0000)
 PSPermGen       total 21504K, used 19637K [0x000000077be00000, 0x000000077d300000, 0x0000000781000000)
  object space 21504K, 91% used [0x000000077be00000,0x000000077d12d4a8,0x000000077d300000)
Event: 2318.813 GC heap after
Heap after GC invocations=7552 (full 3768):
 PSYoungGen      total 25088K, used 0K [0x00000007d5ab0000, 0x00000007d7360000, 0x0000000800000000)
  eden space 24896K, 0% used [0x00000007d5ab0000,0x00000007d5ab0000,0x00000007d7300000)
  from space 192K, 0% used [0x00000007d7330000,0x00000007d7330000,0x00000007d7360000)
  to   space 192K, 0% used [0x00000007d7300000,0x00000007d7300000,0x00000007d7330000)
 ParOldGen       total 86720K, used 15006K [0x0000000781000000, 0x00000007864b0000, 0x00000007d5ab0000)
  object space 86720K, 17% used [0x0000000781000000,0x0000000781ea7810,0x00000007864b0000)
 PSPermGen       total 21504K, used 19637K [0x000000077be00000, 0x000000077d300000, 0x0000000781000000)
  object space 21504K, 91% used [0x000000077be00000,0x000000077d12d4a8,0x000000077d300000)
}
Event: 2319.629 GC heap before
{Heap before GC invocations=7553 (full 3768):
 PSYoungGen      total 25088K, used 2184K [0x00000007d5ab0000, 0x00000007d7360000, 0x0000000800000000)
  eden space 24896K, 8% used [0x00000007d5ab0000,0x00000007d5cd2148,0x00000007d7300000)
  from space 192K, 0% used [0x00000007d7330000,0x00000007d7330000,0x00000007d7360000)
  to   space 192K, 0% used [0x00000007d7300000,0x00000007d7300000,0x00000007d7330000)
 ParOldGen       total 86720K, used 15006K [0x0000000781000000, 0x00000007864b0000, 0x00000007d5ab0000)
  object space 86720K, 17% used [0x0000000781000000,0x0000000781ea7810,0x00000007864b0000)
 PSPermGen       total 21504K, used 19637K [0x000000077be00000, 0x000000077d300000, 0x0000000781000000)
  object space 21504K, 91% used [0x000000077be00000,0x000000077d12d4a8,0x000000077d300000)
Event: 2319.631 GC heap after
Heap after GC invocations=7553 (full 3768):
 PSYoungGen      total 25088K, used 96K [0x00000007d5ab0000, 0x00000007d7360000, 0x0000000800000000)
  eden space 24896K, 0% used [0x00000007d5ab0000,0x00000007d5ab0000,0x00000007d7300000)
  from space 192K, 50% used [0x00000007d7300000,0x00000007d7318000,0x00000007d7330000)
  to   space 192K, 0% used [0x00000007d7330000,0x00000007d7330000,0x00000007d7360000)
 ParOldGen       total 86720K, used 15006K [0x0000000781000000, 0x00000007864b0000, 0x00000007d5ab0000)
  object space 86720K, 17% used [0x0000000781000000,0x0000000781ea7810,0x00000007864b0000)
 PSPermGen       total 21504K, used 19637K [0x000000077be00000, 0x000000077d300000, 0x0000000781000000)
  object space 21504K, 91% used [0x000000077be00000,0x000000077d12d4a8,0x000000077d300000)
}
Event: 2319.631 GC heap before
{Heap before GC invocations=7554 (full 3769):
 PSYoungGen      total 25088K, used 96K [0x00000007d5ab0000, 0x00000007d7360000, 0x0000000800000000)
  eden space 24896K, 0% used [0x00000007d5ab0000,0x00000007d5ab0000,0x00000007d7300000)
  from space 192K, 50% used [0x00000007d7300000,0x00000007d7318000,0x00000007d7330000)
  to   space 192K, 0% used [0x00000007d7330000,0x00000007d7330000,0x00000007d7360000)
 ParOldGen       total 86720K, used 15006K [0x0000000781000000, 0x00000007864b0000, 0x00000007d5ab0000)
  object space 86720K, 17% used [0x0000000781000000,0x0000000781ea7810,0x00000007864b0000)
 PSPermGen       total 21504K, used 19637K [0x000000077be00000, 0x000000077d300000, 0x0000000781000000)
  object space 21504K, 91% used [0x000000077be00000,0x000000077d12d4a8,0x000000077d300000)
Event: 2319.725 GC heap after
Heap after GC invocations=7554 (full 3769):
 PSYoungGen      total 25088K, used 0K [0x00000007d5ab0000, 0x00000007d7360000, 0x0000000800000000)
  eden space 24896K, 0% used [0x00000007d5ab0000,0x00000007d5ab0000,0x00000007d7300000)
  from space 192K, 0% used [0x00000007d7300000,0x00000007d7300000,0x00000007d7330000)
  to   space 192K, 0% used [0x00000007d7330000,0x00000007d7330000,0x00000007d7360000)
 ParOldGen       total 86720K, used 15021K [0x0000000781000000, 0x00000007864b0000, 0x00000007d5ab0000)
  object space 86720K, 17% used [0x0000000781000000,0x0000000781eab510,0x00000007864b0000)
 PSPermGen       total 21504K, used 19637K [0x000000077be00000, 0x000000077d300000, 0x0000000781000000)
  object space 21504K, 91% used [0x000000077be00000,0x000000077d12d4a8,0x000000077d300000)
}
Event: 2319.726 GC heap before
{Heap before GC invocations=7555 (full 3769):
 PSYoungGen      total 25088K, used 373K [0x00000007d5ab0000, 0x00000007d7360000, 0x0000000800000000)
  eden space 24896K, 1% used [0x00000007d5ab0000,0x00000007d5b0d628,0x00000007d7300000)
  from space 192K, 0% used [0x00000007d7300000,0x00000007d7300000,0x00000007d7330000)
  to   space 192K, 0% used [0x00000007d7330000,0x00000007d7330000,0x00000007d7360000)
 ParOldGen       total 86720K, used 15021K [0x0000000781000000, 0x00000007864b0000, 0x00000007d5ab0000)
  object space 86720K, 17% used [0x0000000781000000,0x0000000781eab510,0x00000007864b0000)
 PSPermGen       total 21504K, used 19637K [0x000000077be00000, 0x000000077d300000, 0x0000000781000000)
  object space 21504K, 91% used [0x000000077be00000,0x000000077d12d4a8,0x000000077d300000)
Event: 2319.727 GC heap after
Heap after GC invocations=7555 (full 3769):
 PSYoungGen      total 25088K, used 32K [0x00000007d5ab0000, 0x00000007d7360000, 0x0000000800000000)
  eden space 24896K, 0% used [0x00000007d5ab0000,0x00000007d5ab0000,0x00000007d7300000)
  from space 192K, 16% used [0x00000007d7330000,0x00000007d7338000,0x00000007d7360000)
  to   space 192K, 0% used [0x00000007d7300000,0x00000007d7300000,0x00000007d7330000)
 ParOldGen       total 86720K, used 15021K [0x0000000781000000, 0x00000007864b0000, 0x00000007d5ab0000)
  object space 86720K, 17% used [0x0000000781000000,0x0000000781eab510,0x00000007864b0000)
 PSPermGen       total 21504K, used 19637K [0x000000077be00000, 0x000000077d300000, 0x0000000781000000)
  object space 21504K, 91% used [0x000000077be00000,0x000000077d12d4a8,0x000000077d300000)
}
Event: 2319.727 GC heap before
{Heap before GC invocations=7556 (full 3770):
 PSYoungGen      total 25088K, used 32K [0x00000007d5ab0000, 0x00000007d7360000, 0x0000000800000000)
  eden space 24896K, 0% used [0x00000007d5ab0000,0x00000007d5ab0000,0x00000007d7300000)
  from space 192K, 16% used [0x00000007d7330000,0x00000007d7338000,0x00000007d7360000)
  to   space 192K, 0% used [0x00000007d7300000,0x00000007d7300000,0x00000007d7330000)
 ParOldGen       total 86720K, used 15021K [0x0000000781000000, 0x00000007864b0000, 0x00000007d5ab0000)
  object space 86720K, 17% used [0x0000000781000000,0x0000000781eab510,0x00000007864b0000)
 PSPermGen       total 21504K, used 19637K [0x000000077be00000, 0x000000077d300000, 0x0000000781000000)
  object space 21504K, 91% used [0x000000077be00000,0x000000077d12d4a8,0x000000077d300000)
Event: 2319.819 GC heap after
Heap after GC invocations=7556 (full 3770):
 PSYoungGen      total 25088K, used 0K [0x00000007d5ab0000, 0x00000007d7360000, 0x0000000800000000)
  eden space 24896K, 0% used [0x00000007d5ab0000,0x00000007d5ab0000,0x00000007d7300000)
  from space 192K, 0% used [0x00000007d7330000,0x00000007d7330000,0x00000007d7360000)
  to   space 192K, 0% used [0x00000007d7300000,0x00000007d7300000,0x00000007d7330000)
 ParOldGen       total 86720K, used 15005K [0x0000000781000000, 0x00000007864b0000, 0x00000007d5ab0000)
  object space 86720K, 17% used [0x0000000781000000,0x0000000781ea77d8,0x00000007864b0000)
 PSPermGen       total 21504K, used 19637K [0x000000077be00000, 0x000000077d300000, 0x0000000781000000)
  object space 21504K, 91% used [0x000000077be00000,0x000000077d12d4a8,0x000000077d300000)
}

