# JRE version: 7.0_11-b21
# Java VM: Java HotSpot(TM) 64-Bit Server VM (23.6-b04 mixed mode windows-amd64 compressed oops)
Heap
 PSYoungGen      total 37952K, used 600K [0x00000007d5ab0000, 0x00000007d8500000, 0x0000000800000000)
  eden space 32576K, 1% used [0x00000007d5ab0000,0x00000007d5b46110,0x00000007d7a80000)
  from space 5376K, 0% used [0x00000007d7a80000,0x00000007d7a80000,0x00000007d7fc0000)
  to   space 5376K, 0% used [0x00000007d7fc0000,0x00000007d7fc0000,0x00000007d8500000)
 ParOldGen       total 86720K, used 7102K [0x0000000781000000, 0x00000007864b0000, 0x00000007d5ab0000)
  object space 86720K, 8% used [0x0000000781000000,0x00000007816ef980,0x00000007864b0000)
 PSPermGen       total 21248K, used 14802K [0x000000077be00000, 0x000000077d2c0000, 0x0000000781000000)
  object space 21248K, 69% used [0x000000077be00000,0x000000077cc748d0,0x000000077d2c0000)
GC Heap History (10 events):
Event: 114.065 GC heap before
{Heap before GC invocations=203 (full 100):
 PSYoungGen      total 37952K, used 32K [0x00000007d5ab0000, 0x00000007d8500000, 0x0000000800000000)
  eden space 32576K, 0% used [0x00000007d5ab0000,0x00000007d5ab0000,0x00000007d7a80000)
  from space 5376K, 0% used [0x00000007d7a80000,0x00000007d7a88000,0x00000007d7fc0000)
  to   space 5376K, 0% used [0x00000007d7fc0000,0x00000007d7fc0000,0x00000007d8500000)
 ParOldGen       total 86720K, used 7101K [0x0000000781000000, 0x00000007864b0000, 0x00000007d5ab0000)
  object space 86720K, 8% used [0x0000000781000000,0x00000007816ef630,0x00000007864b0000)
 PSPermGen       total 21248K, used 14796K [0x000000077be00000, 0x000000077d2c0000, 0x0000000781000000)
  object space 21248K, 69% used [0x000000077be00000,0x000000077cc73078,0x000000077d2c0000)
Event: 114.091 GC heap after
Heap after GC invocations=203 (full 100):
 PSYoungGen      total 37952K, used 0K [0x00000007d5ab0000, 0x00000007d8500000, 0x0000000800000000)
  eden space 32576K, 0% used [0x00000007d5ab0000,0x00000007d5ab0000,0x00000007d7a80000)
  from space 5376K, 0% used [0x00000007d7a80000,0x00000007d7a80000,0x00000007d7fc0000)
  to   space 5376K, 0% used [0x00000007d7fc0000,0x00000007d7fc0000,0x00000007d8500000)
 ParOldGen       total 86720K, used 7101K [0x0000000781000000, 0x00000007864b0000, 0x00000007d5ab0000)
  object space 86720K, 8% used [0x0000000781000000,0x00000007816ef580,0x00000007864b0000)
 PSPermGen       total 21248K, used 14796K [0x000000077be00000, 0x000000077d2c0000, 0x0000000781000000)
  object space 21248K, 69% used [0x000000077be00000,0x000000077cc73078,0x000000077d2c0000)
}
Event: 115.018 GC heap before
{Heap before GC invocations=204 (full 100):
 PSYoungGen      total 37952K, used 3818K [0x00000007d5ab0000, 0x00000007d8500000, 0x0000000800000000)
  eden space 32576K, 11% used [0x00000007d5ab0000,0x00000007d5e6a808,0x00000007d7a80000)
  from space 5376K, 0% used [0x00000007d7a80000,0x00000007d7a80000,0x00000007d7fc0000)
  to   space 5376K, 0% used [0x00000007d7fc0000,0x00000007d7fc0000,0x00000007d8500000)
 ParOldGen       total 86720K, used 7101K [0x0000000781000000, 0x00000007864b0000, 0x00000007d5ab0000)
  object space 86720K, 8% used [0x0000000781000000,0x00000007816ef580,0x00000007864b0000)
 PSPermGen       total 21248K, used 14802K [0x000000077be00000, 0x000000077d2c0000, 0x0000000781000000)
  object space 21248K, 69% used [0x000000077be00000,0x000000077cc748d0,0x000000077d2c0000)
Event: 115.018 GC heap after
Heap after GC invocations=204 (full 100):
 PSYoungGen      total 37952K, used 96K [0x00000007d5ab0000, 0x00000007d8500000, 0x0000000800000000)
  eden space 32576K, 0% used [0x00000007d5ab0000,0x00000007d5ab0000,0x00000007d7a80000)
  from space 5376K, 1% used [0x00000007d7fc0000,0x00000007d7fd8000,0x00000007d8500000)
  to   space 5376K, 0% used [0x00000007d7a80000,0x00000007d7a80000,0x00000007d7fc0000)
 ParOldGen       total 86720K, used 7101K [0x0000000781000000, 0x00000007864b0000, 0x00000007d5ab0000)
  object space 86720K, 8% used [0x0000000781000000,0x00000007816ef580,0x00000007864b0000)
 PSPermGen       total 21248K, used 14802K [0x000000077be00000, 0x000000077d2c0000, 0x0000000781000000)
  object space 21248K, 69% used [0x000000077be00000,0x000000077cc748d0,0x000000077d2c0000)
}
Event: 115.018 GC heap before
{Heap before GC invocations=205 (full 101):
 PSYoungGen      total 37952K, used 96K [0x00000007d5ab0000, 0x00000007d8500000, 0x0000000800000000)
  eden space 32576K, 0% used [0x00000007d5ab0000,0x00000007d5ab0000,0x00000007d7a80000)
  from space 5376K, 1% used [0x00000007d7fc0000,0x00000007d7fd8000,0x00000007d8500000)
  to   space 5376K, 0% used [0x00000007d7a80000,0x00000007d7a80000,0x00000007d7fc0000)
 ParOldGen       total 86720K, used 7101K [0x0000000781000000, 0x00000007864b0000, 0x00000007d5ab0000)
  object space 86720K, 8% used [0x0000000781000000,0x00000007816ef580,0x00000007864b0000)
 PSPermGen       total 21248K, used 14802K [0x000000077be00000, 0x000000077d2c0000, 0x0000000781000000)
  object space 21248K, 69% used [0x000000077be00000,0x000000077cc748d0,0x000000077d2c0000)
Event: 115.052 GC heap after
Heap after GC invocations=205 (full 101):
 PSYoungGen      total 37952K, used 0K [0x00000007d5ab0000, 0x00000007d8500000, 0x0000000800000000)
  eden space 32576K, 0% used [0x00000007d5ab0000,0x00000007d5ab0000,0x00000007d7a80000)
  from space 5376K, 0% used [0x00000007d7fc0000,0x00000007d7fc0000,0x00000007d8500000)
  to   space 5376K, 0% used [0x00000007d7a80000,0x00000007d7a80000,0x00000007d7fc0000)
 ParOldGen       total 86720K, used 7106K [0x0000000781000000, 0x00000007864b0000, 0x00000007d5ab0000)
  object space 86720K, 8% used [0x0000000781000000,0x00000007816f0a30,0x00000007864b0000)
 PSPermGen       total 21248K, used 14802K [0x000000077be00000, 0x000000077d2c0000, 0x0000000781000000)
  object space 21248K, 69% used [0x000000077be00000,0x000000077cc748d0,0x000000077d2c0000)
}
Event: 115.053 GC heap before
{Heap before GC invocations=206 (full 101):
 PSYoungGen      total 37952K, used 600K [0x00000007d5ab0000, 0x00000007d8500000, 0x0000000800000000)
  eden space 32576K, 1% used [0x00000007d5ab0000,0x00000007d5b460f8,0x00000007d7a80000)
  from space 5376K, 0% used [0x00000007d7fc0000,0x00000007d7fc0000,0x00000007d8500000)
  to   space 5376K, 0% used [0x00000007d7a80000,0x00000007d7a80000,0x00000007d7fc0000)
 ParOldGen       total 86720K, used 7106K [0x0000000781000000, 0x00000007864b0000, 0x00000007d5ab0000)
  object space 86720K, 8% used [0x0000000781000000,0x00000007816f0a30,0x00000007864b0000)
 PSPermGen       total 21248K, used 14802K [0x000000077be00000, 0x000000077d2c0000, 0x0000000781000000)
  object space 21248K, 69% used [0x000000077be00000,0x000000077cc748d0,0x000000077d2c0000)
Event: 115.053 GC heap after
Heap after GC invocations=206 (full 101):
 PSYoungGen      total 37952K, used 32K [0x00000007d5ab0000, 0x00000007d8500000, 0x0000000800000000)
  eden space 32576K, 0% used [0x00000007d5ab0000,0x00000007d5ab0000,0x00000007d7a80000)
  from space 5376K, 0% used [0x00000007d7a80000,0x00000007d7a88000,0x00000007d7fc0000)
  to   space 5376K, 0% used [0x00000007d7fc0000,0x00000007d7fc0000,0x00000007d8500000)
 ParOldGen       total 86720K, used 7106K [0x0000000781000000, 0x00000007864b0000, 0x00000007d5ab0000)
  object space 86720K, 8% used [0x0000000781000000,0x00000007816f0a30,0x00000007864b0000)
 PSPermGen       total 21248K, used 14802K [0x000000077be00000, 0x000000077d2c0000, 0x0000000781000000)
  object space 21248K, 69% used [0x000000077be00000,0x000000077cc748d0,0x000000077d2c0000)
}
Event: 115.053 GC heap before
{Heap before GC invocations=207 (full 102):
 PSYoungGen      total 37952K, used 32K [0x00000007d5ab0000, 0x00000007d8500000, 0x0000000800000000)
  eden space 32576K, 0% used [0x00000007d5ab0000,0x00000007d5ab0000,0x00000007d7a80000)
  from space 5376K, 0% used [0x00000007d7a80000,0x00000007d7a88000,0x00000007d7fc0000)
  to   space 5376K, 0% used [0x00000007d7fc0000,0x00000007d7fc0000,0x00000007d8500000)
 ParOldGen       total 86720K, used 7106K [0x0000000781000000, 0x00000007864b0000, 0x00000007d5ab0000)
  object space 86720K, 8% used [0x0000000781000000,0x00000007816f0a30,0x00000007864b0000)
 PSPermGen       total 21248K, used 14802K [0x000000077be00000, 0x000000077d2c0000, 0x0000000781000000)
  object space 21248K, 69% used [0x000000077be00000,0x000000077cc748d0,0x000000077d2c0000)
Event: 115.076 GC heap after
Heap after GC invocations=207 (full 102):
 PSYoungGen      total 37952K, used 0K [0x00000007d5ab0000, 0x00000007d8500000, 0x0000000800000000)
  eden space 32576K, 0% used [0x00000007d5ab0000,0x00000007d5ab0000,0x00000007d7a80000)
  from space 5376K, 0% used [0x00000007d7a80000,0x00000007d7a80000,0x00000007d7fc0000)
  to   space 5376K, 0% used [0x00000007d7fc0000,0x00000007d7fc0000,0x00000007d8500000)
 ParOldGen       total 86720K, used 7102K [0x0000000781000000, 0x00000007864b0000, 0x00000007d5ab0000)
  object space 86720K, 8% used [0x0000000781000000,0x00000007816ef980,0x00000007864b0000)
 PSPermGen       total 21248K, used 14802K [0x000000077be00000, 0x000000077d2c0000, 0x0000000781000000)
  object space 21248K, 69% used [0x000000077be00000,0x000000077cc748d0,0x000000077d2c0000)
}

