# JRE version: 7.0_11-b21
# Java VM: Java HotSpot(TM) 64-Bit Server VM (23.6-b04 mixed mode windows-amd64 compressed oops)
Heap
 PSYoungGen      total 37952K, used 821K [0x00000007d5ab0000, 0x00000007d8500000, 0x0000000800000000)
  eden space 32576K, 2% used [0x00000007d5ab0000,0x00000007d5b7d7f0,0x00000007d7a80000)
  from space 5376K, 0% used [0x00000007d7a80000,0x00000007d7a80000,0x00000007d7fc0000)
  to   space 5376K, 0% used [0x00000007d7fc0000,0x00000007d7fc0000,0x00000007d8500000)
 ParOldGen       total 86720K, used 11623K [0x0000000781000000, 0x00000007864b0000, 0x00000007d5ab0000)
  object space 86720K, 13% used [0x0000000781000000,0x0000000781b59cb0,0x00000007864b0000)
 PSPermGen       total 21248K, used 19556K [0x000000077be00000, 0x000000077d2c0000, 0x0000000781000000)
  object space 21248K, 92% used [0x000000077be00000,0x000000077d119110,0x000000077d2c0000)
GC Heap History (10 events):
Event: 814.922 GC heap before
{Heap before GC invocations=1459 (full 728):
 PSYoungGen      total 37952K, used 32K [0x00000007d5ab0000, 0x00000007d8500000, 0x0000000800000000)
  eden space 32576K, 0% used [0x00000007d5ab0000,0x00000007d5ab0000,0x00000007d7a80000)
  from space 5376K, 0% used [0x00000007d7a80000,0x00000007d7a88000,0x00000007d7fc0000)
  to   space 5376K, 0% used [0x00000007d7fc0000,0x00000007d7fc0000,0x00000007d8500000)
 ParOldGen       total 86720K, used 11635K [0x0000000781000000, 0x00000007864b0000, 0x00000007d5ab0000)
  object space 86720K, 13% used [0x0000000781000000,0x0000000781b5cd50,0x00000007864b0000)
 PSPermGen       total 21248K, used 19556K [0x000000077be00000, 0x000000077d2c0000, 0x0000000781000000)
  object space 21248K, 92% used [0x000000077be00000,0x000000077d119110,0x000000077d2c0000)
Event: 814.958 GC heap after
Heap after GC invocations=1459 (full 728):
 PSYoungGen      total 37952K, used 0K [0x00000007d5ab0000, 0x00000007d8500000, 0x0000000800000000)
  eden space 32576K, 0% used [0x00000007d5ab0000,0x00000007d5ab0000,0x00000007d7a80000)
  from space 5376K, 0% used [0x00000007d7a80000,0x00000007d7a80000,0x00000007d7fc0000)
  to   space 5376K, 0% used [0x00000007d7fc0000,0x00000007d7fc0000,0x00000007d8500000)
 ParOldGen       total 86720K, used 11620K [0x0000000781000000, 0x00000007864b0000, 0x00000007d5ab0000)
  object space 86720K, 13% used [0x0000000781000000,0x0000000781b59258,0x00000007864b0000)
 PSPermGen       total 21248K, used 19556K [0x000000077be00000, 0x000000077d2c0000, 0x0000000781000000)
  object space 21248K, 92% used [0x000000077be00000,0x000000077d119110,0x000000077d2c0000)
}
Event: 815.880 GC heap before
{Heap before GC invocations=1460 (full 728):
 PSYoungGen      total 37952K, used 1921K [0x00000007d5ab0000, 0x00000007d8500000, 0x0000000800000000)
  eden space 32576K, 5% used [0x00000007d5ab0000,0x00000007d5c90478,0x00000007d7a80000)
  from space 5376K, 0% used [0x00000007d7a80000,0x00000007d7a80000,0x00000007d7fc0000)
  to   space 5376K, 0% used [0x00000007d7fc0000,0x00000007d7fc0000,0x00000007d8500000)
 ParOldGen       total 86720K, used 11620K [0x0000000781000000, 0x00000007864b0000, 0x00000007d5ab0000)
  object space 86720K, 13% used [0x0000000781000000,0x0000000781b59258,0x00000007864b0000)
 PSPermGen       total 21248K, used 19556K [0x000000077be00000, 0x000000077d2c0000, 0x0000000781000000)
  object space 21248K, 92% used [0x000000077be00000,0x000000077d119110,0x000000077d2c0000)
Event: 815.880 GC heap after
Heap after GC invocations=1460 (full 728):
 PSYoungGen      total 37952K, used 128K [0x00000007d5ab0000, 0x00000007d8500000, 0x0000000800000000)
  eden space 32576K, 0% used [0x00000007d5ab0000,0x00000007d5ab0000,0x00000007d7a80000)
  from space 5376K, 2% used [0x00000007d7fc0000,0x00000007d7fe0000,0x00000007d8500000)
  to   space 5376K, 0% used [0x00000007d7a80000,0x00000007d7a80000,0x00000007d7fc0000)
 ParOldGen       total 86720K, used 11620K [0x0000000781000000, 0x00000007864b0000, 0x00000007d5ab0000)
  object space 86720K, 13% used [0x0000000781000000,0x0000000781b59258,0x00000007864b0000)
 PSPermGen       total 21248K, used 19556K [0x000000077be00000, 0x000000077d2c0000, 0x0000000781000000)
  object space 21248K, 92% used [0x000000077be00000,0x000000077d119110,0x000000077d2c0000)
}
Event: 815.880 GC heap before
{Heap before GC invocations=1461 (full 729):
 PSYoungGen      total 37952K, used 128K [0x00000007d5ab0000, 0x00000007d8500000, 0x0000000800000000)
  eden space 32576K, 0% used [0x00000007d5ab0000,0x00000007d5ab0000,0x00000007d7a80000)
  from space 5376K, 2% used [0x00000007d7fc0000,0x00000007d7fe0000,0x00000007d8500000)
  to   space 5376K, 0% used [0x00000007d7a80000,0x00000007d7a80000,0x00000007d7fc0000)
 ParOldGen       total 86720K, used 11620K [0x0000000781000000, 0x00000007864b0000, 0x00000007d5ab0000)
  object space 86720K, 13% used [0x0000000781000000,0x0000000781b59258,0x00000007864b0000)
 PSPermGen       total 21248K, used 19556K [0x000000077be00000, 0x000000077d2c0000, 0x0000000781000000)
  object space 21248K, 92% used [0x000000077be00000,0x000000077d119110,0x000000077d2c0000)
Event: 815.919 GC heap after
Heap after GC invocations=1461 (full 729):
 PSYoungGen      total 37952K, used 0K [0x00000007d5ab0000, 0x00000007d8500000, 0x0000000800000000)
  eden space 32576K, 0% used [0x00000007d5ab0000,0x00000007d5ab0000,0x00000007d7a80000)
  from space 5376K, 0% used [0x00000007d7fc0000,0x00000007d7fc0000,0x00000007d8500000)
  to   space 5376K, 0% used [0x00000007d7a80000,0x00000007d7a80000,0x00000007d7fc0000)
 ParOldGen       total 86720K, used 11635K [0x0000000781000000, 0x00000007864b0000, 0x00000007d5ab0000)
  object space 86720K, 13% used [0x0000000781000000,0x0000000781b5cd60,0x00000007864b0000)
 PSPermGen       total 21248K, used 19556K [0x000000077be00000, 0x000000077d2c0000, 0x0000000781000000)
  object space 21248K, 92% used [0x000000077be00000,0x000000077d119110,0x000000077d2c0000)
}
Event: 815.919 GC heap before
{Heap before GC invocations=1462 (full 729):
 PSYoungGen      total 37952K, used 556K [0x00000007d5ab0000, 0x00000007d8500000, 0x0000000800000000)
  eden space 32576K, 1% used [0x00000007d5ab0000,0x00000007d5b3b220,0x00000007d7a80000)
  from space 5376K, 0% used [0x00000007d7fc0000,0x00000007d7fc0000,0x00000007d8500000)
  to   space 5376K, 0% used [0x00000007d7a80000,0x00000007d7a80000,0x00000007d7fc0000)
 ParOldGen       total 86720K, used 11635K [0x0000000781000000, 0x00000007864b0000, 0x00000007d5ab0000)
  object space 86720K, 13% used [0x0000000781000000,0x0000000781b5cd60,0x00000007864b0000)
 PSPermGen       total 21248K, used 19556K [0x000000077be00000, 0x000000077d2c0000, 0x0000000781000000)
  object space 21248K, 92% used [0x000000077be00000,0x000000077d119110,0x000000077d2c0000)
Event: 815.920 GC heap after
Heap after GC invocations=1462 (full 729):
 PSYoungGen      total 37952K, used 32K [0x00000007d5ab0000, 0x00000007d8500000, 0x0000000800000000)
  eden space 32576K, 0% used [0x00000007d5ab0000,0x00000007d5ab0000,0x00000007d7a80000)
  from space 5376K, 0% used [0x00000007d7a80000,0x00000007d7a88000,0x00000007d7fc0000)
  to   space 5376K, 0% used [0x00000007d7fc0000,0x00000007d7fc0000,0x00000007d8500000)
 ParOldGen       total 86720K, used 11635K [0x0000000781000000, 0x00000007864b0000, 0x00000007d5ab0000)
  object space 86720K, 13% used [0x0000000781000000,0x0000000781b5cd60,0x00000007864b0000)
 PSPermGen       total 21248K, used 19556K [0x000000077be00000, 0x000000077d2c0000, 0x0000000781000000)
  object space 21248K, 92% used [0x000000077be00000,0x000000077d119110,0x000000077d2c0000)
}
Event: 815.920 GC heap before
{Heap before GC invocations=1463 (full 730):
 PSYoungGen      total 37952K, used 32K [0x00000007d5ab0000, 0x00000007d8500000, 0x0000000800000000)
  eden space 32576K, 0% used [0x00000007d5ab0000,0x00000007d5ab0000,0x00000007d7a80000)
  from space 5376K, 0% used [0x00000007d7a80000,0x00000007d7a88000,0x00000007d7fc0000)
  to   space 5376K, 0% used [0x00000007d7fc0000,0x00000007d7fc0000,0x00000007d8500000)
 ParOldGen       total 86720K, used 11635K [0x0000000781000000, 0x00000007864b0000, 0x00000007d5ab0000)
  object space 86720K, 13% used [0x0000000781000000,0x0000000781b5cd60,0x00000007864b0000)
 PSPermGen       total 21248K, used 19556K [0x000000077be00000, 0x000000077d2c0000, 0x0000000781000000)
  object space 21248K, 92% used [0x000000077be00000,0x000000077d119110,0x000000077d2c0000)
Event: 815.957 GC heap after
Heap after GC invocations=1463 (full 730):
 PSYoungGen      total 37952K, used 0K [0x00000007d5ab0000, 0x00000007d8500000, 0x0000000800000000)
  eden space 32576K, 0% used [0x00000007d5ab0000,0x00000007d5ab0000,0x00000007d7a80000)
  from space 5376K, 0% used [0x00000007d7a80000,0x00000007d7a80000,0x00000007d7fc0000)
  to   space 5376K, 0% used [0x00000007d7fc0000,0x00000007d7fc0000,0x00000007d8500000)
 ParOldGen       total 86720K, used 11623K [0x0000000781000000, 0x00000007864b0000, 0x00000007d5ab0000)
  object space 86720K, 13% used [0x0000000781000000,0x0000000781b59cb0,0x00000007864b0000)
 PSPermGen       total 21248K, used 19556K [0x000000077be00000, 0x000000077d2c0000, 0x0000000781000000)
  object space 21248K, 92% used [0x000000077be00000,0x000000077d119110,0x000000077d2c0000)
}

