# JRE version: 7.0_11-b21
# Java VM: Java HotSpot(TM) 64-Bit Server VM (23.6-b04 mixed mode windows-amd64 compressed oops)
Heap
 PSYoungGen      total 25600K, used 2416K [0x00000007d5ab0000, 0x00000007d73e0000, 0x0000000800000000)
  eden space 25408K, 9% used [0x00000007d5ab0000,0x00000007d5d0c1b8,0x00000007d7380000)
  from space 192K, 0% used [0x00000007d7380000,0x00000007d7380000,0x00000007d73b0000)
  to   space 192K, 33% used [0x00000007d73b0000,0x00000007d73c0000,0x00000007d73e0000)
 ParOldGen       total 86720K, used 10828K [0x0000000781000000, 0x00000007864b0000, 0x00000007d5ab0000)
  object space 86720K, 12% used [0x0000000781000000,0x0000000781a93248,0x00000007864b0000)
 PSPermGen       total 21248K, used 19448K [0x000000077be00000, 0x000000077d2c0000, 0x0000000781000000)
  object space 21248K, 91% used [0x000000077be00000,0x000000077d0fe298,0x000000077d2c0000)
GC Heap History (10 events):
Event: 293.676 GC heap after
Heap after GC invocations=287 (full 136):
 PSYoungGen      total 25600K, used 0K [0x00000007d5ab0000, 0x00000007d73e0000, 0x0000000800000000)
  eden space 25408K, 0% used [0x00000007d5ab0000,0x00000007d5ab0000,0x00000007d7380000)
  from space 192K, 0% used [0x00000007d7380000,0x00000007d7380000,0x00000007d73b0000)
  to   space 192K, 0% used [0x00000007d73b0000,0x00000007d73b0000,0x00000007d73e0000)
 ParOldGen       total 86720K, used 10838K [0x0000000781000000, 0x00000007864b0000, 0x00000007d5ab0000)
  object space 86720K, 12% used [0x0000000781000000,0x0000000781a95888,0x00000007864b0000)
 PSPermGen       total 21248K, used 19444K [0x000000077be00000, 0x000000077d2c0000, 0x0000000781000000)
  object space 21248K, 91% used [0x000000077be00000,0x000000077d0fd1b0,0x000000077d2c0000)
}
Event: 294.625 GC heap before
{Heap before GC invocations=288 (full 136):
 PSYoungGen      total 25600K, used 3919K [0x00000007d5ab0000, 0x00000007d73e0000, 0x0000000800000000)
  eden space 25408K, 15% used [0x00000007d5ab0000,0x00000007d5e83c18,0x00000007d7380000)
  from space 192K, 0% used [0x00000007d7380000,0x00000007d7380000,0x00000007d73b0000)
  to   space 192K, 0% used [0x00000007d73b0000,0x00000007d73b0000,0x00000007d73e0000)
 ParOldGen       total 86720K, used 10838K [0x0000000781000000, 0x00000007864b0000, 0x00000007d5ab0000)
  object space 86720K, 12% used [0x0000000781000000,0x0000000781a95888,0x00000007864b0000)
 PSPermGen       total 21248K, used 19447K [0x000000077be00000, 0x000000077d2c0000, 0x0000000781000000)
  object space 21248K, 91% used [0x000000077be00000,0x000000077d0fdee0,0x000000077d2c0000)
Event: 294.627 GC heap after
Heap after GC invocations=288 (full 136):
 PSYoungGen      total 25600K, used 96K [0x00000007d5ab0000, 0x00000007d73e0000, 0x0000000800000000)
  eden space 25408K, 0% used [0x00000007d5ab0000,0x00000007d5ab0000,0x00000007d7380000)
  from space 192K, 50% used [0x00000007d73b0000,0x00000007d73c8000,0x00000007d73e0000)
  to   space 192K, 0% used [0x00000007d7380000,0x00000007d7380000,0x00000007d73b0000)
 ParOldGen       total 86720K, used 10838K [0x0000000781000000, 0x00000007864b0000, 0x00000007d5ab0000)
  object space 86720K, 12% used [0x0000000781000000,0x0000000781a95888,0x00000007864b0000)
 PSPermGen       total 21248K, used 19447K [0x000000077be00000, 0x000000077d2c0000, 0x0000000781000000)
  object space 21248K, 91% used [0x000000077be00000,0x000000077d0fdee0,0x000000077d2c0000)
}
Event: 294.627 GC heap before
{Heap before GC invocations=289 (full 137):
 PSYoungGen      total 25600K, used 96K [0x00000007d5ab0000, 0x00000007d73e0000, 0x0000000800000000)
  eden space 25408K, 0% used [0x00000007d5ab0000,0x00000007d5ab0000,0x00000007d7380000)
  from space 192K, 50% used [0x00000007d73b0000,0x00000007d73c8000,0x00000007d73e0000)
  to   space 192K, 0% used [0x00000007d7380000,0x00000007d7380000,0x00000007d73b0000)
 ParOldGen       total 86720K, used 10838K [0x0000000781000000, 0x00000007864b0000, 0x00000007d5ab0000)
  object space 86720K, 12% used [0x0000000781000000,0x0000000781a95888,0x00000007864b0000)
 PSPermGen       total 21248K, used 19447K [0x000000077be00000, 0x000000077d2c0000, 0x0000000781000000)
  object space 21248K, 91% used [0x000000077be00000,0x000000077d0fdee0,0x000000077d2c0000)
Event: 294.691 GC heap after
Heap after GC invocations=289 (full 137):
 PSYoungGen      total 25600K, used 0K [0x00000007d5ab0000, 0x00000007d73e0000, 0x0000000800000000)
  eden space 25408K, 0% used [0x00000007d5ab0000,0x00000007d5ab0000,0x00000007d7380000)
  from space 192K, 0% used [0x00000007d73b0000,0x00000007d73b0000,0x00000007d73e0000)
  to   space 192K, 0% used [0x00000007d7380000,0x00000007d7380000,0x00000007d73b0000)
 ParOldGen       total 86720K, used 10841K [0x0000000781000000, 0x00000007864b0000, 0x00000007d5ab0000)
  object space 86720K, 12% used [0x0000000781000000,0x0000000781a964b8,0x00000007864b0000)
 PSPermGen       total 21248K, used 19447K [0x000000077be00000, 0x000000077d2c0000, 0x0000000781000000)
  object space 21248K, 91% used [0x000000077be00000,0x000000077d0fdee0,0x000000077d2c0000)
}
Event: 294.692 GC heap before
{Heap before GC invocations=290 (full 137):
 PSYoungGen      total 25600K, used 522K [0x00000007d5ab0000, 0x00000007d73e0000, 0x0000000800000000)
  eden space 25408K, 2% used [0x00000007d5ab0000,0x00000007d5b32b70,0x00000007d7380000)
  from space 192K, 0% used [0x00000007d73b0000,0x00000007d73b0000,0x00000007d73e0000)
  to   space 192K, 0% used [0x00000007d7380000,0x00000007d7380000,0x00000007d73b0000)
 ParOldGen       total 86720K, used 10841K [0x0000000781000000, 0x00000007864b0000, 0x00000007d5ab0000)
  object space 86720K, 12% used [0x0000000781000000,0x0000000781a964b8,0x00000007864b0000)
 PSPermGen       total 21248K, used 19448K [0x000000077be00000, 0x000000077d2c0000, 0x0000000781000000)
  object space 21248K, 91% used [0x000000077be00000,0x000000077d0fe1f0,0x000000077d2c0000)
Event: 294.693 GC heap after
Heap after GC invocations=290 (full 137):
 PSYoungGen      total 25600K, used 64K [0x00000007d5ab0000, 0x00000007d73e0000, 0x0000000800000000)
  eden space 25408K, 0% used [0x00000007d5ab0000,0x00000007d5ab0000,0x00000007d7380000)
  from space 192K, 33% used [0x00000007d7380000,0x00000007d7390000,0x00000007d73b0000)
  to   space 192K, 0% used [0x00000007d73b0000,0x00000007d73b0000,0x00000007d73e0000)
 ParOldGen       total 86720K, used 10841K [0x0000000781000000, 0x00000007864b0000, 0x00000007d5ab0000)
  object space 86720K, 12% used [0x0000000781000000,0x0000000781a964b8,0x00000007864b0000)
 PSPermGen       total 21248K, used 19448K [0x000000077be00000, 0x000000077d2c0000, 0x0000000781000000)
  object space 21248K, 91% used [0x000000077be00000,0x000000077d0fe1f0,0x000000077d2c0000)
}
Event: 294.693 GC heap before
{Heap before GC invocations=291 (full 138):
 PSYoungGen      total 25600K, used 64K [0x00000007d5ab0000, 0x00000007d73e0000, 0x0000000800000000)
  eden space 25408K, 0% used [0x00000007d5ab0000,0x00000007d5ab0000,0x00000007d7380000)
  from space 192K, 33% used [0x00000007d7380000,0x00000007d7390000,0x00000007d73b0000)
  to   space 192K, 0% used [0x00000007d73b0000,0x00000007d73b0000,0x00000007d73e0000)
 ParOldGen       total 86720K, used 10841K [0x0000000781000000, 0x00000007864b0000, 0x00000007d5ab0000)
  object space 86720K, 12% used [0x0000000781000000,0x0000000781a964b8,0x00000007864b0000)
 PSPermGen       total 21248K, used 19448K [0x000000077be00000, 0x000000077d2c0000, 0x0000000781000000)
  object space 21248K, 91% used [0x000000077be00000,0x000000077d0fe1f0,0x000000077d2c0000)
Event: 294.751 GC heap after
Heap after GC invocations=291 (full 138):
 PSYoungGen      total 25600K, used 0K [0x00000007d5ab0000, 0x00000007d73e0000, 0x0000000800000000)
  eden space 25408K, 0% used [0x00000007d5ab0000,0x00000007d5ab0000,0x00000007d7380000)
  from space 192K, 0% used [0x00000007d7380000,0x00000007d7380000,0x00000007d73b0000)
  to   space 192K, 0% used [0x00000007d73b0000,0x00000007d73b0000,0x00000007d73e0000)
 ParOldGen       total 86720K, used 10828K [0x0000000781000000, 0x00000007864b0000, 0x00000007d5ab0000)
  object space 86720K, 12% used [0x0000000781000000,0x0000000781a93248,0x00000007864b0000)
 PSPermGen       total 21248K, used 19448K [0x000000077be00000, 0x000000077d2c0000, 0x0000000781000000)
  object space 21248K, 91% used [0x000000077be00000,0x000000077d0fe1f0,0x000000077d2c0000)
}
Event: 295.411 GC heap before
{Heap before GC invocations=292 (full 138):
 PSYoungGen      total 25600K, used 2416K [0x00000007d5ab0000, 0x00000007d73e0000, 0x0000000800000000)
  eden space 25408K, 9% used [0x00000007d5ab0000,0x00000007d5d0c1b8,0x00000007d7380000)
  from space 192K, 0% used [0x00000007d7380000,0x00000007d7380000,0x00000007d73b0000)
  to   space 192K, 0% used [0x00000007d73b0000,0x00000007d73b0000,0x00000007d73e0000)
 ParOldGen       total 86720K, used 10828K [0x0000000781000000, 0x00000007864b0000, 0x00000007d5ab0000)
  object space 86720K, 12% used [0x0000000781000000,0x0000000781a93248,0x00000007864b0000)
 PSPermGen       total 21248K, used 19448K [0x000000077be00000, 0x000000077d2c0000, 0x0000000781000000)
  object space 21248K, 91% used [0x000000077be00000,0x000000077d0fe298,0x000000077d2c0000)

