# JRE version: 7.0_11-b21
# Java VM: Java HotSpot(TM) 64-Bit Server VM (23.6-b04 mixed mode windows-amd64 compressed oops)
Heap
 PSYoungGen      total 37952K, used 96K [0x00000007d5ab0000, 0x00000007d8500000, 0x0000000800000000)
  eden space 32576K, 0% used [0x00000007d5ab0000,0x00000007d5ab0000,0x00000007d7a80000)
  from space 5376K, 1% used [0x00000007d7a80000,0x00000007d7a98000,0x00000007d7fc0000)
  to   space 5376K, 0% used [0x00000007d7fc0000,0x00000007d7fc0000,0x00000007d8500000)
 ParOldGen       total 86720K, used 10287K [0x0000000781000000, 0x00000007864b0000, 0x00000007d5ab0000)
  object space 86720K, 11% used [0x0000000781000000,0x0000000781a0bf90,0x00000007864b0000)
 PSPermGen       total 21248K, used 18221K [0x000000077be00000, 0x000000077d2c0000, 0x0000000781000000)
  object space 21248K, 85% used [0x000000077be00000,0x000000077cfcb788,0x000000077d2c0000)
GC Heap History (10 events):
Event: 197.605 GC heap after
Heap after GC invocations=41 (full 18):
 PSYoungGen      total 37952K, used 350K [0x00000007d5ab0000, 0x00000007d8500000, 0x0000000800000000)
  eden space 32576K, 0% used [0x00000007d5ab0000,0x00000007d5ab0000,0x00000007d7a80000)
  from space 5376K, 6% used [0x00000007d7a80000,0x00000007d7ad78c8,0x00000007d7fc0000)
  to   space 5376K, 0% used [0x00000007d7fc0000,0x00000007d7fc0000,0x00000007d8500000)
 ParOldGen       total 86720K, used 10071K [0x0000000781000000, 0x00000007864b0000, 0x00000007d5ab0000)
  object space 86720K, 11% used [0x0000000781000000,0x00000007819d5ff8,0x00000007864b0000)
 PSPermGen       total 21248K, used 18216K [0x000000077be00000, 0x000000077d2c0000, 0x0000000781000000)
  object space 21248K, 85% used [0x000000077be00000,0x000000077cfca340,0x000000077d2c0000)
}
Event: 197.605 GC heap before
{Heap before GC invocations=42 (full 19):
 PSYoungGen      total 37952K, used 350K [0x00000007d5ab0000, 0x00000007d8500000, 0x0000000800000000)
  eden space 32576K, 0% used [0x00000007d5ab0000,0x00000007d5ab0000,0x00000007d7a80000)
  from space 5376K, 6% used [0x00000007d7a80000,0x00000007d7ad78c8,0x00000007d7fc0000)
  to   space 5376K, 0% used [0x00000007d7fc0000,0x00000007d7fc0000,0x00000007d8500000)
 ParOldGen       total 86720K, used 10071K [0x0000000781000000, 0x00000007864b0000, 0x00000007d5ab0000)
  object space 86720K, 11% used [0x0000000781000000,0x00000007819d5ff8,0x00000007864b0000)
 PSPermGen       total 21248K, used 18216K [0x000000077be00000, 0x000000077d2c0000, 0x0000000781000000)
  object space 21248K, 85% used [0x000000077be00000,0x000000077cfca340,0x000000077d2c0000)
Event: 197.803 GC heap after
Heap after GC invocations=42 (full 19):
 PSYoungGen      total 37952K, used 0K [0x00000007d5ab0000, 0x00000007d8500000, 0x0000000800000000)
  eden space 32576K, 0% used [0x00000007d5ab0000,0x00000007d5ab0000,0x00000007d7a80000)
  from space 5376K, 0% used [0x00000007d7a80000,0x00000007d7a80000,0x00000007d7fc0000)
  to   space 5376K, 0% used [0x00000007d7fc0000,0x00000007d7fc0000,0x00000007d8500000)
 ParOldGen       total 86720K, used 10317K [0x0000000781000000, 0x00000007864b0000, 0x00000007d5ab0000)
  object space 86720K, 11% used [0x0000000781000000,0x0000000781a135d0,0x00000007864b0000)
 PSPermGen       total 21248K, used 18216K [0x000000077be00000, 0x000000077d2c0000, 0x0000000781000000)
  object space 21248K, 85% used [0x000000077be00000,0x000000077cfca340,0x000000077d2c0000)
}
Event: 197.880 GC heap before
{Heap before GC invocations=43 (full 19):
 PSYoungGen      total 37952K, used 616K [0x00000007d5ab0000, 0x00000007d8500000, 0x0000000800000000)
  eden space 32576K, 1% used [0x00000007d5ab0000,0x00000007d5b4a2f8,0x00000007d7a80000)
  from space 5376K, 0% used [0x00000007d7a80000,0x00000007d7a80000,0x00000007d7fc0000)
  to   space 5376K, 0% used [0x00000007d7fc0000,0x00000007d7fc0000,0x00000007d8500000)
 ParOldGen       total 86720K, used 10317K [0x0000000781000000, 0x00000007864b0000, 0x00000007d5ab0000)
  object space 86720K, 11% used [0x0000000781000000,0x0000000781a135d0,0x00000007864b0000)
 PSPermGen       total 21248K, used 18216K [0x000000077be00000, 0x000000077d2c0000, 0x0000000781000000)
  object space 21248K, 85% used [0x000000077be00000,0x000000077cfca340,0x000000077d2c0000)
Event: 197.970 GC heap after
Heap after GC invocations=43 (full 19):
 PSYoungGen      total 37952K, used 32K [0x00000007d5ab0000, 0x00000007d8500000, 0x0000000800000000)
  eden space 32576K, 0% used [0x00000007d5ab0000,0x00000007d5ab0000,0x00000007d7a80000)
  from space 5376K, 0% used [0x00000007d7fc0000,0x00000007d7fc8000,0x00000007d8500000)
  to   space 5376K, 0% used [0x00000007d7a80000,0x00000007d7a80000,0x00000007d7fc0000)
 ParOldGen       total 86720K, used 10317K [0x0000000781000000, 0x00000007864b0000, 0x00000007d5ab0000)
  object space 86720K, 11% used [0x0000000781000000,0x0000000781a135d0,0x00000007864b0000)
 PSPermGen       total 21248K, used 18216K [0x000000077be00000, 0x000000077d2c0000, 0x0000000781000000)
  object space 21248K, 85% used [0x000000077be00000,0x000000077cfca340,0x000000077d2c0000)
}
Event: 197.970 GC heap before
{Heap before GC invocations=44 (full 20):
 PSYoungGen      total 37952K, used 32K [0x00000007d5ab0000, 0x00000007d8500000, 0x0000000800000000)
  eden space 32576K, 0% used [0x00000007d5ab0000,0x00000007d5ab0000,0x00000007d7a80000)
  from space 5376K, 0% used [0x00000007d7fc0000,0x00000007d7fc8000,0x00000007d8500000)
  to   space 5376K, 0% used [0x00000007d7a80000,0x00000007d7a80000,0x00000007d7fc0000)
 ParOldGen       total 86720K, used 10317K [0x0000000781000000, 0x00000007864b0000, 0x00000007d5ab0000)
  object space 86720K, 11% used [0x0000000781000000,0x0000000781a135d0,0x00000007864b0000)
 PSPermGen       total 21248K, used 18216K [0x000000077be00000, 0x000000077d2c0000, 0x0000000781000000)
  object space 21248K, 85% used [0x000000077be00000,0x000000077cfca340,0x000000077d2c0000)
Event: 198.043 GC heap after
Heap after GC invocations=44 (full 20):
 PSYoungGen      total 37952K, used 0K [0x00000007d5ab0000, 0x00000007d8500000, 0x0000000800000000)
  eden space 32576K, 0% used [0x00000007d5ab0000,0x00000007d5ab0000,0x00000007d7a80000)
  from space 5376K, 0% used [0x00000007d7fc0000,0x00000007d7fc0000,0x00000007d8500000)
  to   space 5376K, 0% used [0x00000007d7a80000,0x00000007d7a80000,0x00000007d7fc0000)
 ParOldGen       total 86720K, used 10287K [0x0000000781000000, 0x00000007864b0000, 0x00000007d5ab0000)
  object space 86720K, 11% used [0x0000000781000000,0x0000000781a0bf90,0x00000007864b0000)
 PSPermGen       total 21248K, used 18216K [0x000000077be00000, 0x000000077d2c0000, 0x0000000781000000)
  object space 21248K, 85% used [0x000000077be00000,0x000000077cfca340,0x000000077d2c0000)
}
Event: 219.512 GC heap before
{Heap before GC invocations=45 (full 20):
 PSYoungGen      total 37952K, used 3965K [0x00000007d5ab0000, 0x00000007d8500000, 0x0000000800000000)
  eden space 32576K, 12% used [0x00000007d5ab0000,0x00000007d5e8f6a0,0x00000007d7a80000)
  from space 5376K, 0% used [0x00000007d7fc0000,0x00000007d7fc0000,0x00000007d8500000)
  to   space 5376K, 0% used [0x00000007d7a80000,0x00000007d7a80000,0x00000007d7fc0000)
 ParOldGen       total 86720K, used 10287K [0x0000000781000000, 0x00000007864b0000, 0x00000007d5ab0000)
  object space 86720K, 11% used [0x0000000781000000,0x0000000781a0bf90,0x00000007864b0000)
 PSPermGen       total 21248K, used 18221K [0x000000077be00000, 0x000000077d2c0000, 0x0000000781000000)
  object space 21248K, 85% used [0x000000077be00000,0x000000077cfcb788,0x000000077d2c0000)
Event: 219.608 GC heap after
Heap after GC invocations=45 (full 20):
 PSYoungGen      total 37952K, used 96K [0x00000007d5ab0000, 0x00000007d8500000, 0x0000000800000000)
  eden space 32576K, 0% used [0x00000007d5ab0000,0x00000007d5ab0000,0x00000007d7a80000)
  from space 5376K, 1% used [0x00000007d7a80000,0x00000007d7a98000,0x00000007d7fc0000)
  to   space 5376K, 0% used [0x00000007d7fc0000,0x00000007d7fc0000,0x00000007d8500000)
 ParOldGen       total 86720K, used 10287K [0x0000000781000000, 0x00000007864b0000, 0x00000007d5ab0000)
  object space 86720K, 11% used [0x0000000781000000,0x0000000781a0bf90,0x00000007864b0000)
 PSPermGen       total 21248K, used 18221K [0x000000077be00000, 0x000000077d2c0000, 0x0000000781000000)
  object space 21248K, 85% used [0x000000077be00000,0x000000077cfcb788,0x000000077d2c0000)
}
Event: 219.608 GC heap before
{Heap before GC invocations=46 (full 21):
 PSYoungGen      total 37952K, used 96K [0x00000007d5ab0000, 0x00000007d8500000, 0x0000000800000000)
  eden space 32576K, 0% used [0x00000007d5ab0000,0x00000007d5ab0000,0x00000007d7a80000)
  from space 5376K, 1% used [0x00000007d7a80000,0x00000007d7a98000,0x00000007d7fc0000)
  to   space 5376K, 0% used [0x00000007d7fc0000,0x00000007d7fc0000,0x00000007d8500000)
 ParOldGen       total 86720K, used 10287K [0x0000000781000000, 0x00000007864b0000, 0x00000007d5ab0000)
  object space 86720K, 11% used [0x0000000781000000,0x0000000781a0bf90,0x00000007864b0000)
 PSPermGen       total 21248K, used 18221K [0x000000077be00000, 0x000000077d2c0000, 0x0000000781000000)
  object space 21248K, 85% used [0x000000077be00000,0x000000077cfcb788,0x000000077d2c0000)

