# JRE version: 7.0_11-b21
# Java VM: Java HotSpot(TM) 64-Bit Server VM (23.6-b04 mixed mode windows-amd64 compressed oops)
Heap
 PSYoungGen      total 25088K, used 1433K [0x00000007d5ab0000, 0x00000007d7360000, 0x0000000800000000)
  eden space 24896K, 5% used [0x00000007d5ab0000,0x00000007d5c16728,0x00000007d7300000)
  from space 192K, 0% used [0x00000007d7330000,0x00000007d7330000,0x00000007d7360000)
  to   space 192K, 0% used [0x00000007d7300000,0x00000007d7300000,0x00000007d7330000)
 ParOldGen       total 86720K, used 20254K [0x0000000781000000, 0x00000007864b0000, 0x00000007d5ab0000)
  object space 86720K, 23% used [0x0000000781000000,0x00000007823c7a30,0x00000007864b0000)
 PSPermGen       total 21504K, used 20378K [0x000000077be00000, 0x000000077d300000, 0x0000000781000000)
  object space 21504K, 94% used [0x000000077be00000,0x000000077d1e6ab0,0x000000077d300000)
GC Heap History (10 events):
Event: 393.205 GC heap before
{Heap before GC invocations=788 (full 386):
 PSYoungGen      total 25088K, used 32K [0x00000007d5ab0000, 0x00000007d7360000, 0x0000000800000000)
  eden space 24896K, 0% used [0x00000007d5ab0000,0x00000007d5ab0000,0x00000007d7300000)
  from space 192K, 16% used [0x00000007d7330000,0x00000007d7338000,0x00000007d7360000)
  to   space 192K, 0% used [0x00000007d7300000,0x00000007d7300000,0x00000007d7330000)
 ParOldGen       total 86720K, used 20266K [0x0000000781000000, 0x00000007864b0000, 0x00000007d5ab0000)
  object space 86720K, 23% used [0x0000000781000000,0x00000007823caa78,0x00000007864b0000)
 PSPermGen       total 21504K, used 20378K [0x000000077be00000, 0x000000077d300000, 0x0000000781000000)
  object space 21504K, 94% used [0x000000077be00000,0x000000077d1e6ab0,0x000000077d300000)
Event: 393.276 GC heap after
Heap after GC invocations=788 (full 386):
 PSYoungGen      total 25088K, used 0K [0x00000007d5ab0000, 0x00000007d7360000, 0x0000000800000000)
  eden space 24896K, 0% used [0x00000007d5ab0000,0x00000007d5ab0000,0x00000007d7300000)
  from space 192K, 0% used [0x00000007d7330000,0x00000007d7330000,0x00000007d7360000)
  to   space 192K, 0% used [0x00000007d7300000,0x00000007d7300000,0x00000007d7330000)
 ParOldGen       total 86720K, used 20252K [0x0000000781000000, 0x00000007864b0000, 0x00000007d5ab0000)
  object space 86720K, 23% used [0x0000000781000000,0x00000007823c7348,0x00000007864b0000)
 PSPermGen       total 21504K, used 20378K [0x000000077be00000, 0x000000077d300000, 0x0000000781000000)
  object space 21504K, 94% used [0x000000077be00000,0x000000077d1e6ab0,0x000000077d300000)
}
Event: 394.049 GC heap before
{Heap before GC invocations=789 (full 386):
 PSYoungGen      total 25088K, used 1951K [0x00000007d5ab0000, 0x00000007d7360000, 0x0000000800000000)
  eden space 24896K, 7% used [0x00000007d5ab0000,0x00000007d5c97d98,0x00000007d7300000)
  from space 192K, 0% used [0x00000007d7330000,0x00000007d7330000,0x00000007d7360000)
  to   space 192K, 0% used [0x00000007d7300000,0x00000007d7300000,0x00000007d7330000)
 ParOldGen       total 86720K, used 20252K [0x0000000781000000, 0x00000007864b0000, 0x00000007d5ab0000)
  object space 86720K, 23% used [0x0000000781000000,0x00000007823c7348,0x00000007864b0000)
 PSPermGen       total 21504K, used 20378K [0x000000077be00000, 0x000000077d300000, 0x0000000781000000)
  object space 21504K, 94% used [0x000000077be00000,0x000000077d1e6ab0,0x000000077d300000)
Event: 394.053 GC heap after
Heap after GC invocations=789 (full 386):
 PSYoungGen      total 25088K, used 96K [0x00000007d5ab0000, 0x00000007d7360000, 0x0000000800000000)
  eden space 24896K, 0% used [0x00000007d5ab0000,0x00000007d5ab0000,0x00000007d7300000)
  from space 192K, 50% used [0x00000007d7300000,0x00000007d7318000,0x00000007d7330000)
  to   space 192K, 0% used [0x00000007d7330000,0x00000007d7330000,0x00000007d7360000)
 ParOldGen       total 86720K, used 20252K [0x0000000781000000, 0x00000007864b0000, 0x00000007d5ab0000)
  object space 86720K, 23% used [0x0000000781000000,0x00000007823c7348,0x00000007864b0000)
 PSPermGen       total 21504K, used 20378K [0x000000077be00000, 0x000000077d300000, 0x0000000781000000)
  object space 21504K, 94% used [0x000000077be00000,0x000000077d1e6ab0,0x000000077d300000)
}
Event: 394.054 GC heap before
{Heap before GC invocations=790 (full 387):
 PSYoungGen      total 25088K, used 96K [0x00000007d5ab0000, 0x00000007d7360000, 0x0000000800000000)
  eden space 24896K, 0% used [0x00000007d5ab0000,0x00000007d5ab0000,0x00000007d7300000)
  from space 192K, 50% used [0x00000007d7300000,0x00000007d7318000,0x00000007d7330000)
  to   space 192K, 0% used [0x00000007d7330000,0x00000007d7330000,0x00000007d7360000)
 ParOldGen       total 86720K, used 20252K [0x0000000781000000, 0x00000007864b0000, 0x00000007d5ab0000)
  object space 86720K, 23% used [0x0000000781000000,0x00000007823c7348,0x00000007864b0000)
 PSPermGen       total 21504K, used 20378K [0x000000077be00000, 0x000000077d300000, 0x0000000781000000)
  object space 21504K, 94% used [0x000000077be00000,0x000000077d1e6ab0,0x000000077d300000)
Event: 394.190 GC heap after
Heap after GC invocations=790 (full 387):
 PSYoungGen      total 25088K, used 0K [0x00000007d5ab0000, 0x00000007d7360000, 0x0000000800000000)
  eden space 24896K, 0% used [0x00000007d5ab0000,0x00000007d5ab0000,0x00000007d7300000)
  from space 192K, 0% used [0x00000007d7300000,0x00000007d7300000,0x00000007d7330000)
  to   space 192K, 0% used [0x00000007d7330000,0x00000007d7330000,0x00000007d7360000)
 ParOldGen       total 86720K, used 20266K [0x0000000781000000, 0x00000007864b0000, 0x00000007d5ab0000)
  object space 86720K, 23% used [0x0000000781000000,0x00000007823caa48,0x00000007864b0000)
 PSPermGen       total 21504K, used 20378K [0x000000077be00000, 0x000000077d300000, 0x0000000781000000)
  object space 21504K, 94% used [0x000000077be00000,0x000000077d1e6ab0,0x000000077d300000)
}
Event: 394.193 GC heap before
{Heap before GC invocations=791 (full 387):
 PSYoungGen      total 25088K, used 382K [0x00000007d5ab0000, 0x00000007d7360000, 0x0000000800000000)
  eden space 24896K, 1% used [0x00000007d5ab0000,0x00000007d5b0fb68,0x00000007d7300000)
  from space 192K, 0% used [0x00000007d7300000,0x00000007d7300000,0x00000007d7330000)
  to   space 192K, 0% used [0x00000007d7330000,0x00000007d7330000,0x00000007d7360000)
 ParOldGen       total 86720K, used 20266K [0x0000000781000000, 0x00000007864b0000, 0x00000007d5ab0000)
  object space 86720K, 23% used [0x0000000781000000,0x00000007823caa48,0x00000007864b0000)
 PSPermGen       total 21504K, used 20378K [0x000000077be00000, 0x000000077d300000, 0x0000000781000000)
  object space 21504K, 94% used [0x000000077be00000,0x000000077d1e6ab0,0x000000077d300000)
Event: 394.198 GC heap after
Heap after GC invocations=791 (full 387):
 PSYoungGen      total 25088K, used 32K [0x00000007d5ab0000, 0x00000007d7360000, 0x0000000800000000)
  eden space 24896K, 0% used [0x00000007d5ab0000,0x00000007d5ab0000,0x00000007d7300000)
  from space 192K, 16% used [0x00000007d7330000,0x00000007d7338000,0x00000007d7360000)
  to   space 192K, 0% used [0x00000007d7300000,0x00000007d7300000,0x00000007d7330000)
 ParOldGen       total 86720K, used 20266K [0x0000000781000000, 0x00000007864b0000, 0x00000007d5ab0000)
  object space 86720K, 23% used [0x0000000781000000,0x00000007823caa48,0x00000007864b0000)
 PSPermGen       total 21504K, used 20378K [0x000000077be00000, 0x000000077d300000, 0x0000000781000000)
  object space 21504K, 94% used [0x000000077be00000,0x000000077d1e6ab0,0x000000077d300000)
}
Event: 394.198 GC heap before
{Heap before GC invocations=792 (full 388):
 PSYoungGen      total 25088K, used 32K [0x00000007d5ab0000, 0x00000007d7360000, 0x0000000800000000)
  eden space 24896K, 0% used [0x00000007d5ab0000,0x00000007d5ab0000,0x00000007d7300000)
  from space 192K, 16% used [0x00000007d7330000,0x00000007d7338000,0x00000007d7360000)
  to   space 192K, 0% used [0x00000007d7300000,0x00000007d7300000,0x00000007d7330000)
 ParOldGen       total 86720K, used 20266K [0x0000000781000000, 0x00000007864b0000, 0x00000007d5ab0000)
  object space 86720K, 23% used [0x0000000781000000,0x00000007823caa48,0x00000007864b0000)
 PSPermGen       total 21504K, used 20378K [0x000000077be00000, 0x000000077d300000, 0x0000000781000000)
  object space 21504K, 94% used [0x000000077be00000,0x000000077d1e6ab0,0x000000077d300000)
Event: 394.332 GC heap after
Heap after GC invocations=792 (full 388):
 PSYoungGen      total 25088K, used 0K [0x00000007d5ab0000, 0x00000007d7360000, 0x0000000800000000)
  eden space 24896K, 0% used [0x00000007d5ab0000,0x00000007d5ab0000,0x00000007d7300000)
  from space 192K, 0% used [0x00000007d7330000,0x00000007d7330000,0x00000007d7360000)
  to   space 192K, 0% used [0x00000007d7300000,0x00000007d7300000,0x00000007d7330000)
 ParOldGen       total 86720K, used 20254K [0x0000000781000000, 0x00000007864b0000, 0x00000007d5ab0000)
  object space 86720K, 23% used [0x0000000781000000,0x00000007823c7a30,0x00000007864b0000)
 PSPermGen       total 21504K, used 20378K [0x000000077be00000, 0x000000077d300000, 0x0000000781000000)
  object space 21504K, 94% used [0x000000077be00000,0x000000077d1e6ab0,0x000000077d300000)
}

