# JRE version: 7.0_11-b21
# Java VM: Java HotSpot(TM) 64-Bit Server VM (23.6-b04 mixed mode windows-amd64 compressed oops)
Heap
 PSYoungGen      total 25600K, used 1979K [0x00000007d5ab0000, 0x00000007d73e0000, 0x0000000800000000)
  eden space 25408K, 7% used [0x00000007d5ab0000,0x00000007d5c9ee60,0x00000007d7380000)
  from space 192K, 0% used [0x00000007d7380000,0x00000007d7380000,0x00000007d73b0000)
  to   space 192K, 33% used [0x00000007d73b0000,0x00000007d73c0000,0x00000007d73e0000)
 ParOldGen       total 86720K, used 10038K [0x0000000781000000, 0x00000007864b0000, 0x00000007d5ab0000)
  object space 86720K, 11% used [0x0000000781000000,0x00000007819cd980,0x00000007864b0000)
 PSPermGen       total 21504K, used 18798K [0x000000077be00000, 0x000000077d300000, 0x0000000781000000)
  object space 21504K, 87% used [0x000000077be00000,0x000000077d05b860,0x000000077d300000)
GC Heap History (10 events):
Event: 6464.545 GC heap after
Heap after GC invocations=25187 (full 12586):
 PSYoungGen      total 25600K, used 0K [0x00000007d5ab0000, 0x00000007d73e0000, 0x0000000800000000)
  eden space 25408K, 0% used [0x00000007d5ab0000,0x00000007d5ab0000,0x00000007d7380000)
  from space 192K, 0% used [0x00000007d7380000,0x00000007d7380000,0x00000007d73b0000)
  to   space 192K, 0% used [0x00000007d73b0000,0x00000007d73b0000,0x00000007d73e0000)
 ParOldGen       total 86720K, used 10038K [0x0000000781000000, 0x00000007864b0000, 0x00000007d5ab0000)
  object space 86720K, 11% used [0x0000000781000000,0x00000007819cd938,0x00000007864b0000)
 PSPermGen       total 21504K, used 18798K [0x000000077be00000, 0x000000077d300000, 0x0000000781000000)
  object space 21504K, 87% used [0x000000077be00000,0x000000077d05b860,0x000000077d300000)
}
Event: 6465.451 GC heap before
{Heap before GC invocations=25188 (full 12586):
 PSYoungGen      total 25600K, used 1980K [0x00000007d5ab0000, 0x00000007d73e0000, 0x0000000800000000)
  eden space 25408K, 7% used [0x00000007d5ab0000,0x00000007d5c9f0a0,0x00000007d7380000)
  from space 192K, 0% used [0x00000007d7380000,0x00000007d7380000,0x00000007d73b0000)
  to   space 192K, 0% used [0x00000007d73b0000,0x00000007d73b0000,0x00000007d73e0000)
 ParOldGen       total 86720K, used 10038K [0x0000000781000000, 0x00000007864b0000, 0x00000007d5ab0000)
  object space 86720K, 11% used [0x0000000781000000,0x00000007819cd938,0x00000007864b0000)
 PSPermGen       total 21504K, used 18798K [0x000000077be00000, 0x000000077d300000, 0x0000000781000000)
  object space 21504K, 87% used [0x000000077be00000,0x000000077d05b860,0x000000077d300000)
Event: 6465.453 GC heap after
Heap after GC invocations=25188 (full 12586):
 PSYoungGen      total 25600K, used 96K [0x00000007d5ab0000, 0x00000007d73e0000, 0x0000000800000000)
  eden space 25408K, 0% used [0x00000007d5ab0000,0x00000007d5ab0000,0x00000007d7380000)
  from space 192K, 50% used [0x00000007d73b0000,0x00000007d73c8000,0x00000007d73e0000)
  to   space 192K, 0% used [0x00000007d7380000,0x00000007d7380000,0x00000007d73b0000)
 ParOldGen       total 86720K, used 10038K [0x0000000781000000, 0x00000007864b0000, 0x00000007d5ab0000)
  object space 86720K, 11% used [0x0000000781000000,0x00000007819cd938,0x00000007864b0000)
 PSPermGen       total 21504K, used 18798K [0x000000077be00000, 0x000000077d300000, 0x0000000781000000)
  object space 21504K, 87% used [0x000000077be00000,0x000000077d05b860,0x000000077d300000)
}
Event: 6465.453 GC heap before
{Heap before GC invocations=25189 (full 12587):
 PSYoungGen      total 25600K, used 96K [0x00000007d5ab0000, 0x00000007d73e0000, 0x0000000800000000)
  eden space 25408K, 0% used [0x00000007d5ab0000,0x00000007d5ab0000,0x00000007d7380000)
  from space 192K, 50% used [0x00000007d73b0000,0x00000007d73c8000,0x00000007d73e0000)
  to   space 192K, 0% used [0x00000007d7380000,0x00000007d7380000,0x00000007d73b0000)
 ParOldGen       total 86720K, used 10038K [0x0000000781000000, 0x00000007864b0000, 0x00000007d5ab0000)
  object space 86720K, 11% used [0x0000000781000000,0x00000007819cd938,0x00000007864b0000)
 PSPermGen       total 21504K, used 18798K [0x000000077be00000, 0x000000077d300000, 0x0000000781000000)
  object space 21504K, 87% used [0x000000077be00000,0x000000077d05b860,0x000000077d300000)
Event: 6465.526 GC heap after
Heap after GC invocations=25189 (full 12587):
 PSYoungGen      total 25600K, used 0K [0x00000007d5ab0000, 0x00000007d73e0000, 0x0000000800000000)
  eden space 25408K, 0% used [0x00000007d5ab0000,0x00000007d5ab0000,0x00000007d7380000)
  from space 192K, 0% used [0x00000007d73b0000,0x00000007d73b0000,0x00000007d73e0000)
  to   space 192K, 0% used [0x00000007d7380000,0x00000007d7380000,0x00000007d73b0000)
 ParOldGen       total 86720K, used 10053K [0x0000000781000000, 0x00000007864b0000, 0x00000007d5ab0000)
  object space 86720K, 11% used [0x0000000781000000,0x00000007819d1418,0x00000007864b0000)
 PSPermGen       total 21504K, used 18798K [0x000000077be00000, 0x000000077d300000, 0x0000000781000000)
  object space 21504K, 87% used [0x000000077be00000,0x000000077d05b860,0x000000077d300000)
}
Event: 6465.527 GC heap before
{Heap before GC invocations=25190 (full 12587):
 PSYoungGen      total 25600K, used 575K [0x00000007d5ab0000, 0x00000007d73e0000, 0x0000000800000000)
  eden space 25408K, 2% used [0x00000007d5ab0000,0x00000007d5b3fd98,0x00000007d7380000)
  from space 192K, 0% used [0x00000007d73b0000,0x00000007d73b0000,0x00000007d73e0000)
  to   space 192K, 0% used [0x00000007d7380000,0x00000007d7380000,0x00000007d73b0000)
 ParOldGen       total 86720K, used 10053K [0x0000000781000000, 0x00000007864b0000, 0x00000007d5ab0000)
  object space 86720K, 11% used [0x0000000781000000,0x00000007819d1418,0x00000007864b0000)
 PSPermGen       total 21504K, used 18798K [0x000000077be00000, 0x000000077d300000, 0x0000000781000000)
  object space 21504K, 87% used [0x000000077be00000,0x000000077d05b860,0x000000077d300000)
Event: 6465.527 GC heap after
Heap after GC invocations=25190 (full 12587):
 PSYoungGen      total 25600K, used 32K [0x00000007d5ab0000, 0x00000007d73e0000, 0x0000000800000000)
  eden space 25408K, 0% used [0x00000007d5ab0000,0x00000007d5ab0000,0x00000007d7380000)
  from space 192K, 16% used [0x00000007d7380000,0x00000007d7388000,0x00000007d73b0000)
  to   space 192K, 0% used [0x00000007d73b0000,0x00000007d73b0000,0x00000007d73e0000)
 ParOldGen       total 86720K, used 10053K [0x0000000781000000, 0x00000007864b0000, 0x00000007d5ab0000)
  object space 86720K, 11% used [0x0000000781000000,0x00000007819d1418,0x00000007864b0000)
 PSPermGen       total 21504K, used 18798K [0x000000077be00000, 0x000000077d300000, 0x0000000781000000)
  object space 21504K, 87% used [0x000000077be00000,0x000000077d05b860,0x000000077d300000)
}
Event: 6465.527 GC heap before
{Heap before GC invocations=25191 (full 12588):
 PSYoungGen      total 25600K, used 32K [0x00000007d5ab0000, 0x00000007d73e0000, 0x0000000800000000)
  eden space 25408K, 0% used [0x00000007d5ab0000,0x00000007d5ab0000,0x00000007d7380000)
  from space 192K, 16% used [0x00000007d7380000,0x00000007d7388000,0x00000007d73b0000)
  to   space 192K, 0% used [0x00000007d73b0000,0x00000007d73b0000,0x00000007d73e0000)
 ParOldGen       total 86720K, used 10053K [0x0000000781000000, 0x00000007864b0000, 0x00000007d5ab0000)
  object space 86720K, 11% used [0x0000000781000000,0x00000007819d1418,0x00000007864b0000)
 PSPermGen       total 21504K, used 18798K [0x000000077be00000, 0x000000077d300000, 0x0000000781000000)
  object space 21504K, 87% used [0x000000077be00000,0x000000077d05b860,0x000000077d300000)
Event: 6465.563 GC heap after
Heap after GC invocations=25191 (full 12588):
 PSYoungGen      total 25600K, used 0K [0x00000007d5ab0000, 0x00000007d73e0000, 0x0000000800000000)
  eden space 25408K, 0% used [0x00000007d5ab0000,0x00000007d5ab0000,0x00000007d7380000)
  from space 192K, 0% used [0x00000007d7380000,0x00000007d7380000,0x00000007d73b0000)
  to   space 192K, 0% used [0x00000007d73b0000,0x00000007d73b0000,0x00000007d73e0000)
 ParOldGen       total 86720K, used 10038K [0x0000000781000000, 0x00000007864b0000, 0x00000007d5ab0000)
  object space 86720K, 11% used [0x0000000781000000,0x00000007819cd980,0x00000007864b0000)
 PSPermGen       total 21504K, used 18798K [0x000000077be00000, 0x000000077d300000, 0x0000000781000000)
  object space 21504K, 87% used [0x000000077be00000,0x000000077d05b860,0x000000077d300000)
}
Event: 6466.465 GC heap before
{Heap before GC invocations=25192 (full 12588):
 PSYoungGen      total 25600K, used 1979K [0x00000007d5ab0000, 0x00000007d73e0000, 0x0000000800000000)
  eden space 25408K, 7% used [0x00000007d5ab0000,0x00000007d5c9ee60,0x00000007d7380000)
  from space 192K, 0% used [0x00000007d7380000,0x00000007d7380000,0x00000007d73b0000)
  to   space 192K, 0% used [0x00000007d73b0000,0x00000007d73b0000,0x00000007d73e0000)
 ParOldGen       total 86720K, used 10038K [0x0000000781000000, 0x00000007864b0000, 0x00000007d5ab0000)
  object space 86720K, 11% used [0x0000000781000000,0x00000007819cd980,0x00000007864b0000)
 PSPermGen       total 21504K, used 18798K [0x000000077be00000, 0x000000077d300000, 0x0000000781000000)
  object space 21504K, 87% used [0x000000077be00000,0x000000077d05b860,0x000000077d300000)

