# JRE version: 7.0_11-b21
# Java VM: Java HotSpot(TM) 64-Bit Server VM (23.6-b04 mixed mode windows-amd64 compressed oops)
Heap
 PSYoungGen      total 31872K, used 1537K [0x00000007d5ab0000, 0x00000007d8540000, 0x0000000800000000)
  eden space 31808K, 4% used [0x00000007d5ab0000,0x00000007d5c30740,0x00000007d79c0000)
  from space 64K, 0% used [0x00000007d79c0000,0x00000007d79c0000,0x00000007d79d0000)
  to   space 5888K, 1% used [0x00000007d7f80000,0x00000007d7f90000,0x00000007d8540000)
 ParOldGen       total 86720K, used 6806K [0x0000000781000000, 0x00000007864b0000, 0x00000007d5ab0000)
  object space 86720K, 7% used [0x0000000781000000,0x00000007816a5878,0x00000007864b0000)
 PSPermGen       total 22528K, used 14991K [0x000000077be00000, 0x000000077d400000, 0x0000000781000000)
  object space 22528K, 66% used [0x000000077be00000,0x000000077cca3c80,0x000000077d400000)
GC Heap History (10 events):
Event: 40.645 GC heap after
Heap after GC invocations=21 (full 8):
 PSYoungGen      total 31872K, used 0K [0x00000007d5ab0000, 0x00000007d8620000, 0x0000000800000000)
  eden space 31808K, 0% used [0x00000007d5ab0000,0x00000007d5ab0000,0x00000007d79c0000)
  from space 64K, 0% used [0x00000007d79c0000,0x00000007d79c0000,0x00000007d79d0000)
  to   space 6336K, 0% used [0x00000007d7ff0000,0x00000007d7ff0000,0x00000007d8620000)
 ParOldGen       total 86720K, used 6795K [0x0000000781000000, 0x00000007864b0000, 0x00000007d5ab0000)
  object space 86720K, 7% used [0x0000000781000000,0x00000007816a2d90,0x00000007864b0000)
 PSPermGen       total 25408K, used 14955K [0x000000077be00000, 0x000000077d6d0000, 0x0000000781000000)
  object space 25408K, 58% used [0x000000077be00000,0x000000077cc9aeb0,0x000000077d6d0000)
}
Event: 41.637 GC heap before
{Heap before GC invocations=22 (full 8):
 PSYoungGen      total 31872K, used 1867K [0x00000007d5ab0000, 0x00000007d8620000, 0x0000000800000000)
  eden space 31808K, 5% used [0x00000007d5ab0000,0x00000007d5c82d10,0x00000007d79c0000)
  from space 64K, 0% used [0x00000007d79c0000,0x00000007d79c0000,0x00000007d79d0000)
  to   space 6336K, 0% used [0x00000007d7ff0000,0x00000007d7ff0000,0x00000007d8620000)
 ParOldGen       total 86720K, used 6795K [0x0000000781000000, 0x00000007864b0000, 0x00000007d5ab0000)
  object space 86720K, 7% used [0x0000000781000000,0x00000007816a2d90,0x00000007864b0000)
 PSPermGen       total 25408K, used 14987K [0x000000077be00000, 0x000000077d6d0000, 0x0000000781000000)
  object space 25408K, 58% used [0x000000077be00000,0x000000077cca2cd0,0x000000077d6d0000)
Event: 41.638 GC heap after
Heap after GC invocations=22 (full 8):
 PSYoungGen      total 37632K, used 96K [0x00000007d5ab0000, 0x00000007d85a0000, 0x0000000800000000)
  eden space 31808K, 0% used [0x00000007d5ab0000,0x00000007d5ab0000,0x00000007d79c0000)
  from space 5824K, 1% used [0x00000007d7ff0000,0x00000007d8008000,0x00000007d85a0000)
  to   space 6080K, 0% used [0x00000007d79c0000,0x00000007d79c0000,0x00000007d7fb0000)
 ParOldGen       total 86720K, used 6795K [0x0000000781000000, 0x00000007864b0000, 0x00000007d5ab0000)
  object space 86720K, 7% used [0x0000000781000000,0x00000007816a2d90,0x00000007864b0000)
 PSPermGen       total 25408K, used 14987K [0x000000077be00000, 0x000000077d6d0000, 0x0000000781000000)
  object space 25408K, 58% used [0x000000077be00000,0x000000077cca2cd0,0x000000077d6d0000)
}
Event: 41.638 GC heap before
{Heap before GC invocations=23 (full 9):
 PSYoungGen      total 37632K, used 96K [0x00000007d5ab0000, 0x00000007d85a0000, 0x0000000800000000)
  eden space 31808K, 0% used [0x00000007d5ab0000,0x00000007d5ab0000,0x00000007d79c0000)
  from space 5824K, 1% used [0x00000007d7ff0000,0x00000007d8008000,0x00000007d85a0000)
  to   space 6080K, 0% used [0x00000007d79c0000,0x00000007d79c0000,0x00000007d7fb0000)
 ParOldGen       total 86720K, used 6795K [0x0000000781000000, 0x00000007864b0000, 0x00000007d5ab0000)
  object space 86720K, 7% used [0x0000000781000000,0x00000007816a2d90,0x00000007864b0000)
 PSPermGen       total 25408K, used 14987K [0x000000077be00000, 0x000000077d6d0000, 0x0000000781000000)
  object space 25408K, 58% used [0x000000077be00000,0x000000077cca2cd0,0x000000077d6d0000)
Event: 41.667 GC heap after
Heap after GC invocations=23 (full 9):
 PSYoungGen      total 37632K, used 0K [0x00000007d5ab0000, 0x00000007d85a0000, 0x0000000800000000)
  eden space 31808K, 0% used [0x00000007d5ab0000,0x00000007d5ab0000,0x00000007d79c0000)
  from space 5824K, 0% used [0x00000007d7ff0000,0x00000007d7ff0000,0x00000007d85a0000)
  to   space 6080K, 0% used [0x00000007d79c0000,0x00000007d79c0000,0x00000007d7fb0000)
 ParOldGen       total 86720K, used 6806K [0x0000000781000000, 0x00000007864b0000, 0x00000007d5ab0000)
  object space 86720K, 7% used [0x0000000781000000,0x00000007816a5ae0,0x00000007864b0000)
 PSPermGen       total 23680K, used 14987K [0x000000077be00000, 0x000000077d520000, 0x0000000781000000)
  object space 23680K, 63% used [0x000000077be00000,0x000000077cca2cd0,0x000000077d520000)
}
Event: 41.667 GC heap before
{Heap before GC invocations=24 (full 9):
 PSYoungGen      total 37632K, used 821K [0x00000007d5ab0000, 0x00000007d85a0000, 0x0000000800000000)
  eden space 31808K, 2% used [0x00000007d5ab0000,0x00000007d5b7d5b0,0x00000007d79c0000)
  from space 5824K, 0% used [0x00000007d7ff0000,0x00000007d7ff0000,0x00000007d85a0000)
  to   space 6080K, 0% used [0x00000007d79c0000,0x00000007d79c0000,0x00000007d7fb0000)
 ParOldGen       total 86720K, used 6806K [0x0000000781000000, 0x00000007864b0000, 0x00000007d5ab0000)
  object space 86720K, 7% used [0x0000000781000000,0x00000007816a5ae0,0x00000007864b0000)
 PSPermGen       total 23680K, used 14987K [0x000000077be00000, 0x000000077d520000, 0x0000000781000000)
  object space 23680K, 63% used [0x000000077be00000,0x000000077cca2cd0,0x000000077d520000)
Event: 41.669 GC heap after
Heap after GC invocations=24 (full 9):
 PSYoungGen      total 31872K, used 32K [0x00000007d5ab0000, 0x00000007d8540000, 0x0000000800000000)
  eden space 31808K, 0% used [0x00000007d5ab0000,0x00000007d5ab0000,0x00000007d79c0000)
  from space 64K, 50% used [0x00000007d79c0000,0x00000007d79c8000,0x00000007d79d0000)
  to   space 5888K, 0% used [0x00000007d7f80000,0x00000007d7f80000,0x00000007d8540000)
 ParOldGen       total 86720K, used 6806K [0x0000000781000000, 0x00000007864b0000, 0x00000007d5ab0000)
  object space 86720K, 7% used [0x0000000781000000,0x00000007816a5ae0,0x00000007864b0000)
 PSPermGen       total 23680K, used 14987K [0x000000077be00000, 0x000000077d520000, 0x0000000781000000)
  object space 23680K, 63% used [0x000000077be00000,0x000000077cca2cd0,0x000000077d520000)
}
Event: 41.669 GC heap before
{Heap before GC invocations=25 (full 10):
 PSYoungGen      total 31872K, used 32K [0x00000007d5ab0000, 0x00000007d8540000, 0x0000000800000000)
  eden space 31808K, 0% used [0x00000007d5ab0000,0x00000007d5ab0000,0x00000007d79c0000)
  from space 64K, 50% used [0x00000007d79c0000,0x00000007d79c8000,0x00000007d79d0000)
  to   space 5888K, 0% used [0x00000007d7f80000,0x00000007d7f80000,0x00000007d8540000)
 ParOldGen       total 86720K, used 6806K [0x0000000781000000, 0x00000007864b0000, 0x00000007d5ab0000)
  object space 86720K, 7% used [0x0000000781000000,0x00000007816a5ae0,0x00000007864b0000)
 PSPermGen       total 23680K, used 14987K [0x000000077be00000, 0x000000077d520000, 0x0000000781000000)
  object space 23680K, 63% used [0x000000077be00000,0x000000077cca2cd0,0x000000077d520000)
Event: 41.703 GC heap after
Heap after GC invocations=25 (full 10):
 PSYoungGen      total 31872K, used 0K [0x00000007d5ab0000, 0x00000007d8540000, 0x0000000800000000)
  eden space 31808K, 0% used [0x00000007d5ab0000,0x00000007d5ab0000,0x00000007d79c0000)
  from space 64K, 0% used [0x00000007d79c0000,0x00000007d79c0000,0x00000007d79d0000)
  to   space 5888K, 0% used [0x00000007d7f80000,0x00000007d7f80000,0x00000007d8540000)
 ParOldGen       total 86720K, used 6806K [0x0000000781000000, 0x00000007864b0000, 0x00000007d5ab0000)
  object space 86720K, 7% used [0x0000000781000000,0x00000007816a5878,0x00000007864b0000)
 PSPermGen       total 22528K, used 14987K [0x000000077be00000, 0x000000077d400000, 0x0000000781000000)
  object space 22528K, 66% used [0x000000077be00000,0x000000077cca2cd0,0x000000077d400000)
}
Event: 42.626 GC heap before
{Heap before GC invocations=26 (full 10):
 PSYoungGen      total 31872K, used 1537K [0x00000007d5ab0000, 0x00000007d8540000, 0x0000000800000000)
  eden space 31808K, 4% used [0x00000007d5ab0000,0x00000007d5c30740,0x00000007d79c0000)
  from space 64K, 0% used [0x00000007d79c0000,0x00000007d79c0000,0x00000007d79d0000)
  to   space 5888K, 0% used [0x00000007d7f80000,0x00000007d7f80000,0x00000007d8540000)
 ParOldGen       total 86720K, used 6806K [0x0000000781000000, 0x00000007864b0000, 0x00000007d5ab0000)
  object space 86720K, 7% used [0x0000000781000000,0x00000007816a5878,0x00000007864b0000)
 PSPermGen       total 22528K, used 14991K [0x000000077be00000, 0x000000077d400000, 0x0000000781000000)
  object space 22528K, 66% used [0x000000077be00000,0x000000077cca3c80,0x000000077d400000)

