# JRE version: 7.0_11-b21
# Java VM: Java HotSpot(TM) 64-Bit Server VM (23.6-b04 mixed mode windows-amd64 compressed oops)
Heap
 PSYoungGen      total 25664K, used 383K [0x00000007d5ab0000, 0x00000007d7400000, 0x0000000800000000)
  eden space 25408K, 1% used [0x00000007d5ab0000,0x00000007d5b0ffa0,0x00000007d7380000)
  from space 256K, 0% used [0x00000007d7380000,0x00000007d7380000,0x00000007d73c0000)
  to   space 256K, 0% used [0x00000007d73c0000,0x00000007d73c0000,0x00000007d7400000)
 ParOldGen       total 86720K, used 10294K [0x0000000781000000, 0x00000007864b0000, 0x00000007d5ab0000)
  object space 86720K, 11% used [0x0000000781000000,0x0000000781a0db98,0x00000007864b0000)
 PSPermGen       total 21504K, used 18652K [0x000000077be00000, 0x000000077d300000, 0x0000000781000000)
  object space 21504K, 86% used [0x000000077be00000,0x000000077d037028,0x000000077d300000)
GC Heap History (10 events):
Event: 7833.218 GC heap before
{Heap before GC invocations=30835 (full 15410):
 PSYoungGen      total 25664K, used 32K [0x00000007d5ab0000, 0x00000007d7400000, 0x0000000800000000)
  eden space 25408K, 0% used [0x00000007d5ab0000,0x00000007d5ab0000,0x00000007d7380000)
  from space 256K, 12% used [0x00000007d7380000,0x00000007d7388000,0x00000007d73c0000)
  to   space 256K, 0% used [0x00000007d73c0000,0x00000007d73c0000,0x00000007d7400000)
 ParOldGen       total 86720K, used 10299K [0x0000000781000000, 0x00000007864b0000, 0x00000007d5ab0000)
  object space 86720K, 11% used [0x0000000781000000,0x0000000781a0ed00,0x00000007864b0000)
 PSPermGen       total 21504K, used 18652K [0x000000077be00000, 0x000000077d300000, 0x0000000781000000)
  object space 21504K, 86% used [0x000000077be00000,0x000000077d037028,0x000000077d300000)
Event: 7833.279 GC heap after
Heap after GC invocations=30835 (full 15410):
 PSYoungGen      total 25664K, used 0K [0x00000007d5ab0000, 0x00000007d7400000, 0x0000000800000000)
  eden space 25408K, 0% used [0x00000007d5ab0000,0x00000007d5ab0000,0x00000007d7380000)
  from space 256K, 0% used [0x00000007d7380000,0x00000007d7380000,0x00000007d73c0000)
  to   space 256K, 0% used [0x00000007d73c0000,0x00000007d73c0000,0x00000007d7400000)
 ParOldGen       total 86720K, used 10294K [0x0000000781000000, 0x00000007864b0000, 0x00000007d5ab0000)
  object space 86720K, 11% used [0x0000000781000000,0x0000000781a0da48,0x00000007864b0000)
 PSPermGen       total 21504K, used 18652K [0x000000077be00000, 0x000000077d300000, 0x0000000781000000)
  object space 21504K, 86% used [0x000000077be00000,0x000000077d037028,0x000000077d300000)
}
Event: 7834.326 GC heap before
{Heap before GC invocations=30836 (full 15410):
 PSYoungGen      total 25664K, used 1642K [0x00000007d5ab0000, 0x00000007d7400000, 0x0000000800000000)
  eden space 25408K, 6% used [0x00000007d5ab0000,0x00000007d5c4a8f0,0x00000007d7380000)
  from space 256K, 0% used [0x00000007d7380000,0x00000007d7380000,0x00000007d73c0000)
  to   space 256K, 0% used [0x00000007d73c0000,0x00000007d73c0000,0x00000007d7400000)
 ParOldGen       total 86720K, used 10294K [0x0000000781000000, 0x00000007864b0000, 0x00000007d5ab0000)
  object space 86720K, 11% used [0x0000000781000000,0x0000000781a0da48,0x00000007864b0000)
 PSPermGen       total 21504K, used 18652K [0x000000077be00000, 0x000000077d300000, 0x0000000781000000)
  object space 21504K, 86% used [0x000000077be00000,0x000000077d037028,0x000000077d300000)
Event: 7834.341 GC heap after
Heap after GC invocations=30836 (full 15410):
 PSYoungGen      total 25664K, used 96K [0x00000007d5ab0000, 0x00000007d7400000, 0x0000000800000000)
  eden space 25408K, 0% used [0x00000007d5ab0000,0x00000007d5ab0000,0x00000007d7380000)
  from space 256K, 37% used [0x00000007d73c0000,0x00000007d73d8000,0x00000007d7400000)
  to   space 256K, 0% used [0x00000007d7380000,0x00000007d7380000,0x00000007d73c0000)
 ParOldGen       total 86720K, used 10294K [0x0000000781000000, 0x00000007864b0000, 0x00000007d5ab0000)
  object space 86720K, 11% used [0x0000000781000000,0x0000000781a0da48,0x00000007864b0000)
 PSPermGen       total 21504K, used 18652K [0x000000077be00000, 0x000000077d300000, 0x0000000781000000)
  object space 21504K, 86% used [0x000000077be00000,0x000000077d037028,0x000000077d300000)
}
Event: 7834.341 GC heap before
{Heap before GC invocations=30837 (full 15411):
 PSYoungGen      total 25664K, used 96K [0x00000007d5ab0000, 0x00000007d7400000, 0x0000000800000000)
  eden space 25408K, 0% used [0x00000007d5ab0000,0x00000007d5ab0000,0x00000007d7380000)
  from space 256K, 37% used [0x00000007d73c0000,0x00000007d73d8000,0x00000007d7400000)
  to   space 256K, 0% used [0x00000007d7380000,0x00000007d7380000,0x00000007d73c0000)
 ParOldGen       total 86720K, used 10294K [0x0000000781000000, 0x00000007864b0000, 0x00000007d5ab0000)
  object space 86720K, 11% used [0x0000000781000000,0x0000000781a0da48,0x00000007864b0000)
 PSPermGen       total 21504K, used 18652K [0x000000077be00000, 0x000000077d300000, 0x0000000781000000)
  object space 21504K, 86% used [0x000000077be00000,0x000000077d037028,0x000000077d300000)
Event: 7834.379 GC heap after
Heap after GC invocations=30837 (full 15411):
 PSYoungGen      total 25664K, used 0K [0x00000007d5ab0000, 0x00000007d7400000, 0x0000000800000000)
  eden space 25408K, 0% used [0x00000007d5ab0000,0x00000007d5ab0000,0x00000007d7380000)
  from space 256K, 0% used [0x00000007d73c0000,0x00000007d73c0000,0x00000007d7400000)
  to   space 256K, 0% used [0x00000007d7380000,0x00000007d7380000,0x00000007d73c0000)
 ParOldGen       total 86720K, used 10299K [0x0000000781000000, 0x00000007864b0000, 0x00000007d5ab0000)
  object space 86720K, 11% used [0x0000000781000000,0x0000000781a0ed00,0x00000007864b0000)
 PSPermGen       total 21504K, used 18652K [0x000000077be00000, 0x000000077d300000, 0x0000000781000000)
  object space 21504K, 86% used [0x000000077be00000,0x000000077d037028,0x000000077d300000)
}
Event: 7834.379 GC heap before
{Heap before GC invocations=30838 (full 15411):
 PSYoungGen      total 25664K, used 502K [0x00000007d5ab0000, 0x00000007d7400000, 0x0000000800000000)
  eden space 25408K, 1% used [0x00000007d5ab0000,0x00000007d5b2d890,0x00000007d7380000)
  from space 256K, 0% used [0x00000007d73c0000,0x00000007d73c0000,0x00000007d7400000)
  to   space 256K, 0% used [0x00000007d7380000,0x00000007d7380000,0x00000007d73c0000)
 ParOldGen       total 86720K, used 10299K [0x0000000781000000, 0x00000007864b0000, 0x00000007d5ab0000)
  object space 86720K, 11% used [0x0000000781000000,0x0000000781a0ed00,0x00000007864b0000)
 PSPermGen       total 21504K, used 18652K [0x000000077be00000, 0x000000077d300000, 0x0000000781000000)
  object space 21504K, 86% used [0x000000077be00000,0x000000077d037028,0x000000077d300000)
Event: 7834.380 GC heap after
Heap after GC invocations=30838 (full 15411):
 PSYoungGen      total 25664K, used 32K [0x00000007d5ab0000, 0x00000007d7400000, 0x0000000800000000)
  eden space 25408K, 0% used [0x00000007d5ab0000,0x00000007d5ab0000,0x00000007d7380000)
  from space 256K, 12% used [0x00000007d7380000,0x00000007d7388000,0x00000007d73c0000)
  to   space 256K, 0% used [0x00000007d73c0000,0x00000007d73c0000,0x00000007d7400000)
 ParOldGen       total 86720K, used 10299K [0x0000000781000000, 0x00000007864b0000, 0x00000007d5ab0000)
  object space 86720K, 11% used [0x0000000781000000,0x0000000781a0ed00,0x00000007864b0000)
 PSPermGen       total 21504K, used 18652K [0x000000077be00000, 0x000000077d300000, 0x0000000781000000)
  object space 21504K, 86% used [0x000000077be00000,0x000000077d037028,0x000000077d300000)
}
Event: 7834.380 GC heap before
{Heap before GC invocations=30839 (full 15412):
 PSYoungGen      total 25664K, used 32K [0x00000007d5ab0000, 0x00000007d7400000, 0x0000000800000000)
  eden space 25408K, 0% used [0x00000007d5ab0000,0x00000007d5ab0000,0x00000007d7380000)
  from space 256K, 12% used [0x00000007d7380000,0x00000007d7388000,0x00000007d73c0000)
  to   space 256K, 0% used [0x00000007d73c0000,0x00000007d73c0000,0x00000007d7400000)
 ParOldGen       total 86720K, used 10299K [0x0000000781000000, 0x00000007864b0000, 0x00000007d5ab0000)
  object space 86720K, 11% used [0x0000000781000000,0x0000000781a0ed00,0x00000007864b0000)
 PSPermGen       total 21504K, used 18652K [0x000000077be00000, 0x000000077d300000, 0x0000000781000000)
  object space 21504K, 86% used [0x000000077be00000,0x000000077d037028,0x000000077d300000)
Event: 7834.416 GC heap after
Heap after GC invocations=30839 (full 15412):
 PSYoungGen      total 25664K, used 0K [0x00000007d5ab0000, 0x00000007d7400000, 0x0000000800000000)
  eden space 25408K, 0% used [0x00000007d5ab0000,0x00000007d5ab0000,0x00000007d7380000)
  from space 256K, 0% used [0x00000007d7380000,0x00000007d7380000,0x00000007d73c0000)
  to   space 256K, 0% used [0x00000007d73c0000,0x00000007d73c0000,0x00000007d7400000)
 ParOldGen       total 86720K, used 10294K [0x0000000781000000, 0x00000007864b0000, 0x00000007d5ab0000)
  object space 86720K, 11% used [0x0000000781000000,0x0000000781a0db98,0x00000007864b0000)
 PSPermGen       total 21504K, used 18652K [0x000000077be00000, 0x000000077d300000, 0x0000000781000000)
  object space 21504K, 86% used [0x000000077be00000,0x000000077d037028,0x000000077d300000)
}

