# JRE version: 7.0_11-b21
# Java VM: Java HotSpot(TM) 64-Bit Server VM (23.6-b04 mixed mode windows-amd64 compressed oops)
Heap
 PSYoungGen      total 37952K, used 96K [0x00000007d5ab0000, 0x00000007d8500000, 0x0000000800000000)
  eden space 32576K, 0% used [0x00000007d5ab0000,0x00000007d5ab0000,0x00000007d7a80000)
  from space 5376K, 1% used [0x00000007d7a80000,0x00000007d7a98000,0x00000007d7fc0000)
  to   space 5376K, 0% used [0x00000007d7fc0000,0x00000007d7fc0000,0x00000007d8500000)
 ParOldGen       total 86720K, used 20432K [0x0000000781000000, 0x00000007864b0000, 0x00000007d5ab0000)
  object space 86720K, 23% used [0x0000000781000000,0x00000007823f42a8,0x00000007864b0000)
 PSPermGen       total 21248K, used 20622K [0x000000077be00000, 0x000000077d2c0000, 0x0000000781000000)
  object space 21248K, 97% used [0x000000077be00000,0x000000077d223b90,0x000000077d2c0000)
GC Heap History (10 events):
Event: 1943.977 GC heap after
Heap after GC invocations=4843 (full 2420):
 PSYoungGen      total 37952K, used 96K [0x00000007d5ab0000, 0x00000007d8500000, 0x0000000800000000)
  eden space 32576K, 0% used [0x00000007d5ab0000,0x00000007d5ab0000,0x00000007d7a80000)
  from space 5376K, 1% used [0x00000007d7a80000,0x00000007d7a98000,0x00000007d7fc0000)
  to   space 5376K, 0% used [0x00000007d7fc0000,0x00000007d7fc0000,0x00000007d8500000)
 ParOldGen       total 86720K, used 20432K [0x0000000781000000, 0x00000007864b0000, 0x00000007d5ab0000)
  object space 86720K, 23% used [0x0000000781000000,0x00000007823f42a8,0x00000007864b0000)
 PSPermGen       total 21248K, used 20621K [0x000000077be00000, 0x000000077d2c0000, 0x0000000781000000)
  object space 21248K, 97% used [0x000000077be00000,0x000000077d223680,0x000000077d2c0000)
}
Event: 1943.977 GC heap before
{Heap before GC invocations=4844 (full 2421):
 PSYoungGen      total 37952K, used 96K [0x00000007d5ab0000, 0x00000007d8500000, 0x0000000800000000)
  eden space 32576K, 0% used [0x00000007d5ab0000,0x00000007d5ab0000,0x00000007d7a80000)
  from space 5376K, 1% used [0x00000007d7a80000,0x00000007d7a98000,0x00000007d7fc0000)
  to   space 5376K, 0% used [0x00000007d7fc0000,0x00000007d7fc0000,0x00000007d8500000)
 ParOldGen       total 86720K, used 20432K [0x0000000781000000, 0x00000007864b0000, 0x00000007d5ab0000)
  object space 86720K, 23% used [0x0000000781000000,0x00000007823f42a8,0x00000007864b0000)
 PSPermGen       total 21248K, used 20621K [0x000000077be00000, 0x000000077d2c0000, 0x0000000781000000)
  object space 21248K, 97% used [0x000000077be00000,0x000000077d223680,0x000000077d2c0000)
Event: 1944.100 GC heap after
Heap after GC invocations=4844 (full 2421):
 PSYoungGen      total 37952K, used 0K [0x00000007d5ab0000, 0x00000007d8500000, 0x0000000800000000)
  eden space 32576K, 0% used [0x00000007d5ab0000,0x00000007d5ab0000,0x00000007d7a80000)
  from space 5376K, 0% used [0x00000007d7a80000,0x00000007d7a80000,0x00000007d7fc0000)
  to   space 5376K, 0% used [0x00000007d7fc0000,0x00000007d7fc0000,0x00000007d8500000)
 ParOldGen       total 86720K, used 20446K [0x0000000781000000, 0x00000007864b0000, 0x00000007d5ab0000)
  object space 86720K, 23% used [0x0000000781000000,0x00000007823f7988,0x00000007864b0000)
 PSPermGen       total 21248K, used 20621K [0x000000077be00000, 0x000000077d2c0000, 0x0000000781000000)
  object space 21248K, 97% used [0x000000077be00000,0x000000077d223680,0x000000077d2c0000)
}
Event: 1944.101 GC heap before
{Heap before GC invocations=4845 (full 2421):
 PSYoungGen      total 37952K, used 450K [0x00000007d5ab0000, 0x00000007d8500000, 0x0000000800000000)
  eden space 32576K, 1% used [0x00000007d5ab0000,0x00000007d5b20978,0x00000007d7a80000)
  from space 5376K, 0% used [0x00000007d7a80000,0x00000007d7a80000,0x00000007d7fc0000)
  to   space 5376K, 0% used [0x00000007d7fc0000,0x00000007d7fc0000,0x00000007d8500000)
 ParOldGen       total 86720K, used 20446K [0x0000000781000000, 0x00000007864b0000, 0x00000007d5ab0000)
  object space 86720K, 23% used [0x0000000781000000,0x00000007823f7988,0x00000007864b0000)
 PSPermGen       total 21248K, used 20621K [0x000000077be00000, 0x000000077d2c0000, 0x0000000781000000)
  object space 21248K, 97% used [0x000000077be00000,0x000000077d223680,0x000000077d2c0000)
Event: 1944.104 GC heap after
Heap after GC invocations=4845 (full 2421):
 PSYoungGen      total 37952K, used 32K [0x00000007d5ab0000, 0x00000007d8500000, 0x0000000800000000)
  eden space 32576K, 0% used [0x00000007d5ab0000,0x00000007d5ab0000,0x00000007d7a80000)
  from space 5376K, 0% used [0x00000007d7fc0000,0x00000007d7fc8000,0x00000007d8500000)
  to   space 5376K, 0% used [0x00000007d7a80000,0x00000007d7a80000,0x00000007d7fc0000)
 ParOldGen       total 86720K, used 20446K [0x0000000781000000, 0x00000007864b0000, 0x00000007d5ab0000)
  object space 86720K, 23% used [0x0000000781000000,0x00000007823f7988,0x00000007864b0000)
 PSPermGen       total 21248K, used 20621K [0x000000077be00000, 0x000000077d2c0000, 0x0000000781000000)
  object space 21248K, 97% used [0x000000077be00000,0x000000077d223680,0x000000077d2c0000)
}
Event: 1944.104 GC heap before
{Heap before GC invocations=4846 (full 2422):
 PSYoungGen      total 37952K, used 32K [0x00000007d5ab0000, 0x00000007d8500000, 0x0000000800000000)
  eden space 32576K, 0% used [0x00000007d5ab0000,0x00000007d5ab0000,0x00000007d7a80000)
  from space 5376K, 0% used [0x00000007d7fc0000,0x00000007d7fc8000,0x00000007d8500000)
  to   space 5376K, 0% used [0x00000007d7a80000,0x00000007d7a80000,0x00000007d7fc0000)
 ParOldGen       total 86720K, used 20446K [0x0000000781000000, 0x00000007864b0000, 0x00000007d5ab0000)
  object space 86720K, 23% used [0x0000000781000000,0x00000007823f7988,0x00000007864b0000)
 PSPermGen       total 21248K, used 20621K [0x000000077be00000, 0x000000077d2c0000, 0x0000000781000000)
  object space 21248K, 97% used [0x000000077be00000,0x000000077d223680,0x000000077d2c0000)
Event: 1944.212 GC heap after
Heap after GC invocations=4846 (full 2422):
 PSYoungGen      total 37952K, used 0K [0x00000007d5ab0000, 0x00000007d8500000, 0x0000000800000000)
  eden space 32576K, 0% used [0x00000007d5ab0000,0x00000007d5ab0000,0x00000007d7a80000)
  from space 5376K, 0% used [0x00000007d7fc0000,0x00000007d7fc0000,0x00000007d8500000)
  to   space 5376K, 0% used [0x00000007d7a80000,0x00000007d7a80000,0x00000007d7fc0000)
 ParOldGen       total 86720K, used 20432K [0x0000000781000000, 0x00000007864b0000, 0x00000007d5ab0000)
  object space 86720K, 23% used [0x0000000781000000,0x00000007823f42a8,0x00000007864b0000)
 PSPermGen       total 21248K, used 20621K [0x000000077be00000, 0x000000077d2c0000, 0x0000000781000000)
  object space 21248K, 97% used [0x000000077be00000,0x000000077d223680,0x000000077d2c0000)
}
Event: 1945.494 GC heap before
{Heap before GC invocations=4847 (full 2422):
 PSYoungGen      total 37952K, used 1708K [0x00000007d5ab0000, 0x00000007d8500000, 0x0000000800000000)
  eden space 32576K, 5% used [0x00000007d5ab0000,0x00000007d5c5b260,0x00000007d7a80000)
  from space 5376K, 0% used [0x00000007d7fc0000,0x00000007d7fc0000,0x00000007d8500000)
  to   space 5376K, 0% used [0x00000007d7a80000,0x00000007d7a80000,0x00000007d7fc0000)
 ParOldGen       total 86720K, used 20432K [0x0000000781000000, 0x00000007864b0000, 0x00000007d5ab0000)
  object space 86720K, 23% used [0x0000000781000000,0x00000007823f42a8,0x00000007864b0000)
 PSPermGen       total 21248K, used 20622K [0x000000077be00000, 0x000000077d2c0000, 0x0000000781000000)
  object space 21248K, 97% used [0x000000077be00000,0x000000077d223b90,0x000000077d2c0000)
Event: 1945.497 GC heap after
Heap after GC invocations=4847 (full 2422):
 PSYoungGen      total 37952K, used 96K [0x00000007d5ab0000, 0x00000007d8500000, 0x0000000800000000)
  eden space 32576K, 0% used [0x00000007d5ab0000,0x00000007d5ab0000,0x00000007d7a80000)
  from space 5376K, 1% used [0x00000007d7a80000,0x00000007d7a98000,0x00000007d7fc0000)
  to   space 5376K, 0% used [0x00000007d7fc0000,0x00000007d7fc0000,0x00000007d8500000)
 ParOldGen       total 86720K, used 20432K [0x0000000781000000, 0x00000007864b0000, 0x00000007d5ab0000)
  object space 86720K, 23% used [0x0000000781000000,0x00000007823f42a8,0x00000007864b0000)
 PSPermGen       total 21248K, used 20622K [0x000000077be00000, 0x000000077d2c0000, 0x0000000781000000)
  object space 21248K, 97% used [0x000000077be00000,0x000000077d223b90,0x000000077d2c0000)
}
Event: 1945.497 GC heap before
{Heap before GC invocations=4848 (full 2423):
 PSYoungGen      total 37952K, used 96K [0x00000007d5ab0000, 0x00000007d8500000, 0x0000000800000000)
  eden space 32576K, 0% used [0x00000007d5ab0000,0x00000007d5ab0000,0x00000007d7a80000)
  from space 5376K, 1% used [0x00000007d7a80000,0x00000007d7a98000,0x00000007d7fc0000)
  to   space 5376K, 0% used [0x00000007d7fc0000,0x00000007d7fc0000,0x00000007d8500000)
 ParOldGen       total 86720K, used 20432K [0x0000000781000000, 0x00000007864b0000, 0x00000007d5ab0000)
  object space 86720K, 23% used [0x0000000781000000,0x00000007823f42a8,0x00000007864b0000)
 PSPermGen       total 21248K, used 20622K [0x000000077be00000, 0x000000077d2c0000, 0x0000000781000000)
  object space 21248K, 97% used [0x000000077be00000,0x000000077d223b90,0x000000077d2c0000)

