# JRE version: 7.0_11-b21
# Java VM: Java HotSpot(TM) 64-Bit Server VM (23.6-b04 mixed mode windows-amd64 compressed oops)
Heap
 PSYoungGen      total 25024K, used 1411K [0x00000007d5ab0000, 0x00000007d7360000, 0x0000000800000000)
  eden space 24896K, 5% used [0x00000007d5ab0000,0x00000007d5c10fd8,0x00000007d7300000)
  from space 128K, 0% used [0x00000007d7340000,0x00000007d7340000,0x00000007d7360000)
  to   space 192K, 33% used [0x00000007d7300000,0x00000007d7310000,0x00000007d7330000)
 ParOldGen       total 86720K, used 10799K [0x0000000781000000, 0x00000007864b0000, 0x00000007d5ab0000)
  object space 86720K, 12% used [0x0000000781000000,0x0000000781a8be08,0x00000007864b0000)
 PSPermGen       total 21248K, used 19393K [0x000000077be00000, 0x000000077d2c0000, 0x0000000781000000)
  object space 21248K, 91% used [0x000000077be00000,0x000000077d0f0638,0x000000077d2c0000)
GC Heap History (10 events):
Event: 198.177 GC heap after
Heap after GC invocations=192 (full 88):
 PSYoungGen      total 25088K, used 0K [0x00000007d5ab0000, 0x00000007d7360000, 0x0000000800000000)
  eden space 24896K, 0% used [0x00000007d5ab0000,0x00000007d5ab0000,0x00000007d7300000)
  from space 192K, 0% used [0x00000007d7330000,0x00000007d7330000,0x00000007d7360000)
  to   space 192K, 0% used [0x00000007d7300000,0x00000007d7300000,0x00000007d7330000)
 ParOldGen       total 86720K, used 10796K [0x0000000781000000, 0x00000007864b0000, 0x00000007d5ab0000)
  object space 86720K, 12% used [0x0000000781000000,0x0000000781a8b288,0x00000007864b0000)
 PSPermGen       total 21248K, used 19388K [0x000000077be00000, 0x000000077d2c0000, 0x0000000781000000)
  object space 21248K, 91% used [0x000000077be00000,0x000000077d0ef230,0x000000077d2c0000)
}
Event: 199.873 GC heap before
{Heap before GC invocations=193 (full 88):
 PSYoungGen      total 25088K, used 4872K [0x00000007d5ab0000, 0x00000007d7360000, 0x0000000800000000)
  eden space 24896K, 19% used [0x00000007d5ab0000,0x00000007d5f72020,0x00000007d7300000)
  from space 192K, 0% used [0x00000007d7330000,0x00000007d7330000,0x00000007d7360000)
  to   space 192K, 0% used [0x00000007d7300000,0x00000007d7300000,0x00000007d7330000)
 ParOldGen       total 86720K, used 10796K [0x0000000781000000, 0x00000007864b0000, 0x00000007d5ab0000)
  object space 86720K, 12% used [0x0000000781000000,0x0000000781a8b288,0x00000007864b0000)
 PSPermGen       total 21248K, used 19391K [0x000000077be00000, 0x000000077d2c0000, 0x0000000781000000)
  object space 21248K, 91% used [0x000000077be00000,0x000000077d0effe8,0x000000077d2c0000)
Event: 199.875 GC heap after
Heap after GC invocations=193 (full 88):
 PSYoungGen      total 25088K, used 160K [0x00000007d5ab0000, 0x00000007d7380000, 0x0000000800000000)
  eden space 24896K, 0% used [0x00000007d5ab0000,0x00000007d5ab0000,0x00000007d7300000)
  from space 192K, 83% used [0x00000007d7300000,0x00000007d7328000,0x00000007d7330000)
  to   space 256K, 0% used [0x00000007d7340000,0x00000007d7340000,0x00000007d7380000)
 ParOldGen       total 86720K, used 10796K [0x0000000781000000, 0x00000007864b0000, 0x00000007d5ab0000)
  object space 86720K, 12% used [0x0000000781000000,0x0000000781a8b288,0x00000007864b0000)
 PSPermGen       total 21248K, used 19391K [0x000000077be00000, 0x000000077d2c0000, 0x0000000781000000)
  object space 21248K, 91% used [0x000000077be00000,0x000000077d0effe8,0x000000077d2c0000)
}
Event: 199.875 GC heap before
{Heap before GC invocations=194 (full 89):
 PSYoungGen      total 25088K, used 160K [0x00000007d5ab0000, 0x00000007d7380000, 0x0000000800000000)
  eden space 24896K, 0% used [0x00000007d5ab0000,0x00000007d5ab0000,0x00000007d7300000)
  from space 192K, 83% used [0x00000007d7300000,0x00000007d7328000,0x00000007d7330000)
  to   space 256K, 0% used [0x00000007d7340000,0x00000007d7340000,0x00000007d7380000)
 ParOldGen       total 86720K, used 10796K [0x0000000781000000, 0x00000007864b0000, 0x00000007d5ab0000)
  object space 86720K, 12% used [0x0000000781000000,0x0000000781a8b288,0x00000007864b0000)
 PSPermGen       total 21248K, used 19391K [0x000000077be00000, 0x000000077d2c0000, 0x0000000781000000)
  object space 21248K, 91% used [0x000000077be00000,0x000000077d0effe8,0x000000077d2c0000)
Event: 199.952 GC heap after
Heap after GC invocations=194 (full 89):
 PSYoungGen      total 25088K, used 0K [0x00000007d5ab0000, 0x00000007d7380000, 0x0000000800000000)
  eden space 24896K, 0% used [0x00000007d5ab0000,0x00000007d5ab0000,0x00000007d7300000)
  from space 192K, 0% used [0x00000007d7300000,0x00000007d7300000,0x00000007d7330000)
  to   space 256K, 0% used [0x00000007d7340000,0x00000007d7340000,0x00000007d7380000)
 ParOldGen       total 86720K, used 10814K [0x0000000781000000, 0x00000007864b0000, 0x00000007d5ab0000)
  object space 86720K, 12% used [0x0000000781000000,0x0000000781a8f828,0x00000007864b0000)
 PSPermGen       total 21248K, used 19391K [0x000000077be00000, 0x000000077d2c0000, 0x0000000781000000)
  object space 21248K, 91% used [0x000000077be00000,0x000000077d0effe8,0x000000077d2c0000)
}
Event: 199.953 GC heap before
{Heap before GC invocations=195 (full 89):
 PSYoungGen      total 25088K, used 537K [0x00000007d5ab0000, 0x00000007d7380000, 0x0000000800000000)
  eden space 24896K, 2% used [0x00000007d5ab0000,0x00000007d5b367e0,0x00000007d7300000)
  from space 192K, 0% used [0x00000007d7300000,0x00000007d7300000,0x00000007d7330000)
  to   space 256K, 0% used [0x00000007d7340000,0x00000007d7340000,0x00000007d7380000)
 ParOldGen       total 86720K, used 10814K [0x0000000781000000, 0x00000007864b0000, 0x00000007d5ab0000)
  object space 86720K, 12% used [0x0000000781000000,0x0000000781a8f828,0x00000007864b0000)
 PSPermGen       total 21248K, used 19391K [0x000000077be00000, 0x000000077d2c0000, 0x0000000781000000)
  object space 21248K, 91% used [0x000000077be00000,0x000000077d0effe8,0x000000077d2c0000)
Event: 199.954 GC heap after
Heap after GC invocations=195 (full 89):
 PSYoungGen      total 25024K, used 32K [0x00000007d5ab0000, 0x00000007d7360000, 0x0000000800000000)
  eden space 24896K, 0% used [0x00000007d5ab0000,0x00000007d5ab0000,0x00000007d7300000)
  from space 128K, 25% used [0x00000007d7340000,0x00000007d7348000,0x00000007d7360000)
  to   space 192K, 0% used [0x00000007d7300000,0x00000007d7300000,0x00000007d7330000)
 ParOldGen       total 86720K, used 10814K [0x0000000781000000, 0x00000007864b0000, 0x00000007d5ab0000)
  object space 86720K, 12% used [0x0000000781000000,0x0000000781a8f828,0x00000007864b0000)
 PSPermGen       total 21248K, used 19391K [0x000000077be00000, 0x000000077d2c0000, 0x0000000781000000)
  object space 21248K, 91% used [0x000000077be00000,0x000000077d0effe8,0x000000077d2c0000)
}
Event: 199.955 GC heap before
{Heap before GC invocations=196 (full 90):
 PSYoungGen      total 25024K, used 32K [0x00000007d5ab0000, 0x00000007d7360000, 0x0000000800000000)
  eden space 24896K, 0% used [0x00000007d5ab0000,0x00000007d5ab0000,0x00000007d7300000)
  from space 128K, 25% used [0x00000007d7340000,0x00000007d7348000,0x00000007d7360000)
  to   space 192K, 0% used [0x00000007d7300000,0x00000007d7300000,0x00000007d7330000)
 ParOldGen       total 86720K, used 10814K [0x0000000781000000, 0x00000007864b0000, 0x00000007d5ab0000)
  object space 86720K, 12% used [0x0000000781000000,0x0000000781a8f828,0x00000007864b0000)
 PSPermGen       total 21248K, used 19391K [0x000000077be00000, 0x000000077d2c0000, 0x0000000781000000)
  object space 21248K, 91% used [0x000000077be00000,0x000000077d0effe8,0x000000077d2c0000)
Event: 200.034 GC heap after
Heap after GC invocations=196 (full 90):
 PSYoungGen      total 25024K, used 0K [0x00000007d5ab0000, 0x00000007d7360000, 0x0000000800000000)
  eden space 24896K, 0% used [0x00000007d5ab0000,0x00000007d5ab0000,0x00000007d7300000)
  from space 128K, 0% used [0x00000007d7340000,0x00000007d7340000,0x00000007d7360000)
  to   space 192K, 0% used [0x00000007d7300000,0x00000007d7300000,0x00000007d7330000)
 ParOldGen       total 86720K, used 10799K [0x0000000781000000, 0x00000007864b0000, 0x00000007d5ab0000)
  object space 86720K, 12% used [0x0000000781000000,0x0000000781a8be08,0x00000007864b0000)
 PSPermGen       total 21248K, used 19391K [0x000000077be00000, 0x000000077d2c0000, 0x0000000781000000)
  object space 21248K, 91% used [0x000000077be00000,0x000000077d0effe8,0x000000077d2c0000)
}
Event: 203.216 GC heap before
{Heap before GC invocations=197 (full 90):
 PSYoungGen      total 25024K, used 1411K [0x00000007d5ab0000, 0x00000007d7360000, 0x0000000800000000)
  eden space 24896K, 5% used [0x00000007d5ab0000,0x00000007d5c10fd8,0x00000007d7300000)
  from space 128K, 0% used [0x00000007d7340000,0x00000007d7340000,0x00000007d7360000)
  to   space 192K, 0% used [0x00000007d7300000,0x00000007d7300000,0x00000007d7330000)
 ParOldGen       total 86720K, used 10799K [0x0000000781000000, 0x00000007864b0000, 0x00000007d5ab0000)
  object space 86720K, 12% used [0x0000000781000000,0x0000000781a8be08,0x00000007864b0000)
 PSPermGen       total 21248K, used 19393K [0x000000077be00000, 0x000000077d2c0000, 0x0000000781000000)
  object space 21248K, 91% used [0x000000077be00000,0x000000077d0f0638,0x000000077d2c0000)

