# JRE version: 7.0_11-b21
# Java VM: Java HotSpot(TM) 64-Bit Server VM (23.6-b04 mixed mode windows-amd64 compressed oops)
Heap
 PSYoungGen      total 24576K, used 24384K [0x00000007d5ab0000, 0x00000007d72e0000, 0x0000000800000000)
  eden space 24384K, 100% used [0x00000007d5ab0000,0x00000007d7280000,0x00000007d7280000)
  from space 192K, 0% used [0x00000007d7280000,0x00000007d7280000,0x00000007d72b0000)
  to   space 192K, 66% used [0x00000007d72b0000,0x00000007d72d0000,0x00000007d72e0000)
 ParOldGen       total 86720K, used 20251K [0x0000000781000000, 0x00000007864b0000, 0x00000007d5ab0000)
  object space 86720K, 23% used [0x0000000781000000,0x00000007823c6da8,0x00000007864b0000)
 PSPermGen       total 21248K, used 20319K [0x000000077be00000, 0x000000077d2c0000, 0x0000000781000000)
  object space 21248K, 95% used [0x000000077be00000,0x000000077d1d7e98,0x000000077d2c0000)
GC Heap History (10 events):
Event: 647.794 GC heap after
Heap after GC invocations=1093 (full 538):
 PSYoungGen      total 24576K, used 0K [0x00000007d5ab0000, 0x00000007d72e0000, 0x0000000800000000)
  eden space 24384K, 0% used [0x00000007d5ab0000,0x00000007d5ab0000,0x00000007d7280000)
  from space 192K, 0% used [0x00000007d7280000,0x00000007d7280000,0x00000007d72b0000)
  to   space 192K, 0% used [0x00000007d72b0000,0x00000007d72b0000,0x00000007d72e0000)
 ParOldGen       total 86720K, used 20251K [0x0000000781000000, 0x00000007864b0000, 0x00000007d5ab0000)
  object space 86720K, 23% used [0x0000000781000000,0x00000007823c6dc8,0x00000007864b0000)
 PSPermGen       total 21248K, used 20294K [0x000000077be00000, 0x000000077d2c0000, 0x0000000781000000)
  object space 21248K, 95% used [0x000000077be00000,0x000000077d1d18b8,0x000000077d2c0000)
}
Event: 649.121 GC heap before
{Heap before GC invocations=1094 (full 538):
 PSYoungGen      total 24576K, used 1591K [0x00000007d5ab0000, 0x00000007d72e0000, 0x0000000800000000)
  eden space 24384K, 6% used [0x00000007d5ab0000,0x00000007d5c3df68,0x00000007d7280000)
  from space 192K, 0% used [0x00000007d7280000,0x00000007d7280000,0x00000007d72b0000)
  to   space 192K, 0% used [0x00000007d72b0000,0x00000007d72b0000,0x00000007d72e0000)
 ParOldGen       total 86720K, used 20251K [0x0000000781000000, 0x00000007864b0000, 0x00000007d5ab0000)
  object space 86720K, 23% used [0x0000000781000000,0x00000007823c6dc8,0x00000007864b0000)
 PSPermGen       total 21248K, used 20294K [0x000000077be00000, 0x000000077d2c0000, 0x0000000781000000)
  object space 21248K, 95% used [0x000000077be00000,0x000000077d1d18b8,0x000000077d2c0000)
Event: 649.123 GC heap after
Heap after GC invocations=1094 (full 538):
 PSYoungGen      total 24576K, used 96K [0x00000007d5ab0000, 0x00000007d72e0000, 0x0000000800000000)
  eden space 24384K, 0% used [0x00000007d5ab0000,0x00000007d5ab0000,0x00000007d7280000)
  from space 192K, 50% used [0x00000007d72b0000,0x00000007d72c8000,0x00000007d72e0000)
  to   space 192K, 0% used [0x00000007d7280000,0x00000007d7280000,0x00000007d72b0000)
 ParOldGen       total 86720K, used 20251K [0x0000000781000000, 0x00000007864b0000, 0x00000007d5ab0000)
  object space 86720K, 23% used [0x0000000781000000,0x00000007823c6dc8,0x00000007864b0000)
 PSPermGen       total 21248K, used 20294K [0x000000077be00000, 0x000000077d2c0000, 0x0000000781000000)
  object space 21248K, 95% used [0x000000077be00000,0x000000077d1d18b8,0x000000077d2c0000)
}
Event: 649.123 GC heap before
{Heap before GC invocations=1095 (full 539):
 PSYoungGen      total 24576K, used 96K [0x00000007d5ab0000, 0x00000007d72e0000, 0x0000000800000000)
  eden space 24384K, 0% used [0x00000007d5ab0000,0x00000007d5ab0000,0x00000007d7280000)
  from space 192K, 50% used [0x00000007d72b0000,0x00000007d72c8000,0x00000007d72e0000)
  to   space 192K, 0% used [0x00000007d7280000,0x00000007d7280000,0x00000007d72b0000)
 ParOldGen       total 86720K, used 20251K [0x0000000781000000, 0x00000007864b0000, 0x00000007d5ab0000)
  object space 86720K, 23% used [0x0000000781000000,0x00000007823c6dc8,0x00000007864b0000)
 PSPermGen       total 21248K, used 20294K [0x000000077be00000, 0x000000077d2c0000, 0x0000000781000000)
  object space 21248K, 95% used [0x000000077be00000,0x000000077d1d18b8,0x000000077d2c0000)
Event: 649.256 GC heap after
Heap after GC invocations=1095 (full 539):
 PSYoungGen      total 24576K, used 0K [0x00000007d5ab0000, 0x00000007d72e0000, 0x0000000800000000)
  eden space 24384K, 0% used [0x00000007d5ab0000,0x00000007d5ab0000,0x00000007d7280000)
  from space 192K, 0% used [0x00000007d72b0000,0x00000007d72b0000,0x00000007d72e0000)
  to   space 192K, 0% used [0x00000007d7280000,0x00000007d7280000,0x00000007d72b0000)
 ParOldGen       total 86720K, used 20263K [0x0000000781000000, 0x00000007864b0000, 0x00000007d5ab0000)
  object space 86720K, 23% used [0x0000000781000000,0x00000007823c9d88,0x00000007864b0000)
 PSPermGen       total 21248K, used 20294K [0x000000077be00000, 0x000000077d2c0000, 0x0000000781000000)
  object space 21248K, 95% used [0x000000077be00000,0x000000077d1d18b8,0x000000077d2c0000)
}
Event: 649.257 GC heap before
{Heap before GC invocations=1096 (full 539):
 PSYoungGen      total 24576K, used 387K [0x00000007d5ab0000, 0x00000007d72e0000, 0x0000000800000000)
  eden space 24384K, 1% used [0x00000007d5ab0000,0x00000007d5b10c80,0x00000007d7280000)
  from space 192K, 0% used [0x00000007d72b0000,0x00000007d72b0000,0x00000007d72e0000)
  to   space 192K, 0% used [0x00000007d7280000,0x00000007d7280000,0x00000007d72b0000)
 ParOldGen       total 86720K, used 20263K [0x0000000781000000, 0x00000007864b0000, 0x00000007d5ab0000)
  object space 86720K, 23% used [0x0000000781000000,0x00000007823c9d88,0x00000007864b0000)
 PSPermGen       total 21248K, used 20294K [0x000000077be00000, 0x000000077d2c0000, 0x0000000781000000)
  object space 21248K, 95% used [0x000000077be00000,0x000000077d1d1b28,0x000000077d2c0000)
Event: 649.260 GC heap after
Heap after GC invocations=1096 (full 539):
 PSYoungGen      total 24576K, used 32K [0x00000007d5ab0000, 0x00000007d72e0000, 0x0000000800000000)
  eden space 24384K, 0% used [0x00000007d5ab0000,0x00000007d5ab0000,0x00000007d7280000)
  from space 192K, 16% used [0x00000007d7280000,0x00000007d7288000,0x00000007d72b0000)
  to   space 192K, 0% used [0x00000007d72b0000,0x00000007d72b0000,0x00000007d72e0000)
 ParOldGen       total 86720K, used 20263K [0x0000000781000000, 0x00000007864b0000, 0x00000007d5ab0000)
  object space 86720K, 23% used [0x0000000781000000,0x00000007823c9d88,0x00000007864b0000)
 PSPermGen       total 21248K, used 20294K [0x000000077be00000, 0x000000077d2c0000, 0x0000000781000000)
  object space 21248K, 95% used [0x000000077be00000,0x000000077d1d1b28,0x000000077d2c0000)
}
Event: 649.260 GC heap before
{Heap before GC invocations=1097 (full 540):
 PSYoungGen      total 24576K, used 32K [0x00000007d5ab0000, 0x00000007d72e0000, 0x0000000800000000)
  eden space 24384K, 0% used [0x00000007d5ab0000,0x00000007d5ab0000,0x00000007d7280000)
  from space 192K, 16% used [0x00000007d7280000,0x00000007d7288000,0x00000007d72b0000)
  to   space 192K, 0% used [0x00000007d72b0000,0x00000007d72b0000,0x00000007d72e0000)
 ParOldGen       total 86720K, used 20263K [0x0000000781000000, 0x00000007864b0000, 0x00000007d5ab0000)
  object space 86720K, 23% used [0x0000000781000000,0x00000007823c9d88,0x00000007864b0000)
 PSPermGen       total 21248K, used 20294K [0x000000077be00000, 0x000000077d2c0000, 0x0000000781000000)
  object space 21248K, 95% used [0x000000077be00000,0x000000077d1d1b28,0x000000077d2c0000)
Event: 649.382 GC heap after
Heap after GC invocations=1097 (full 540):
 PSYoungGen      total 24576K, used 0K [0x00000007d5ab0000, 0x00000007d72e0000, 0x0000000800000000)
  eden space 24384K, 0% used [0x00000007d5ab0000,0x00000007d5ab0000,0x00000007d7280000)
  from space 192K, 0% used [0x00000007d7280000,0x00000007d7280000,0x00000007d72b0000)
  to   space 192K, 0% used [0x00000007d72b0000,0x00000007d72b0000,0x00000007d72e0000)
 ParOldGen       total 86720K, used 20251K [0x0000000781000000, 0x00000007864b0000, 0x00000007d5ab0000)
  object space 86720K, 23% used [0x0000000781000000,0x00000007823c6da8,0x00000007864b0000)
 PSPermGen       total 21248K, used 20294K [0x000000077be00000, 0x000000077d2c0000, 0x0000000781000000)
  object space 21248K, 95% used [0x000000077be00000,0x000000077d1d1b28,0x000000077d2c0000)
}
Event: 1645.788 GC heap before
{Heap before GC invocations=1098 (full 540):
 PSYoungGen      total 24576K, used 24384K [0x00000007d5ab0000, 0x00000007d72e0000, 0x0000000800000000)
  eden space 24384K, 100% used [0x00000007d5ab0000,0x00000007d7280000,0x00000007d7280000)
  from space 192K, 0% used [0x00000007d7280000,0x00000007d7280000,0x00000007d72b0000)
  to   space 192K, 0% used [0x00000007d72b0000,0x00000007d72b0000,0x00000007d72e0000)
 ParOldGen       total 86720K, used 20251K [0x0000000781000000, 0x00000007864b0000, 0x00000007d5ab0000)
  object space 86720K, 23% used [0x0000000781000000,0x00000007823c6da8,0x00000007864b0000)
 PSPermGen       total 21248K, used 20319K [0x000000077be00000, 0x000000077d2c0000, 0x0000000781000000)
  object space 21248K, 95% used [0x000000077be00000,0x000000077d1d7e98,0x000000077d2c0000)

