# JRE version: 7.0_11-b21
# Java VM: Java HotSpot(TM) 64-Bit Server VM (23.6-b04 mixed mode windows-amd64 compressed oops)
Heap
 PSYoungGen      total 25152K, used 871K [0x00000007d5ab0000, 0x00000007d7380000, 0x0000000800000000)
  eden space 24896K, 3% used [0x00000007d5ab0000,0x00000007d5b89da0,0x00000007d7300000)
  from space 256K, 0% used [0x00000007d7340000,0x00000007d7340000,0x00000007d7380000)
  to   space 256K, 0% used [0x00000007d7300000,0x00000007d7300000,0x00000007d7340000)
 ParOldGen       total 86720K, used 11015K [0x0000000781000000, 0x00000007864b0000, 0x00000007d5ab0000)
  object space 86720K, 12% used [0x0000000781000000,0x0000000781ac1e48,0x00000007864b0000)
 PSPermGen       total 21504K, used 18556K [0x000000077be00000, 0x000000077d300000, 0x0000000781000000)
  object space 21504K, 86% used [0x000000077be00000,0x000000077d01f200,0x000000077d300000)
GC Heap History (10 events):
Event: 363.304 GC heap before
{Heap before GC invocations=196 (full 90):
 PSYoungGen      total 25152K, used 32K [0x00000007d5ab0000, 0x00000007d7380000, 0x0000000800000000)
  eden space 24896K, 0% used [0x00000007d5ab0000,0x00000007d5ab0000,0x00000007d7300000)
  from space 256K, 12% used [0x00000007d7340000,0x00000007d7348000,0x00000007d7380000)
  to   space 256K, 0% used [0x00000007d7300000,0x00000007d7300000,0x00000007d7340000)
 ParOldGen       total 86720K, used 11011K [0x0000000781000000, 0x00000007864b0000, 0x00000007d5ab0000)
  object space 86720K, 12% used [0x0000000781000000,0x0000000781ac0c58,0x00000007864b0000)
 PSPermGen       total 21504K, used 18555K [0x000000077be00000, 0x000000077d300000, 0x0000000781000000)
  object space 21504K, 86% used [0x000000077be00000,0x000000077d01ee60,0x000000077d300000)
Event: 363.413 GC heap after
Heap after GC invocations=196 (full 90):
 PSYoungGen      total 25152K, used 0K [0x00000007d5ab0000, 0x00000007d7380000, 0x0000000800000000)
  eden space 24896K, 0% used [0x00000007d5ab0000,0x00000007d5ab0000,0x00000007d7300000)
  from space 256K, 0% used [0x00000007d7340000,0x00000007d7340000,0x00000007d7380000)
  to   space 256K, 0% used [0x00000007d7300000,0x00000007d7300000,0x00000007d7340000)
 ParOldGen       total 86720K, used 11010K [0x0000000781000000, 0x00000007864b0000, 0x00000007d5ab0000)
  object space 86720K, 12% used [0x0000000781000000,0x0000000781ac0960,0x00000007864b0000)
 PSPermGen       total 21504K, used 18555K [0x000000077be00000, 0x000000077d300000, 0x0000000781000000)
  object space 21504K, 86% used [0x000000077be00000,0x000000077d01ee60,0x000000077d300000)
}
Event: 364.427 GC heap before
{Heap before GC invocations=197 (full 90):
 PSYoungGen      total 25152K, used 2927K [0x00000007d5ab0000, 0x00000007d7380000, 0x0000000800000000)
  eden space 24896K, 11% used [0x00000007d5ab0000,0x00000007d5d8be50,0x00000007d7300000)
  from space 256K, 0% used [0x00000007d7340000,0x00000007d7340000,0x00000007d7380000)
  to   space 256K, 0% used [0x00000007d7300000,0x00000007d7300000,0x00000007d7340000)
 ParOldGen       total 86720K, used 11010K [0x0000000781000000, 0x00000007864b0000, 0x00000007d5ab0000)
  object space 86720K, 12% used [0x0000000781000000,0x0000000781ac0960,0x00000007864b0000)
 PSPermGen       total 21504K, used 18556K [0x000000077be00000, 0x000000077d300000, 0x0000000781000000)
  object space 21504K, 86% used [0x000000077be00000,0x000000077d01f200,0x000000077d300000)
Event: 364.429 GC heap after
Heap after GC invocations=197 (full 90):
 PSYoungGen      total 25152K, used 96K [0x00000007d5ab0000, 0x00000007d7380000, 0x0000000800000000)
  eden space 24896K, 0% used [0x00000007d5ab0000,0x00000007d5ab0000,0x00000007d7300000)
  from space 256K, 37% used [0x00000007d7300000,0x00000007d7318000,0x00000007d7340000)
  to   space 256K, 0% used [0x00000007d7340000,0x00000007d7340000,0x00000007d7380000)
 ParOldGen       total 86720K, used 11010K [0x0000000781000000, 0x00000007864b0000, 0x00000007d5ab0000)
  object space 86720K, 12% used [0x0000000781000000,0x0000000781ac0960,0x00000007864b0000)
 PSPermGen       total 21504K, used 18556K [0x000000077be00000, 0x000000077d300000, 0x0000000781000000)
  object space 21504K, 86% used [0x000000077be00000,0x000000077d01f200,0x000000077d300000)
}
Event: 364.429 GC heap before
{Heap before GC invocations=198 (full 91):
 PSYoungGen      total 25152K, used 96K [0x00000007d5ab0000, 0x00000007d7380000, 0x0000000800000000)
  eden space 24896K, 0% used [0x00000007d5ab0000,0x00000007d5ab0000,0x00000007d7300000)
  from space 256K, 37% used [0x00000007d7300000,0x00000007d7318000,0x00000007d7340000)
  to   space 256K, 0% used [0x00000007d7340000,0x00000007d7340000,0x00000007d7380000)
 ParOldGen       total 86720K, used 11010K [0x0000000781000000, 0x00000007864b0000, 0x00000007d5ab0000)
  object space 86720K, 12% used [0x0000000781000000,0x0000000781ac0960,0x00000007864b0000)
 PSPermGen       total 21504K, used 18556K [0x000000077be00000, 0x000000077d300000, 0x0000000781000000)
  object space 21504K, 86% used [0x000000077be00000,0x000000077d01f200,0x000000077d300000)
Event: 364.506 GC heap after
Heap after GC invocations=198 (full 91):
 PSYoungGen      total 25152K, used 0K [0x00000007d5ab0000, 0x00000007d7380000, 0x0000000800000000)
  eden space 24896K, 0% used [0x00000007d5ab0000,0x00000007d5ab0000,0x00000007d7300000)
  from space 256K, 0% used [0x00000007d7300000,0x00000007d7300000,0x00000007d7340000)
  to   space 256K, 0% used [0x00000007d7340000,0x00000007d7340000,0x00000007d7380000)
 ParOldGen       total 86720K, used 11016K [0x0000000781000000, 0x00000007864b0000, 0x00000007d5ab0000)
  object space 86720K, 12% used [0x0000000781000000,0x0000000781ac2208,0x00000007864b0000)
 PSPermGen       total 21504K, used 18556K [0x000000077be00000, 0x000000077d300000, 0x0000000781000000)
  object space 21504K, 86% used [0x000000077be00000,0x000000077d01f200,0x000000077d300000)
}
Event: 364.506 GC heap before
{Heap before GC invocations=199 (full 91):
 PSYoungGen      total 25152K, used 567K [0x00000007d5ab0000, 0x00000007d7380000, 0x0000000800000000)
  eden space 24896K, 2% used [0x00000007d5ab0000,0x00000007d5b3ddd0,0x00000007d7300000)
  from space 256K, 0% used [0x00000007d7300000,0x00000007d7300000,0x00000007d7340000)
  to   space 256K, 0% used [0x00000007d7340000,0x00000007d7340000,0x00000007d7380000)
 ParOldGen       total 86720K, used 11016K [0x0000000781000000, 0x00000007864b0000, 0x00000007d5ab0000)
  object space 86720K, 12% used [0x0000000781000000,0x0000000781ac2208,0x00000007864b0000)
 PSPermGen       total 21504K, used 18556K [0x000000077be00000, 0x000000077d300000, 0x0000000781000000)
  object space 21504K, 86% used [0x000000077be00000,0x000000077d01f200,0x000000077d300000)
Event: 364.508 GC heap after
Heap after GC invocations=199 (full 91):
 PSYoungGen      total 25152K, used 32K [0x00000007d5ab0000, 0x00000007d7380000, 0x0000000800000000)
  eden space 24896K, 0% used [0x00000007d5ab0000,0x00000007d5ab0000,0x00000007d7300000)
  from space 256K, 12% used [0x00000007d7340000,0x00000007d7348000,0x00000007d7380000)
  to   space 256K, 0% used [0x00000007d7300000,0x00000007d7300000,0x00000007d7340000)
 ParOldGen       total 86720K, used 11016K [0x0000000781000000, 0x00000007864b0000, 0x00000007d5ab0000)
  object space 86720K, 12% used [0x0000000781000000,0x0000000781ac2208,0x00000007864b0000)
 PSPermGen       total 21504K, used 18556K [0x000000077be00000, 0x000000077d300000, 0x0000000781000000)
  object space 21504K, 86% used [0x000000077be00000,0x000000077d01f200,0x000000077d300000)
}
Event: 364.508 GC heap before
{Heap before GC invocations=200 (full 92):
 PSYoungGen      total 25152K, used 32K [0x00000007d5ab0000, 0x00000007d7380000, 0x0000000800000000)
  eden space 24896K, 0% used [0x00000007d5ab0000,0x00000007d5ab0000,0x00000007d7300000)
  from space 256K, 12% used [0x00000007d7340000,0x00000007d7348000,0x00000007d7380000)
  to   space 256K, 0% used [0x00000007d7300000,0x00000007d7300000,0x00000007d7340000)
 ParOldGen       total 86720K, used 11016K [0x0000000781000000, 0x00000007864b0000, 0x00000007d5ab0000)
  object space 86720K, 12% used [0x0000000781000000,0x0000000781ac2208,0x00000007864b0000)
 PSPermGen       total 21504K, used 18556K [0x000000077be00000, 0x000000077d300000, 0x0000000781000000)
  object space 21504K, 86% used [0x000000077be00000,0x000000077d01f200,0x000000077d300000)
Event: 364.593 GC heap after
Heap after GC invocations=200 (full 92):
 PSYoungGen      total 25152K, used 0K [0x00000007d5ab0000, 0x00000007d7380000, 0x0000000800000000)
  eden space 24896K, 0% used [0x00000007d5ab0000,0x00000007d5ab0000,0x00000007d7300000)
  from space 256K, 0% used [0x00000007d7340000,0x00000007d7340000,0x00000007d7380000)
  to   space 256K, 0% used [0x00000007d7300000,0x00000007d7300000,0x00000007d7340000)
 ParOldGen       total 86720K, used 11015K [0x0000000781000000, 0x00000007864b0000, 0x00000007d5ab0000)
  object space 86720K, 12% used [0x0000000781000000,0x0000000781ac1e48,0x00000007864b0000)
 PSPermGen       total 21504K, used 18556K [0x000000077be00000, 0x000000077d300000, 0x0000000781000000)
  object space 21504K, 86% used [0x000000077be00000,0x000000077d01f200,0x000000077d300000)
}

