# JRE version: 7.0_11-b21
# Java VM: Java HotSpot(TM) 64-Bit Server VM (23.6-b04 mixed mode windows-amd64 compressed oops)
Heap
 PSYoungGen      total 37952K, used 32K [0x00000007d5ab0000, 0x00000007d8500000, 0x0000000800000000)
  eden space 32576K, 0% used [0x00000007d5ab0000,0x00000007d5ab0000,0x00000007d7a80000)
  from space 5376K, 0% used [0x00000007d7a80000,0x00000007d7a88000,0x00000007d7fc0000)
  to   space 5376K, 0% used [0x00000007d7fc0000,0x00000007d7fc0000,0x00000007d8500000)
 ParOldGen       total 86720K, used 12636K [0x0000000781000000, 0x00000007864b0000, 0x00000007d5ab0000)
  object space 86720K, 14% used [0x0000000781000000,0x0000000781c572b0,0x00000007864b0000)
 PSPermGen       total 30016K, used 18887K [0x000000077be00000, 0x000000077db50000, 0x0000000781000000)
  object space 30016K, 62% used [0x000000077be00000,0x000000077d071eb8,0x000000077db50000)
GC Heap History (10 events):
Event: 3242.458 GC heap after
Heap after GC invocations=18 (full 7):
 PSYoungGen      total 37952K, used 32K [0x00000007d5ab0000, 0x00000007d8500000, 0x0000000800000000)
  eden space 32576K, 0% used [0x00000007d5ab0000,0x00000007d5ab0000,0x00000007d7a80000)
  from space 5376K, 0% used [0x00000007d7a80000,0x00000007d7a88000,0x00000007d7fc0000)
  to   space 5376K, 0% used [0x00000007d7fc0000,0x00000007d7fc0000,0x00000007d8500000)
 ParOldGen       total 86720K, used 12590K [0x0000000781000000, 0x00000007864b0000, 0x00000007d5ab0000)
  object space 86720K, 14% used [0x0000000781000000,0x0000000781c4ba50,0x00000007864b0000)
 PSPermGen       total 32832K, used 18689K [0x000000077be00000, 0x000000077de10000, 0x0000000781000000)
  object space 32832K, 56% used [0x000000077be00000,0x000000077d0404c8,0x000000077de10000)
}
Event: 3242.458 GC heap before
{Heap before GC invocations=19 (full 8):
 PSYoungGen      total 37952K, used 32K [0x00000007d5ab0000, 0x00000007d8500000, 0x0000000800000000)
  eden space 32576K, 0% used [0x00000007d5ab0000,0x00000007d5ab0000,0x00000007d7a80000)
  from space 5376K, 0% used [0x00000007d7a80000,0x00000007d7a88000,0x00000007d7fc0000)
  to   space 5376K, 0% used [0x00000007d7fc0000,0x00000007d7fc0000,0x00000007d8500000)
 ParOldGen       total 86720K, used 12590K [0x0000000781000000, 0x00000007864b0000, 0x00000007d5ab0000)
  object space 86720K, 14% used [0x0000000781000000,0x0000000781c4ba50,0x00000007864b0000)
 PSPermGen       total 32832K, used 18689K [0x000000077be00000, 0x000000077de10000, 0x0000000781000000)
  object space 32832K, 56% used [0x000000077be00000,0x000000077d0404c8,0x000000077de10000)
Event: 3242.534 GC heap after
Heap after GC invocations=19 (full 8):
 PSYoungGen      total 37952K, used 0K [0x00000007d5ab0000, 0x00000007d8500000, 0x0000000800000000)
  eden space 32576K, 0% used [0x00000007d5ab0000,0x00000007d5ab0000,0x00000007d7a80000)
  from space 5376K, 0% used [0x00000007d7a80000,0x00000007d7a80000,0x00000007d7fc0000)
  to   space 5376K, 0% used [0x00000007d7fc0000,0x00000007d7fc0000,0x00000007d8500000)
 ParOldGen       total 86720K, used 12590K [0x0000000781000000, 0x00000007864b0000, 0x00000007d5ab0000)
  object space 86720K, 14% used [0x0000000781000000,0x0000000781c4ba70,0x00000007864b0000)
 PSPermGen       total 31680K, used 18689K [0x000000077be00000, 0x000000077dcf0000, 0x0000000781000000)
  object space 31680K, 58% used [0x000000077be00000,0x000000077d0404c8,0x000000077dcf0000)
}
Event: 3290.838 GC heap before
{Heap before GC invocations=20 (full 8):
 PSYoungGen      total 37952K, used 2471K [0x00000007d5ab0000, 0x00000007d8500000, 0x0000000800000000)
  eden space 32576K, 7% used [0x00000007d5ab0000,0x00000007d5d19e70,0x00000007d7a80000)
  from space 5376K, 0% used [0x00000007d7a80000,0x00000007d7a80000,0x00000007d7fc0000)
  to   space 5376K, 0% used [0x00000007d7fc0000,0x00000007d7fc0000,0x00000007d8500000)
 ParOldGen       total 86720K, used 12590K [0x0000000781000000, 0x00000007864b0000, 0x00000007d5ab0000)
  object space 86720K, 14% used [0x0000000781000000,0x0000000781c4ba70,0x00000007864b0000)
 PSPermGen       total 31680K, used 18887K [0x000000077be00000, 0x000000077dcf0000, 0x0000000781000000)
  object space 31680K, 59% used [0x000000077be00000,0x000000077d071ee8,0x000000077dcf0000)
Event: 3290.873 GC heap after
Heap after GC invocations=20 (full 8):
 PSYoungGen      total 37952K, used 128K [0x00000007d5ab0000, 0x00000007d8500000, 0x0000000800000000)
  eden space 32576K, 0% used [0x00000007d5ab0000,0x00000007d5ab0000,0x00000007d7a80000)
  from space 5376K, 2% used [0x00000007d7fc0000,0x00000007d7fe0000,0x00000007d8500000)
  to   space 5376K, 0% used [0x00000007d7a80000,0x00000007d7a80000,0x00000007d7fc0000)
 ParOldGen       total 86720K, used 12590K [0x0000000781000000, 0x00000007864b0000, 0x00000007d5ab0000)
  object space 86720K, 14% used [0x0000000781000000,0x0000000781c4ba70,0x00000007864b0000)
 PSPermGen       total 31680K, used 18887K [0x000000077be00000, 0x000000077dcf0000, 0x0000000781000000)
  object space 31680K, 59% used [0x000000077be00000,0x000000077d071ee8,0x000000077dcf0000)
}
Event: 3290.874 GC heap before
{Heap before GC invocations=21 (full 9):
 PSYoungGen      total 37952K, used 128K [0x00000007d5ab0000, 0x00000007d8500000, 0x0000000800000000)
  eden space 32576K, 0% used [0x00000007d5ab0000,0x00000007d5ab0000,0x00000007d7a80000)
  from space 5376K, 2% used [0x00000007d7fc0000,0x00000007d7fe0000,0x00000007d8500000)
  to   space 5376K, 0% used [0x00000007d7a80000,0x00000007d7a80000,0x00000007d7fc0000)
 ParOldGen       total 86720K, used 12590K [0x0000000781000000, 0x00000007864b0000, 0x00000007d5ab0000)
  object space 86720K, 14% used [0x0000000781000000,0x0000000781c4ba70,0x00000007864b0000)
 PSPermGen       total 31680K, used 18887K [0x000000077be00000, 0x000000077dcf0000, 0x0000000781000000)
  object space 31680K, 59% used [0x000000077be00000,0x000000077d071ee8,0x000000077dcf0000)
Event: 3291.092 GC heap after
Heap after GC invocations=21 (full 9):
 PSYoungGen      total 37952K, used 0K [0x00000007d5ab0000, 0x00000007d8500000, 0x0000000800000000)
  eden space 32576K, 0% used [0x00000007d5ab0000,0x00000007d5ab0000,0x00000007d7a80000)
  from space 5376K, 0% used [0x00000007d7fc0000,0x00000007d7fc0000,0x00000007d8500000)
  to   space 5376K, 0% used [0x00000007d7a80000,0x00000007d7a80000,0x00000007d7fc0000)
 ParOldGen       total 86720K, used 12636K [0x0000000781000000, 0x00000007864b0000, 0x00000007d5ab0000)
  object space 86720K, 14% used [0x0000000781000000,0x0000000781c572b0,0x00000007864b0000)
 PSPermGen       total 30016K, used 18887K [0x000000077be00000, 0x000000077db50000, 0x0000000781000000)
  object space 30016K, 62% used [0x000000077be00000,0x000000077d071eb8,0x000000077db50000)
}
Event: 3291.093 GC heap before
{Heap before GC invocations=22 (full 9):
 PSYoungGen      total 37952K, used 325K [0x00000007d5ab0000, 0x00000007d8500000, 0x0000000800000000)
  eden space 32576K, 1% used [0x00000007d5ab0000,0x00000007d5b017b8,0x00000007d7a80000)
  from space 5376K, 0% used [0x00000007d7fc0000,0x00000007d7fc0000,0x00000007d8500000)
  to   space 5376K, 0% used [0x00000007d7a80000,0x00000007d7a80000,0x00000007d7fc0000)
 ParOldGen       total 86720K, used 12636K [0x0000000781000000, 0x00000007864b0000, 0x00000007d5ab0000)
  object space 86720K, 14% used [0x0000000781000000,0x0000000781c572b0,0x00000007864b0000)
 PSPermGen       total 30016K, used 18887K [0x000000077be00000, 0x000000077db50000, 0x0000000781000000)
  object space 30016K, 62% used [0x000000077be00000,0x000000077d071eb8,0x000000077db50000)
Event: 3291.095 GC heap after
Heap after GC invocations=22 (full 9):
 PSYoungGen      total 37952K, used 32K [0x00000007d5ab0000, 0x00000007d8500000, 0x0000000800000000)
  eden space 32576K, 0% used [0x00000007d5ab0000,0x00000007d5ab0000,0x00000007d7a80000)
  from space 5376K, 0% used [0x00000007d7a80000,0x00000007d7a88000,0x00000007d7fc0000)
  to   space 5376K, 0% used [0x00000007d7fc0000,0x00000007d7fc0000,0x00000007d8500000)
 ParOldGen       total 86720K, used 12636K [0x0000000781000000, 0x00000007864b0000, 0x00000007d5ab0000)
  object space 86720K, 14% used [0x0000000781000000,0x0000000781c572b0,0x00000007864b0000)
 PSPermGen       total 30016K, used 18887K [0x000000077be00000, 0x000000077db50000, 0x0000000781000000)
  object space 30016K, 62% used [0x000000077be00000,0x000000077d071eb8,0x000000077db50000)
}
Event: 3291.095 GC heap before
{Heap before GC invocations=23 (full 10):
 PSYoungGen      total 37952K, used 32K [0x00000007d5ab0000, 0x00000007d8500000, 0x0000000800000000)
  eden space 32576K, 0% used [0x00000007d5ab0000,0x00000007d5ab0000,0x00000007d7a80000)
  from space 5376K, 0% used [0x00000007d7a80000,0x00000007d7a88000,0x00000007d7fc0000)
  to   space 5376K, 0% used [0x00000007d7fc0000,0x00000007d7fc0000,0x00000007d8500000)
 ParOldGen       total 86720K, used 12636K [0x0000000781000000, 0x00000007864b0000, 0x00000007d5ab0000)
  object space 86720K, 14% used [0x0000000781000000,0x0000000781c572b0,0x00000007864b0000)
 PSPermGen       total 30016K, used 18887K [0x000000077be00000, 0x000000077db50000, 0x0000000781000000)
  object space 30016K, 62% used [0x000000077be00000,0x000000077d071eb8,0x000000077db50000)

