# JRE version: 7.0_11-b21
# Java VM: Java HotSpot(TM) 64-Bit Server VM (23.6-b04 mixed mode windows-amd64 compressed oops)
Heap
 PSYoungGen      total 25088K, used 751K [0x00000007d5ab0000, 0x00000007d7360000, 0x0000000800000000)
  eden space 24896K, 3% used [0x00000007d5ab0000,0x00000007d5b6bd48,0x00000007d7300000)
  from space 192K, 0% used [0x00000007d7330000,0x00000007d7330000,0x00000007d7360000)
  to   space 192K, 0% used [0x00000007d7300000,0x00000007d7300000,0x00000007d7330000)
 ParOldGen       total 86720K, used 15426K [0x0000000781000000, 0x00000007864b0000, 0x00000007d5ab0000)
  object space 86720K, 17% used [0x0000000781000000,0x0000000781f10b10,0x00000007864b0000)
 PSPermGen       total 21504K, used 19643K [0x000000077be00000, 0x000000077d300000, 0x0000000781000000)
  object space 21504K, 91% used [0x000000077be00000,0x000000077d12ef78,0x000000077d300000)
GC Heap History (10 events):
Event: 3319.663 GC heap before
{Heap before GC invocations=11172 (full 5578):
 PSYoungGen      total 25088K, used 32K [0x00000007d5ab0000, 0x00000007d7360000, 0x0000000800000000)
  eden space 24896K, 0% used [0x00000007d5ab0000,0x00000007d5ab0000,0x00000007d7300000)
  from space 192K, 16% used [0x00000007d7330000,0x00000007d7338000,0x00000007d7360000)
  to   space 192K, 0% used [0x00000007d7300000,0x00000007d7300000,0x00000007d7330000)
 ParOldGen       total 86720K, used 15444K [0x0000000781000000, 0x00000007864b0000, 0x00000007d5ab0000)
  object space 86720K, 17% used [0x0000000781000000,0x0000000781f15390,0x00000007864b0000)
 PSPermGen       total 21504K, used 19643K [0x000000077be00000, 0x000000077d300000, 0x0000000781000000)
  object space 21504K, 91% used [0x000000077be00000,0x000000077d12ef78,0x000000077d300000)
Event: 3319.728 GC heap after
Heap after GC invocations=11172 (full 5578):
 PSYoungGen      total 25088K, used 0K [0x00000007d5ab0000, 0x00000007d7360000, 0x0000000800000000)
  eden space 24896K, 0% used [0x00000007d5ab0000,0x00000007d5ab0000,0x00000007d7300000)
  from space 192K, 0% used [0x00000007d7330000,0x00000007d7330000,0x00000007d7360000)
  to   space 192K, 0% used [0x00000007d7300000,0x00000007d7300000,0x00000007d7330000)
 ParOldGen       total 86720K, used 15445K [0x0000000781000000, 0x00000007864b0000, 0x00000007d5ab0000)
  object space 86720K, 17% used [0x0000000781000000,0x0000000781f155d0,0x00000007864b0000)
 PSPermGen       total 21504K, used 19643K [0x000000077be00000, 0x000000077d300000, 0x0000000781000000)
  object space 21504K, 91% used [0x000000077be00000,0x000000077d12ef78,0x000000077d300000)
}
Event: 3320.550 GC heap before
{Heap before GC invocations=11173 (full 5578):
 PSYoungGen      total 25088K, used 2043K [0x00000007d5ab0000, 0x00000007d7360000, 0x0000000800000000)
  eden space 24896K, 8% used [0x00000007d5ab0000,0x00000007d5caeca8,0x00000007d7300000)
  from space 192K, 0% used [0x00000007d7330000,0x00000007d7330000,0x00000007d7360000)
  to   space 192K, 0% used [0x00000007d7300000,0x00000007d7300000,0x00000007d7330000)
 ParOldGen       total 86720K, used 15445K [0x0000000781000000, 0x00000007864b0000, 0x00000007d5ab0000)
  object space 86720K, 17% used [0x0000000781000000,0x0000000781f155d0,0x00000007864b0000)
 PSPermGen       total 21504K, used 19643K [0x000000077be00000, 0x000000077d300000, 0x0000000781000000)
  object space 21504K, 91% used [0x000000077be00000,0x000000077d12ef78,0x000000077d300000)
Event: 3320.560 GC heap after
Heap after GC invocations=11173 (full 5578):
 PSYoungGen      total 25088K, used 96K [0x00000007d5ab0000, 0x00000007d7360000, 0x0000000800000000)
  eden space 24896K, 0% used [0x00000007d5ab0000,0x00000007d5ab0000,0x00000007d7300000)
  from space 192K, 50% used [0x00000007d7300000,0x00000007d7318000,0x00000007d7330000)
  to   space 192K, 0% used [0x00000007d7330000,0x00000007d7330000,0x00000007d7360000)
 ParOldGen       total 86720K, used 15445K [0x0000000781000000, 0x00000007864b0000, 0x00000007d5ab0000)
  object space 86720K, 17% used [0x0000000781000000,0x0000000781f155d0,0x00000007864b0000)
 PSPermGen       total 21504K, used 19643K [0x000000077be00000, 0x000000077d300000, 0x0000000781000000)
  object space 21504K, 91% used [0x000000077be00000,0x000000077d12ef78,0x000000077d300000)
}
Event: 3320.560 GC heap before
{Heap before GC invocations=11174 (full 5579):
 PSYoungGen      total 25088K, used 96K [0x00000007d5ab0000, 0x00000007d7360000, 0x0000000800000000)
  eden space 24896K, 0% used [0x00000007d5ab0000,0x00000007d5ab0000,0x00000007d7300000)
  from space 192K, 50% used [0x00000007d7300000,0x00000007d7318000,0x00000007d7330000)
  to   space 192K, 0% used [0x00000007d7330000,0x00000007d7330000,0x00000007d7360000)
 ParOldGen       total 86720K, used 15445K [0x0000000781000000, 0x00000007864b0000, 0x00000007d5ab0000)
  object space 86720K, 17% used [0x0000000781000000,0x0000000781f155d0,0x00000007864b0000)
 PSPermGen       total 21504K, used 19643K [0x000000077be00000, 0x000000077d300000, 0x0000000781000000)
  object space 21504K, 91% used [0x000000077be00000,0x000000077d12ef78,0x000000077d300000)
Event: 3320.713 GC heap after
Heap after GC invocations=11174 (full 5579):
 PSYoungGen      total 25088K, used 0K [0x00000007d5ab0000, 0x00000007d7360000, 0x0000000800000000)
  eden space 24896K, 0% used [0x00000007d5ab0000,0x00000007d5ab0000,0x00000007d7300000)
  from space 192K, 0% used [0x00000007d7300000,0x00000007d7300000,0x00000007d7330000)
  to   space 192K, 0% used [0x00000007d7330000,0x00000007d7330000,0x00000007d7360000)
 ParOldGen       total 86720K, used 15441K [0x0000000781000000, 0x00000007864b0000, 0x00000007d5ab0000)
  object space 86720K, 17% used [0x0000000781000000,0x0000000781f14720,0x00000007864b0000)
 PSPermGen       total 21504K, used 19643K [0x000000077be00000, 0x000000077d300000, 0x0000000781000000)
  object space 21504K, 91% used [0x000000077be00000,0x000000077d12ef78,0x000000077d300000)
}
Event: 3320.716 GC heap before
{Heap before GC invocations=11175 (full 5579):
 PSYoungGen      total 25088K, used 412K [0x00000007d5ab0000, 0x00000007d7360000, 0x0000000800000000)
  eden space 24896K, 1% used [0x00000007d5ab0000,0x00000007d5b17020,0x00000007d7300000)
  from space 192K, 0% used [0x00000007d7300000,0x00000007d7300000,0x00000007d7330000)
  to   space 192K, 0% used [0x00000007d7330000,0x00000007d7330000,0x00000007d7360000)
 ParOldGen       total 86720K, used 15441K [0x0000000781000000, 0x00000007864b0000, 0x00000007d5ab0000)
  object space 86720K, 17% used [0x0000000781000000,0x0000000781f14720,0x00000007864b0000)
 PSPermGen       total 21504K, used 19643K [0x000000077be00000, 0x000000077d300000, 0x0000000781000000)
  object space 21504K, 91% used [0x000000077be00000,0x000000077d12ef78,0x000000077d300000)
Event: 3320.718 GC heap after
Heap after GC invocations=11175 (full 5579):
 PSYoungGen      total 25088K, used 32K [0x00000007d5ab0000, 0x00000007d7360000, 0x0000000800000000)
  eden space 24896K, 0% used [0x00000007d5ab0000,0x00000007d5ab0000,0x00000007d7300000)
  from space 192K, 16% used [0x00000007d7330000,0x00000007d7338000,0x00000007d7360000)
  to   space 192K, 0% used [0x00000007d7300000,0x00000007d7300000,0x00000007d7330000)
 ParOldGen       total 86720K, used 15441K [0x0000000781000000, 0x00000007864b0000, 0x00000007d5ab0000)
  object space 86720K, 17% used [0x0000000781000000,0x0000000781f14720,0x00000007864b0000)
 PSPermGen       total 21504K, used 19643K [0x000000077be00000, 0x000000077d300000, 0x0000000781000000)
  object space 21504K, 91% used [0x000000077be00000,0x000000077d12ef78,0x000000077d300000)
}
Event: 3320.718 GC heap before
{Heap before GC invocations=11176 (full 5580):
 PSYoungGen      total 25088K, used 32K [0x00000007d5ab0000, 0x00000007d7360000, 0x0000000800000000)
  eden space 24896K, 0% used [0x00000007d5ab0000,0x00000007d5ab0000,0x00000007d7300000)
  from space 192K, 16% used [0x00000007d7330000,0x00000007d7338000,0x00000007d7360000)
  to   space 192K, 0% used [0x00000007d7300000,0x00000007d7300000,0x00000007d7330000)
 ParOldGen       total 86720K, used 15441K [0x0000000781000000, 0x00000007864b0000, 0x00000007d5ab0000)
  object space 86720K, 17% used [0x0000000781000000,0x0000000781f14720,0x00000007864b0000)
 PSPermGen       total 21504K, used 19643K [0x000000077be00000, 0x000000077d300000, 0x0000000781000000)
  object space 21504K, 91% used [0x000000077be00000,0x000000077d12ef78,0x000000077d300000)
Event: 3320.886 GC heap after
Heap after GC invocations=11176 (full 5580):
 PSYoungGen      total 25088K, used 0K [0x00000007d5ab0000, 0x00000007d7360000, 0x0000000800000000)
  eden space 24896K, 0% used [0x00000007d5ab0000,0x00000007d5ab0000,0x00000007d7300000)
  from space 192K, 0% used [0x00000007d7330000,0x00000007d7330000,0x00000007d7360000)
  to   space 192K, 0% used [0x00000007d7300000,0x00000007d7300000,0x00000007d7330000)
 ParOldGen       total 86720K, used 15426K [0x0000000781000000, 0x00000007864b0000, 0x00000007d5ab0000)
  object space 86720K, 17% used [0x0000000781000000,0x0000000781f10b10,0x00000007864b0000)
 PSPermGen       total 21504K, used 19643K [0x000000077be00000, 0x000000077d300000, 0x0000000781000000)
  object space 21504K, 91% used [0x000000077be00000,0x000000077d12ef78,0x000000077d300000)
}

