# JRE version: 7.0_11-b21
# Java VM: Java HotSpot(TM) 64-Bit Server VM (23.6-b04 mixed mode windows-amd64 compressed oops)
Heap
 PSYoungGen      total 25088K, used 747K [0x00000007d5ab0000, 0x00000007d7360000, 0x0000000800000000)
  eden space 24896K, 3% used [0x00000007d5ab0000,0x00000007d5b6ac60,0x00000007d7300000)
  from space 192K, 0% used [0x00000007d7330000,0x00000007d7330000,0x00000007d7360000)
  to   space 192K, 0% used [0x00000007d7300000,0x00000007d7300000,0x00000007d7330000)
 ParOldGen       total 86720K, used 10609K [0x0000000781000000, 0x00000007864b0000, 0x00000007d5ab0000)
  object space 86720K, 12% used [0x0000000781000000,0x0000000781a5c790,0x00000007864b0000)
 PSPermGen       total 21504K, used 18434K [0x000000077be00000, 0x000000077d300000, 0x0000000781000000)
  object space 21504K, 85% used [0x000000077be00000,0x000000077d000b58,0x000000077d300000)
GC Heap History (10 events):
Event: 403.205 GC heap before
{Heap before GC invocations=448 (full 216):
 PSYoungGen      total 25088K, used 64K [0x00000007d5ab0000, 0x00000007d7360000, 0x0000000800000000)
  eden space 24896K, 0% used [0x00000007d5ab0000,0x00000007d5ab0000,0x00000007d7300000)
  from space 192K, 33% used [0x00000007d7330000,0x00000007d7340000,0x00000007d7360000)
  to   space 192K, 0% used [0x00000007d7300000,0x00000007d7300000,0x00000007d7330000)
 ParOldGen       total 86720K, used 10617K [0x0000000781000000, 0x00000007864b0000, 0x00000007d5ab0000)
  object space 86720K, 12% used [0x0000000781000000,0x0000000781a5e758,0x00000007864b0000)
 PSPermGen       total 21504K, used 18433K [0x000000077be00000, 0x000000077d300000, 0x0000000781000000)
  object space 21504K, 85% used [0x000000077be00000,0x000000077d000540,0x000000077d300000)
Event: 403.238 GC heap after
Heap after GC invocations=448 (full 216):
 PSYoungGen      total 25088K, used 0K [0x00000007d5ab0000, 0x00000007d7360000, 0x0000000800000000)
  eden space 24896K, 0% used [0x00000007d5ab0000,0x00000007d5ab0000,0x00000007d7300000)
  from space 192K, 0% used [0x00000007d7330000,0x00000007d7330000,0x00000007d7360000)
  to   space 192K, 0% used [0x00000007d7300000,0x00000007d7300000,0x00000007d7330000)
 ParOldGen       total 86720K, used 10608K [0x0000000781000000, 0x00000007864b0000, 0x00000007d5ab0000)
  object space 86720K, 12% used [0x0000000781000000,0x0000000781a5c3e0,0x00000007864b0000)
 PSPermGen       total 21504K, used 18433K [0x000000077be00000, 0x000000077d300000, 0x0000000781000000)
  object space 21504K, 85% used [0x000000077be00000,0x000000077d000540,0x000000077d300000)
}
Event: 404.147 GC heap before
{Heap before GC invocations=449 (full 216):
 PSYoungGen      total 25088K, used 1370K [0x00000007d5ab0000, 0x00000007d7360000, 0x0000000800000000)
  eden space 24896K, 5% used [0x00000007d5ab0000,0x00000007d5c06a70,0x00000007d7300000)
  from space 192K, 0% used [0x00000007d7330000,0x00000007d7330000,0x00000007d7360000)
  to   space 192K, 0% used [0x00000007d7300000,0x00000007d7300000,0x00000007d7330000)
 ParOldGen       total 86720K, used 10608K [0x0000000781000000, 0x00000007864b0000, 0x00000007d5ab0000)
  object space 86720K, 12% used [0x0000000781000000,0x0000000781a5c3e0,0x00000007864b0000)
 PSPermGen       total 21504K, used 18434K [0x000000077be00000, 0x000000077d300000, 0x0000000781000000)
  object space 21504K, 85% used [0x000000077be00000,0x000000077d000b58,0x000000077d300000)
Event: 404.149 GC heap after
Heap after GC invocations=449 (full 216):
 PSYoungGen      total 25088K, used 96K [0x00000007d5ab0000, 0x00000007d7360000, 0x0000000800000000)
  eden space 24896K, 0% used [0x00000007d5ab0000,0x00000007d5ab0000,0x00000007d7300000)
  from space 192K, 50% used [0x00000007d7300000,0x00000007d7318000,0x00000007d7330000)
  to   space 192K, 0% used [0x00000007d7330000,0x00000007d7330000,0x00000007d7360000)
 ParOldGen       total 86720K, used 10608K [0x0000000781000000, 0x00000007864b0000, 0x00000007d5ab0000)
  object space 86720K, 12% used [0x0000000781000000,0x0000000781a5c3e0,0x00000007864b0000)
 PSPermGen       total 21504K, used 18434K [0x000000077be00000, 0x000000077d300000, 0x0000000781000000)
  object space 21504K, 85% used [0x000000077be00000,0x000000077d000b58,0x000000077d300000)
}
Event: 404.149 GC heap before
{Heap before GC invocations=450 (full 217):
 PSYoungGen      total 25088K, used 96K [0x00000007d5ab0000, 0x00000007d7360000, 0x0000000800000000)
  eden space 24896K, 0% used [0x00000007d5ab0000,0x00000007d5ab0000,0x00000007d7300000)
  from space 192K, 50% used [0x00000007d7300000,0x00000007d7318000,0x00000007d7330000)
  to   space 192K, 0% used [0x00000007d7330000,0x00000007d7330000,0x00000007d7360000)
 ParOldGen       total 86720K, used 10608K [0x0000000781000000, 0x00000007864b0000, 0x00000007d5ab0000)
  object space 86720K, 12% used [0x0000000781000000,0x0000000781a5c3e0,0x00000007864b0000)
 PSPermGen       total 21504K, used 18434K [0x000000077be00000, 0x000000077d300000, 0x0000000781000000)
  object space 21504K, 85% used [0x000000077be00000,0x000000077d000b58,0x000000077d300000)
Event: 404.203 GC heap after
Heap after GC invocations=450 (full 217):
 PSYoungGen      total 25088K, used 0K [0x00000007d5ab0000, 0x00000007d7360000, 0x0000000800000000)
  eden space 24896K, 0% used [0x00000007d5ab0000,0x00000007d5ab0000,0x00000007d7300000)
  from space 192K, 0% used [0x00000007d7300000,0x00000007d7300000,0x00000007d7330000)
  to   space 192K, 0% used [0x00000007d7330000,0x00000007d7330000,0x00000007d7360000)
 ParOldGen       total 86720K, used 10617K [0x0000000781000000, 0x00000007864b0000, 0x00000007d5ab0000)
  object space 86720K, 12% used [0x0000000781000000,0x0000000781a5e798,0x00000007864b0000)
 PSPermGen       total 21504K, used 18434K [0x000000077be00000, 0x000000077d300000, 0x0000000781000000)
  object space 21504K, 85% used [0x000000077be00000,0x000000077d000b58,0x000000077d300000)
}
Event: 404.203 GC heap before
{Heap before GC invocations=451 (full 217):
 PSYoungGen      total 25088K, used 496K [0x00000007d5ab0000, 0x00000007d7360000, 0x0000000800000000)
  eden space 24896K, 1% used [0x00000007d5ab0000,0x00000007d5b2c1e8,0x00000007d7300000)
  from space 192K, 0% used [0x00000007d7300000,0x00000007d7300000,0x00000007d7330000)
  to   space 192K, 0% used [0x00000007d7330000,0x00000007d7330000,0x00000007d7360000)
 ParOldGen       total 86720K, used 10617K [0x0000000781000000, 0x00000007864b0000, 0x00000007d5ab0000)
  object space 86720K, 12% used [0x0000000781000000,0x0000000781a5e798,0x00000007864b0000)
 PSPermGen       total 21504K, used 18434K [0x000000077be00000, 0x000000077d300000, 0x0000000781000000)
  object space 21504K, 85% used [0x000000077be00000,0x000000077d000b58,0x000000077d300000)
Event: 404.204 GC heap after
Heap after GC invocations=451 (full 217):
 PSYoungGen      total 25088K, used 32K [0x00000007d5ab0000, 0x00000007d7360000, 0x0000000800000000)
  eden space 24896K, 0% used [0x00000007d5ab0000,0x00000007d5ab0000,0x00000007d7300000)
  from space 192K, 16% used [0x00000007d7330000,0x00000007d7338000,0x00000007d7360000)
  to   space 192K, 0% used [0x00000007d7300000,0x00000007d7300000,0x00000007d7330000)
 ParOldGen       total 86720K, used 10617K [0x0000000781000000, 0x00000007864b0000, 0x00000007d5ab0000)
  object space 86720K, 12% used [0x0000000781000000,0x0000000781a5e798,0x00000007864b0000)
 PSPermGen       total 21504K, used 18434K [0x000000077be00000, 0x000000077d300000, 0x0000000781000000)
  object space 21504K, 85% used [0x000000077be00000,0x000000077d000b58,0x000000077d300000)
}
Event: 404.204 GC heap before
{Heap before GC invocations=452 (full 218):
 PSYoungGen      total 25088K, used 32K [0x00000007d5ab0000, 0x00000007d7360000, 0x0000000800000000)
  eden space 24896K, 0% used [0x00000007d5ab0000,0x00000007d5ab0000,0x00000007d7300000)
  from space 192K, 16% used [0x00000007d7330000,0x00000007d7338000,0x00000007d7360000)
  to   space 192K, 0% used [0x00000007d7300000,0x00000007d7300000,0x00000007d7330000)
 ParOldGen       total 86720K, used 10617K [0x0000000781000000, 0x00000007864b0000, 0x00000007d5ab0000)
  object space 86720K, 12% used [0x0000000781000000,0x0000000781a5e798,0x00000007864b0000)
 PSPermGen       total 21504K, used 18434K [0x000000077be00000, 0x000000077d300000, 0x0000000781000000)
  object space 21504K, 85% used [0x000000077be00000,0x000000077d000b58,0x000000077d300000)
Event: 404.237 GC heap after
Heap after GC invocations=452 (full 218):
 PSYoungGen      total 25088K, used 0K [0x00000007d5ab0000, 0x00000007d7360000, 0x0000000800000000)
  eden space 24896K, 0% used [0x00000007d5ab0000,0x00000007d5ab0000,0x00000007d7300000)
  from space 192K, 0% used [0x00000007d7330000,0x00000007d7330000,0x00000007d7360000)
  to   space 192K, 0% used [0x00000007d7300000,0x00000007d7300000,0x00000007d7330000)
 ParOldGen       total 86720K, used 10609K [0x0000000781000000, 0x00000007864b0000, 0x00000007d5ab0000)
  object space 86720K, 12% used [0x0000000781000000,0x0000000781a5c790,0x00000007864b0000)
 PSPermGen       total 21504K, used 18434K [0x000000077be00000, 0x000000077d300000, 0x0000000781000000)
  object space 21504K, 85% used [0x000000077be00000,0x000000077d000b58,0x000000077d300000)
}

