# JRE version: 7.0_11-b21
# Java VM: Java HotSpot(TM) 64-Bit Server VM (23.6-b04 mixed mode windows-amd64 compressed oops)
Heap
 PSYoungGen      total 24576K, used 32K [0x00000007d5ab0000, 0x00000007d72e0000, 0x0000000800000000)
  eden space 24384K, 0% used [0x00000007d5ab0000,0x00000007d5ab0000,0x00000007d7280000)
  from space 192K, 16% used [0x00000007d7280000,0x00000007d7288000,0x00000007d72b0000)
  to   space 192K, 0% used [0x00000007d72b0000,0x00000007d72b0000,0x00000007d72e0000)
 ParOldGen       total 86720K, used 11027K [0x0000000781000000, 0x00000007864b0000, 0x00000007d5ab0000)
  object space 86720K, 12% used [0x0000000781000000,0x0000000781ac4f18,0x00000007864b0000)
 PSPermGen       total 21504K, used 18733K [0x000000077be00000, 0x000000077d300000, 0x0000000781000000)
  object space 21504K, 87% used [0x000000077be00000,0x000000077d04b510,0x000000077d300000)
GC Heap History (10 events):
Event: 718.079 GC heap after
Heap after GC invocations=1360 (full 671):
 PSYoungGen      total 24576K, used 32K [0x00000007d5ab0000, 0x00000007d72e0000, 0x0000000800000000)
  eden space 24384K, 0% used [0x00000007d5ab0000,0x00000007d5ab0000,0x00000007d7280000)
  from space 192K, 16% used [0x00000007d7280000,0x00000007d7288000,0x00000007d72b0000)
  to   space 192K, 0% used [0x00000007d72b0000,0x00000007d72b0000,0x00000007d72e0000)
 ParOldGen       total 86720K, used 11027K [0x0000000781000000, 0x00000007864b0000, 0x00000007d5ab0000)
  object space 86720K, 12% used [0x0000000781000000,0x0000000781ac4e90,0x00000007864b0000)
 PSPermGen       total 21504K, used 18733K [0x000000077be00000, 0x000000077d300000, 0x0000000781000000)
  object space 21504K, 87% used [0x000000077be00000,0x000000077d04b510,0x000000077d300000)
}
Event: 718.079 GC heap before
{Heap before GC invocations=1361 (full 672):
 PSYoungGen      total 24576K, used 32K [0x00000007d5ab0000, 0x00000007d72e0000, 0x0000000800000000)
  eden space 24384K, 0% used [0x00000007d5ab0000,0x00000007d5ab0000,0x00000007d7280000)
  from space 192K, 16% used [0x00000007d7280000,0x00000007d7288000,0x00000007d72b0000)
  to   space 192K, 0% used [0x00000007d72b0000,0x00000007d72b0000,0x00000007d72e0000)
 ParOldGen       total 86720K, used 11027K [0x0000000781000000, 0x00000007864b0000, 0x00000007d5ab0000)
  object space 86720K, 12% used [0x0000000781000000,0x0000000781ac4e90,0x00000007864b0000)
 PSPermGen       total 21504K, used 18733K [0x000000077be00000, 0x000000077d300000, 0x0000000781000000)
  object space 21504K, 87% used [0x000000077be00000,0x000000077d04b510,0x000000077d300000)
Event: 718.193 GC heap after
Heap after GC invocations=1361 (full 672):
 PSYoungGen      total 24576K, used 0K [0x00000007d5ab0000, 0x00000007d72e0000, 0x0000000800000000)
  eden space 24384K, 0% used [0x00000007d5ab0000,0x00000007d5ab0000,0x00000007d7280000)
  from space 192K, 0% used [0x00000007d7280000,0x00000007d7280000,0x00000007d72b0000)
  to   space 192K, 0% used [0x00000007d72b0000,0x00000007d72b0000,0x00000007d72e0000)
 ParOldGen       total 86720K, used 11018K [0x0000000781000000, 0x00000007864b0000, 0x00000007d5ab0000)
  object space 86720K, 12% used [0x0000000781000000,0x0000000781ac2838,0x00000007864b0000)
 PSPermGen       total 21504K, used 18733K [0x000000077be00000, 0x000000077d300000, 0x0000000781000000)
  object space 21504K, 87% used [0x000000077be00000,0x000000077d04b510,0x000000077d300000)
}
Event: 718.962 GC heap before
{Heap before GC invocations=1362 (full 672):
 PSYoungGen      total 24576K, used 898K [0x00000007d5ab0000, 0x00000007d72e0000, 0x0000000800000000)
  eden space 24384K, 3% used [0x00000007d5ab0000,0x00000007d5b90958,0x00000007d7280000)
  from space 192K, 0% used [0x00000007d7280000,0x00000007d7280000,0x00000007d72b0000)
  to   space 192K, 0% used [0x00000007d72b0000,0x00000007d72b0000,0x00000007d72e0000)
 ParOldGen       total 86720K, used 11018K [0x0000000781000000, 0x00000007864b0000, 0x00000007d5ab0000)
  object space 86720K, 12% used [0x0000000781000000,0x0000000781ac2838,0x00000007864b0000)
 PSPermGen       total 21504K, used 18733K [0x000000077be00000, 0x000000077d300000, 0x0000000781000000)
  object space 21504K, 87% used [0x000000077be00000,0x000000077d04b510,0x000000077d300000)
Event: 718.964 GC heap after
Heap after GC invocations=1362 (full 672):
 PSYoungGen      total 24576K, used 96K [0x00000007d5ab0000, 0x00000007d72e0000, 0x0000000800000000)
  eden space 24384K, 0% used [0x00000007d5ab0000,0x00000007d5ab0000,0x00000007d7280000)
  from space 192K, 50% used [0x00000007d72b0000,0x00000007d72c8000,0x00000007d72e0000)
  to   space 192K, 0% used [0x00000007d7280000,0x00000007d7280000,0x00000007d72b0000)
 ParOldGen       total 86720K, used 11018K [0x0000000781000000, 0x00000007864b0000, 0x00000007d5ab0000)
  object space 86720K, 12% used [0x0000000781000000,0x0000000781ac2838,0x00000007864b0000)
 PSPermGen       total 21504K, used 18733K [0x000000077be00000, 0x000000077d300000, 0x0000000781000000)
  object space 21504K, 87% used [0x000000077be00000,0x000000077d04b510,0x000000077d300000)
}
Event: 718.964 GC heap before
{Heap before GC invocations=1363 (full 673):
 PSYoungGen      total 24576K, used 96K [0x00000007d5ab0000, 0x00000007d72e0000, 0x0000000800000000)
  eden space 24384K, 0% used [0x00000007d5ab0000,0x00000007d5ab0000,0x00000007d7280000)
  from space 192K, 50% used [0x00000007d72b0000,0x00000007d72c8000,0x00000007d72e0000)
  to   space 192K, 0% used [0x00000007d7280000,0x00000007d7280000,0x00000007d72b0000)
 ParOldGen       total 86720K, used 11018K [0x0000000781000000, 0x00000007864b0000, 0x00000007d5ab0000)
  object space 86720K, 12% used [0x0000000781000000,0x0000000781ac2838,0x00000007864b0000)
 PSPermGen       total 21504K, used 18733K [0x000000077be00000, 0x000000077d300000, 0x0000000781000000)
  object space 21504K, 87% used [0x000000077be00000,0x000000077d04b510,0x000000077d300000)
Event: 719.076 GC heap after
Heap after GC invocations=1363 (full 673):
 PSYoungGen      total 24576K, used 0K [0x00000007d5ab0000, 0x00000007d72e0000, 0x0000000800000000)
  eden space 24384K, 0% used [0x00000007d5ab0000,0x00000007d5ab0000,0x00000007d7280000)
  from space 192K, 0% used [0x00000007d72b0000,0x00000007d72b0000,0x00000007d72e0000)
  to   space 192K, 0% used [0x00000007d7280000,0x00000007d7280000,0x00000007d72b0000)
 ParOldGen       total 86720K, used 11027K [0x0000000781000000, 0x00000007864b0000, 0x00000007d5ab0000)
  object space 86720K, 12% used [0x0000000781000000,0x0000000781ac4f18,0x00000007864b0000)
 PSPermGen       total 21504K, used 18733K [0x000000077be00000, 0x000000077d300000, 0x0000000781000000)
  object space 21504K, 87% used [0x000000077be00000,0x000000077d04b510,0x000000077d300000)
}
Event: 719.076 GC heap before
{Heap before GC invocations=1364 (full 673):
 PSYoungGen      total 24576K, used 105K [0x00000007d5ab0000, 0x00000007d72e0000, 0x0000000800000000)
  eden space 24384K, 0% used [0x00000007d5ab0000,0x00000007d5aca6d8,0x00000007d7280000)
  from space 192K, 0% used [0x00000007d72b0000,0x00000007d72b0000,0x00000007d72e0000)
  to   space 192K, 0% used [0x00000007d7280000,0x00000007d7280000,0x00000007d72b0000)
 ParOldGen       total 86720K, used 11027K [0x0000000781000000, 0x00000007864b0000, 0x00000007d5ab0000)
  object space 86720K, 12% used [0x0000000781000000,0x0000000781ac4f18,0x00000007864b0000)
 PSPermGen       total 21504K, used 18733K [0x000000077be00000, 0x000000077d300000, 0x0000000781000000)
  object space 21504K, 87% used [0x000000077be00000,0x000000077d04b510,0x000000077d300000)
Event: 719.078 GC heap after
Heap after GC invocations=1364 (full 673):
 PSYoungGen      total 24576K, used 32K [0x00000007d5ab0000, 0x00000007d72e0000, 0x0000000800000000)
  eden space 24384K, 0% used [0x00000007d5ab0000,0x00000007d5ab0000,0x00000007d7280000)
  from space 192K, 16% used [0x00000007d7280000,0x00000007d7288000,0x00000007d72b0000)
  to   space 192K, 0% used [0x00000007d72b0000,0x00000007d72b0000,0x00000007d72e0000)
 ParOldGen       total 86720K, used 11027K [0x0000000781000000, 0x00000007864b0000, 0x00000007d5ab0000)
  object space 86720K, 12% used [0x0000000781000000,0x0000000781ac4f18,0x00000007864b0000)
 PSPermGen       total 21504K, used 18733K [0x000000077be00000, 0x000000077d300000, 0x0000000781000000)
  object space 21504K, 87% used [0x000000077be00000,0x000000077d04b510,0x000000077d300000)
}
Event: 719.078 GC heap before
{Heap before GC invocations=1365 (full 674):
 PSYoungGen      total 24576K, used 32K [0x00000007d5ab0000, 0x00000007d72e0000, 0x0000000800000000)
  eden space 24384K, 0% used [0x00000007d5ab0000,0x00000007d5ab0000,0x00000007d7280000)
  from space 192K, 16% used [0x00000007d7280000,0x00000007d7288000,0x00000007d72b0000)
  to   space 192K, 0% used [0x00000007d72b0000,0x00000007d72b0000,0x00000007d72e0000)
 ParOldGen       total 86720K, used 11027K [0x0000000781000000, 0x00000007864b0000, 0x00000007d5ab0000)
  object space 86720K, 12% used [0x0000000781000000,0x0000000781ac4f18,0x00000007864b0000)
 PSPermGen       total 21504K, used 18733K [0x000000077be00000, 0x000000077d300000, 0x0000000781000000)
  object space 21504K, 87% used [0x000000077be00000,0x000000077d04b510,0x000000077d300000)

