# JRE version: 7.0_11-b21
# Java VM: Java HotSpot(TM) 64-Bit Server VM (23.6-b04 mixed mode windows-amd64 compressed oops)
Heap
 PSYoungGen      total 37952K, used 594K [0x00000007d5ab0000, 0x00000007d8500000, 0x0000000800000000)
  eden space 32576K, 1% used [0x00000007d5ab0000,0x00000007d5b44b18,0x00000007d7a80000)
  from space 5376K, 0% used [0x00000007d7a80000,0x00000007d7a80000,0x00000007d7fc0000)
  to   space 5376K, 0% used [0x00000007d7fc0000,0x00000007d7fc0000,0x00000007d8500000)
 ParOldGen       total 86720K, used 6456K [0x0000000781000000, 0x00000007864b0000, 0x00000007d5ab0000)
  object space 86720K, 7% used [0x0000000781000000,0x000000078164e0f8,0x00000007864b0000)
 PSPermGen       total 32512K, used 14226K [0x000000077be00000, 0x000000077ddc0000, 0x0000000781000000)
  object space 32512K, 43% used [0x000000077be00000,0x000000077cbe4a20,0x000000077ddc0000)
GC Heap History (10 events):
Event: 6.443 GC heap before
{Heap before GC invocations=3 (full 0):
 PSYoungGen      total 37952K, used 34352K [0x00000007d5ab0000, 0x00000007d8500000, 0x0000000800000000)
  eden space 32576K, 100% used [0x00000007d5ab0000,0x00000007d7a80000,0x00000007d7a80000)
  from space 5376K, 33% used [0x00000007d7fc0000,0x00000007d817c010,0x00000007d8500000)
  to   space 5376K, 0% used [0x00000007d7a80000,0x00000007d7a80000,0x00000007d7fc0000)
 ParOldGen       total 86720K, used 8K [0x0000000781000000, 0x00000007864b0000, 0x00000007d5ab0000)
  object space 86720K, 0% used [0x0000000781000000,0x0000000781002000,0x00000007864b0000)
 PSPermGen       total 21248K, used 12765K [0x000000077be00000, 0x000000077d2c0000, 0x0000000781000000)
  object space 21248K, 60% used [0x000000077be00000,0x000000077ca77600,0x000000077d2c0000)
Event: 6.448 GC heap after
Heap after GC invocations=3 (full 0):
 PSYoungGen      total 37952K, used 1904K [0x00000007d5ab0000, 0x00000007d8500000, 0x0000000800000000)
  eden space 32576K, 0% used [0x00000007d5ab0000,0x00000007d5ab0000,0x00000007d7a80000)
  from space 5376K, 35% used [0x00000007d7a80000,0x00000007d7c5c010,0x00000007d7fc0000)
  to   space 5376K, 0% used [0x00000007d7fc0000,0x00000007d7fc0000,0x00000007d8500000)
 ParOldGen       total 86720K, used 8K [0x0000000781000000, 0x00000007864b0000, 0x00000007d5ab0000)
  object space 86720K, 0% used [0x0000000781000000,0x0000000781002000,0x00000007864b0000)
 PSPermGen       total 21248K, used 12765K [0x000000077be00000, 0x000000077d2c0000, 0x0000000781000000)
  object space 21248K, 60% used [0x000000077be00000,0x000000077ca77600,0x000000077d2c0000)
}
Event: 50.851 GC heap before
{Heap before GC invocations=4 (full 0):
 PSYoungGen      total 37952K, used 24291K [0x00000007d5ab0000, 0x00000007d8500000, 0x0000000800000000)
  eden space 32576K, 68% used [0x00000007d5ab0000,0x00000007d708cf10,0x00000007d7a80000)
  from space 5376K, 35% used [0x00000007d7a80000,0x00000007d7c5c010,0x00000007d7fc0000)
  to   space 5376K, 0% used [0x00000007d7fc0000,0x00000007d7fc0000,0x00000007d8500000)
 ParOldGen       total 86720K, used 8K [0x0000000781000000, 0x00000007864b0000, 0x00000007d5ab0000)
  object space 86720K, 0% used [0x0000000781000000,0x0000000781002000,0x00000007864b0000)
 PSPermGen       total 21248K, used 14193K [0x000000077be00000, 0x000000077d2c0000, 0x0000000781000000)
  object space 21248K, 66% used [0x000000077be00000,0x000000077cbdc6f8,0x000000077d2c0000)
Event: 50.860 GC heap after
Heap after GC invocations=4 (full 0):
 PSYoungGen      total 37952K, used 3696K [0x00000007d5ab0000, 0x00000007d8500000, 0x0000000800000000)
  eden space 32576K, 0% used [0x00000007d5ab0000,0x00000007d5ab0000,0x00000007d7a80000)
  from space 5376K, 68% used [0x00000007d7fc0000,0x00000007d835c010,0x00000007d8500000)
  to   space 5376K, 0% used [0x00000007d7a80000,0x00000007d7a80000,0x00000007d7fc0000)
 ParOldGen       total 86720K, used 2848K [0x0000000781000000, 0x00000007864b0000, 0x00000007d5ab0000)
  object space 86720K, 3% used [0x0000000781000000,0x00000007812c8040,0x00000007864b0000)
 PSPermGen       total 21248K, used 14193K [0x000000077be00000, 0x000000077d2c0000, 0x0000000781000000)
  object space 21248K, 66% used [0x000000077be00000,0x000000077cbdc6f8,0x000000077d2c0000)
}
Event: 50.860 GC heap before
{Heap before GC invocations=5 (full 1):
 PSYoungGen      total 37952K, used 3696K [0x00000007d5ab0000, 0x00000007d8500000, 0x0000000800000000)
  eden space 32576K, 0% used [0x00000007d5ab0000,0x00000007d5ab0000,0x00000007d7a80000)
  from space 5376K, 68% used [0x00000007d7fc0000,0x00000007d835c010,0x00000007d8500000)
  to   space 5376K, 0% used [0x00000007d7a80000,0x00000007d7a80000,0x00000007d7fc0000)
 ParOldGen       total 86720K, used 2848K [0x0000000781000000, 0x00000007864b0000, 0x00000007d5ab0000)
  object space 86720K, 3% used [0x0000000781000000,0x00000007812c8040,0x00000007864b0000)
 PSPermGen       total 21248K, used 14193K [0x000000077be00000, 0x000000077d2c0000, 0x0000000781000000)
  object space 21248K, 66% used [0x000000077be00000,0x000000077cbdc6f8,0x000000077d2c0000)
Event: 50.896 GC heap after
Heap after GC invocations=5 (full 1):
 PSYoungGen      total 37952K, used 0K [0x00000007d5ab0000, 0x00000007d8500000, 0x0000000800000000)
  eden space 32576K, 0% used [0x00000007d5ab0000,0x00000007d5ab0000,0x00000007d7a80000)
  from space 5376K, 0% used [0x00000007d7fc0000,0x00000007d7fc0000,0x00000007d8500000)
  to   space 5376K, 0% used [0x00000007d7a80000,0x00000007d7a80000,0x00000007d7fc0000)
 ParOldGen       total 86720K, used 6457K [0x0000000781000000, 0x00000007864b0000, 0x00000007d5ab0000)
  object space 86720K, 7% used [0x0000000781000000,0x000000078164e418,0x00000007864b0000)
 PSPermGen       total 28928K, used 14187K [0x000000077be00000, 0x000000077da40000, 0x0000000781000000)
  object space 28928K, 49% used [0x000000077be00000,0x000000077cbdae78,0x000000077da40000)
}
Event: 50.900 GC heap before
{Heap before GC invocations=6 (full 1):
 PSYoungGen      total 37952K, used 927K [0x00000007d5ab0000, 0x00000007d8500000, 0x0000000800000000)
  eden space 32576K, 2% used [0x00000007d5ab0000,0x00000007d5b97c40,0x00000007d7a80000)
  from space 5376K, 0% used [0x00000007d7fc0000,0x00000007d7fc0000,0x00000007d8500000)
  to   space 5376K, 0% used [0x00000007d7a80000,0x00000007d7a80000,0x00000007d7fc0000)
 ParOldGen       total 86720K, used 6457K [0x0000000781000000, 0x00000007864b0000, 0x00000007d5ab0000)
  object space 86720K, 7% used [0x0000000781000000,0x000000078164e418,0x00000007864b0000)
 PSPermGen       total 28928K, used 14205K [0x000000077be00000, 0x000000077da40000, 0x0000000781000000)
  object space 28928K, 49% used [0x000000077be00000,0x000000077cbdf4f0,0x000000077da40000)
Event: 50.900 GC heap after
Heap after GC invocations=6 (full 1):
 PSYoungGen      total 37952K, used 96K [0x00000007d5ab0000, 0x00000007d8500000, 0x0000000800000000)
  eden space 32576K, 0% used [0x00000007d5ab0000,0x00000007d5ab0000,0x00000007d7a80000)
  from space 5376K, 1% used [0x00000007d7a80000,0x00000007d7a98000,0x00000007d7fc0000)
  to   space 5376K, 0% used [0x00000007d7fc0000,0x00000007d7fc0000,0x00000007d8500000)
 ParOldGen       total 86720K, used 6457K [0x0000000781000000, 0x00000007864b0000, 0x00000007d5ab0000)
  object space 86720K, 7% used [0x0000000781000000,0x000000078164e418,0x00000007864b0000)
 PSPermGen       total 28928K, used 14205K [0x000000077be00000, 0x000000077da40000, 0x0000000781000000)
  object space 28928K, 49% used [0x000000077be00000,0x000000077cbdf4f0,0x000000077da40000)
}
Event: 50.900 GC heap before
{Heap before GC invocations=7 (full 2):
 PSYoungGen      total 37952K, used 96K [0x00000007d5ab0000, 0x00000007d8500000, 0x0000000800000000)
  eden space 32576K, 0% used [0x00000007d5ab0000,0x00000007d5ab0000,0x00000007d7a80000)
  from space 5376K, 1% used [0x00000007d7a80000,0x00000007d7a98000,0x00000007d7fc0000)
  to   space 5376K, 0% used [0x00000007d7fc0000,0x00000007d7fc0000,0x00000007d8500000)
 ParOldGen       total 86720K, used 6457K [0x0000000781000000, 0x00000007864b0000, 0x00000007d5ab0000)
  object space 86720K, 7% used [0x0000000781000000,0x000000078164e418,0x00000007864b0000)
 PSPermGen       total 28928K, used 14205K [0x000000077be00000, 0x000000077da40000, 0x0000000781000000)
  object space 28928K, 49% used [0x000000077be00000,0x000000077cbdf4f0,0x000000077da40000)
Event: 50.926 GC heap after
Heap after GC invocations=7 (full 2):
 PSYoungGen      total 37952K, used 0K [0x00000007d5ab0000, 0x00000007d8500000, 0x0000000800000000)
  eden space 32576K, 0% used [0x00000007d5ab0000,0x00000007d5ab0000,0x00000007d7a80000)
  from space 5376K, 0% used [0x00000007d7a80000,0x00000007d7a80000,0x00000007d7fc0000)
  to   space 5376K, 0% used [0x00000007d7fc0000,0x00000007d7fc0000,0x00000007d8500000)
 ParOldGen       total 86720K, used 6456K [0x0000000781000000, 0x00000007864b0000, 0x00000007d5ab0000)
  object space 86720K, 7% used [0x0000000781000000,0x000000078164e0f8,0x00000007864b0000)
 PSPermGen       total 32512K, used 14205K [0x000000077be00000, 0x000000077ddc0000, 0x0000000781000000)
  object space 32512K, 43% used [0x000000077be00000,0x000000077cbdf4f0,0x000000077ddc0000)
}

