# JRE version: 7.0_11-b21
# Java VM: Java HotSpot(TM) 64-Bit Server VM (23.6-b04 mixed mode windows-amd64 compressed oops)
Heap
 PSYoungGen      total 25600K, used 3057K [0x00000007d5ab0000, 0x00000007d7460000, 0x0000000800000000)
  eden space 24896K, 12% used [0x00000007d5ab0000,0x00000007d5dac540,0x00000007d7300000)
  from space 704K, 0% used [0x00000007d73b0000,0x00000007d73b0000,0x00000007d7460000)
  to   space 704K, 0% used [0x00000007d7300000,0x00000007d7300000,0x00000007d73b0000)
 ParOldGen       total 86720K, used 10594K [0x0000000781000000, 0x00000007864b0000, 0x00000007d5ab0000)
  object space 86720K, 12% used [0x0000000781000000,0x0000000781a58be0,0x00000007864b0000)
 PSPermGen       total 21504K, used 18262K [0x000000077be00000, 0x000000077d300000, 0x0000000781000000)
  object space 21504K, 84% used [0x000000077be00000,0x000000077cfd5830,0x000000077d300000)
GC Heap History (10 events):
Event: 124.973 GC heap before
{Heap before GC invocations=84 (full 34):
 PSYoungGen      total 25600K, used 32K [0x00000007d5ab0000, 0x00000007d7480000, 0x0000000800000000)
  eden space 24896K, 0% used [0x00000007d5ab0000,0x00000007d5ab0000,0x00000007d7300000)
  from space 704K, 4% used [0x00000007d73d0000,0x00000007d73d8000,0x00000007d7480000)
  to   space 768K, 0% used [0x00000007d7300000,0x00000007d7300000,0x00000007d73c0000)
 ParOldGen       total 86720K, used 10597K [0x0000000781000000, 0x00000007864b0000, 0x00000007d5ab0000)
  object space 86720K, 12% used [0x0000000781000000,0x0000000781a597e0,0x00000007864b0000)
 PSPermGen       total 21504K, used 18258K [0x000000077be00000, 0x000000077d300000, 0x0000000781000000)
  object space 21504K, 84% used [0x000000077be00000,0x000000077cfd4968,0x000000077d300000)
Event: 125.082 GC heap after
Heap after GC invocations=84 (full 34):
 PSYoungGen      total 25600K, used 0K [0x00000007d5ab0000, 0x00000007d7480000, 0x0000000800000000)
  eden space 24896K, 0% used [0x00000007d5ab0000,0x00000007d5ab0000,0x00000007d7300000)
  from space 704K, 0% used [0x00000007d73d0000,0x00000007d73d0000,0x00000007d7480000)
  to   space 768K, 0% used [0x00000007d7300000,0x00000007d7300000,0x00000007d73c0000)
 ParOldGen       total 86720K, used 10587K [0x0000000781000000, 0x00000007864b0000, 0x00000007d5ab0000)
  object space 86720K, 12% used [0x0000000781000000,0x0000000781a56e68,0x00000007864b0000)
 PSPermGen       total 21504K, used 18258K [0x000000077be00000, 0x000000077d300000, 0x0000000781000000)
  object space 21504K, 84% used [0x000000077be00000,0x000000077cfd4968,0x000000077d300000)
}
Event: 127.930 GC heap before
{Heap before GC invocations=85 (full 34):
 PSYoungGen      total 25600K, used 1396K [0x00000007d5ab0000, 0x00000007d7480000, 0x0000000800000000)
  eden space 24896K, 5% used [0x00000007d5ab0000,0x00000007d5c0d000,0x00000007d7300000)
  from space 704K, 0% used [0x00000007d73d0000,0x00000007d73d0000,0x00000007d7480000)
  to   space 768K, 0% used [0x00000007d7300000,0x00000007d7300000,0x00000007d73c0000)
 ParOldGen       total 86720K, used 10587K [0x0000000781000000, 0x00000007864b0000, 0x00000007d5ab0000)
  object space 86720K, 12% used [0x0000000781000000,0x0000000781a56e68,0x00000007864b0000)
 PSPermGen       total 21504K, used 18258K [0x000000077be00000, 0x000000077d300000, 0x0000000781000000)
  object space 21504K, 84% used [0x000000077be00000,0x000000077cfd4968,0x000000077d300000)
Event: 127.932 GC heap after
Heap after GC invocations=85 (full 34):
 PSYoungGen      total 25024K, used 96K [0x00000007d5ab0000, 0x00000007d7460000, 0x0000000800000000)
  eden space 24896K, 0% used [0x00000007d5ab0000,0x00000007d5ab0000,0x00000007d7300000)
  from space 128K, 75% used [0x00000007d7300000,0x00000007d7318000,0x00000007d7320000)
  to   space 704K, 0% used [0x00000007d73b0000,0x00000007d73b0000,0x00000007d7460000)
 ParOldGen       total 86720K, used 10587K [0x0000000781000000, 0x00000007864b0000, 0x00000007d5ab0000)
  object space 86720K, 12% used [0x0000000781000000,0x0000000781a56e68,0x00000007864b0000)
 PSPermGen       total 21504K, used 18258K [0x000000077be00000, 0x000000077d300000, 0x0000000781000000)
  object space 21504K, 84% used [0x000000077be00000,0x000000077cfd4968,0x000000077d300000)
}
Event: 127.932 GC heap before
{Heap before GC invocations=86 (full 35):
 PSYoungGen      total 25024K, used 96K [0x00000007d5ab0000, 0x00000007d7460000, 0x0000000800000000)
  eden space 24896K, 0% used [0x00000007d5ab0000,0x00000007d5ab0000,0x00000007d7300000)
  from space 128K, 75% used [0x00000007d7300000,0x00000007d7318000,0x00000007d7320000)
  to   space 704K, 0% used [0x00000007d73b0000,0x00000007d73b0000,0x00000007d7460000)
 ParOldGen       total 86720K, used 10587K [0x0000000781000000, 0x00000007864b0000, 0x00000007d5ab0000)
  object space 86720K, 12% used [0x0000000781000000,0x0000000781a56e68,0x00000007864b0000)
 PSPermGen       total 21504K, used 18258K [0x000000077be00000, 0x000000077d300000, 0x0000000781000000)
  object space 21504K, 84% used [0x000000077be00000,0x000000077cfd4968,0x000000077d300000)
Event: 128.040 GC heap after
Heap after GC invocations=86 (full 35):
 PSYoungGen      total 25024K, used 0K [0x00000007d5ab0000, 0x00000007d7460000, 0x0000000800000000)
  eden space 24896K, 0% used [0x00000007d5ab0000,0x00000007d5ab0000,0x00000007d7300000)
  from space 128K, 0% used [0x00000007d7300000,0x00000007d7300000,0x00000007d7320000)
  to   space 704K, 0% used [0x00000007d73b0000,0x00000007d73b0000,0x00000007d7460000)
 ParOldGen       total 86720K, used 10605K [0x0000000781000000, 0x00000007864b0000, 0x00000007d5ab0000)
  object space 86720K, 12% used [0x0000000781000000,0x0000000781a5b570,0x00000007864b0000)
 PSPermGen       total 21504K, used 18258K [0x000000077be00000, 0x000000077d300000, 0x0000000781000000)
  object space 21504K, 84% used [0x000000077be00000,0x000000077cfd4968,0x000000077d300000)
}
Event: 128.040 GC heap before
{Heap before GC invocations=87 (full 35):
 PSYoungGen      total 25024K, used 490K [0x00000007d5ab0000, 0x00000007d7460000, 0x0000000800000000)
  eden space 24896K, 1% used [0x00000007d5ab0000,0x00000007d5b2aaf0,0x00000007d7300000)
  from space 128K, 0% used [0x00000007d7300000,0x00000007d7300000,0x00000007d7320000)
  to   space 704K, 0% used [0x00000007d73b0000,0x00000007d73b0000,0x00000007d7460000)
 ParOldGen       total 86720K, used 10605K [0x0000000781000000, 0x00000007864b0000, 0x00000007d5ab0000)
  object space 86720K, 12% used [0x0000000781000000,0x0000000781a5b570,0x00000007864b0000)
 PSPermGen       total 21504K, used 18258K [0x000000077be00000, 0x000000077d300000, 0x0000000781000000)
  object space 21504K, 84% used [0x000000077be00000,0x000000077cfd4968,0x000000077d300000)
Event: 128.116 GC heap after
Heap after GC invocations=87 (full 35):
 PSYoungGen      total 25600K, used 32K [0x00000007d5ab0000, 0x00000007d7460000, 0x0000000800000000)
  eden space 24896K, 0% used [0x00000007d5ab0000,0x00000007d5ab0000,0x00000007d7300000)
  from space 704K, 4% used [0x00000007d73b0000,0x00000007d73b8000,0x00000007d7460000)
  to   space 704K, 0% used [0x00000007d7300000,0x00000007d7300000,0x00000007d73b0000)
 ParOldGen       total 86720K, used 10605K [0x0000000781000000, 0x00000007864b0000, 0x00000007d5ab0000)
  object space 86720K, 12% used [0x0000000781000000,0x0000000781a5b570,0x00000007864b0000)
 PSPermGen       total 21504K, used 18258K [0x000000077be00000, 0x000000077d300000, 0x0000000781000000)
  object space 21504K, 84% used [0x000000077be00000,0x000000077cfd4968,0x000000077d300000)
}
Event: 128.116 GC heap before
{Heap before GC invocations=88 (full 36):
 PSYoungGen      total 25600K, used 32K [0x00000007d5ab0000, 0x00000007d7460000, 0x0000000800000000)
  eden space 24896K, 0% used [0x00000007d5ab0000,0x00000007d5ab0000,0x00000007d7300000)
  from space 704K, 4% used [0x00000007d73b0000,0x00000007d73b8000,0x00000007d7460000)
  to   space 704K, 0% used [0x00000007d7300000,0x00000007d7300000,0x00000007d73b0000)
 ParOldGen       total 86720K, used 10605K [0x0000000781000000, 0x00000007864b0000, 0x00000007d5ab0000)
  object space 86720K, 12% used [0x0000000781000000,0x0000000781a5b570,0x00000007864b0000)
 PSPermGen       total 21504K, used 18258K [0x000000077be00000, 0x000000077d300000, 0x0000000781000000)
  object space 21504K, 84% used [0x000000077be00000,0x000000077cfd4968,0x000000077d300000)
Event: 128.248 GC heap after
Heap after GC invocations=88 (full 36):
 PSYoungGen      total 25600K, used 0K [0x00000007d5ab0000, 0x00000007d7460000, 0x0000000800000000)
  eden space 24896K, 0% used [0x00000007d5ab0000,0x00000007d5ab0000,0x00000007d7300000)
  from space 704K, 0% used [0x00000007d73b0000,0x00000007d73b0000,0x00000007d7460000)
  to   space 704K, 0% used [0x00000007d7300000,0x00000007d7300000,0x00000007d73b0000)
 ParOldGen       total 86720K, used 10594K [0x0000000781000000, 0x00000007864b0000, 0x00000007d5ab0000)
  object space 86720K, 12% used [0x0000000781000000,0x0000000781a58be0,0x00000007864b0000)
 PSPermGen       total 21504K, used 18258K [0x000000077be00000, 0x000000077d300000, 0x0000000781000000)
  object space 21504K, 84% used [0x000000077be00000,0x000000077cfd4968,0x000000077d300000)
}

