# JRE version: 7.0_11-b21
# Java VM: Java HotSpot(TM) 64-Bit Server VM (23.6-b04 mixed mode windows-amd64 compressed oops)
Heap
 PSYoungGen      total 32000K, used 212K [0x00000007d5ab0000, 0x00000007d7a20000, 0x0000000800000000)
  eden space 31808K, 0% used [0x00000007d5ab0000,0x00000007d5ae50c0,0x00000007d79c0000)
  from space 192K, 0% used [0x00000007d79c0000,0x00000007d79c0000,0x00000007d79f0000)
  to   space 192K, 0% used [0x00000007d79f0000,0x00000007d79f0000,0x00000007d7a20000)
 ParOldGen       total 86720K, used 19701K [0x0000000781000000, 0x00000007864b0000, 0x00000007d5ab0000)
  object space 86720K, 22% used [0x0000000781000000,0x000000078233d410,0x00000007864b0000)
 PSPermGen       total 21248K, used 20298K [0x000000077be00000, 0x000000077d2c0000, 0x0000000781000000)
  object space 21248K, 95% used [0x000000077be00000,0x000000077d1d2b68,0x000000077d2c0000)
GC Heap History (10 events):
Event: 3045.256 GC heap before
{Heap before GC invocations=281 (full 138):
 PSYoungGen      total 32000K, used 32K [0x00000007d5ab0000, 0x00000007d7a20000, 0x0000000800000000)
  eden space 31808K, 0% used [0x00000007d5ab0000,0x00000007d5ab0000,0x00000007d79c0000)
  from space 192K, 16% used [0x00000007d79c0000,0x00000007d79c8000,0x00000007d79f0000)
  to   space 192K, 0% used [0x00000007d79f0000,0x00000007d79f0000,0x00000007d7a20000)
 ParOldGen       total 86720K, used 19715K [0x0000000781000000, 0x00000007864b0000, 0x00000007d5ab0000)
  object space 86720K, 22% used [0x0000000781000000,0x0000000782340d58,0x00000007864b0000)
 PSPermGen       total 21248K, used 20295K [0x000000077be00000, 0x000000077d2c0000, 0x0000000781000000)
  object space 21248K, 95% used [0x000000077be00000,0x000000077d1d1d98,0x000000077d2c0000)
Event: 3045.405 GC heap after
Heap after GC invocations=281 (full 138):
 PSYoungGen      total 32000K, used 0K [0x00000007d5ab0000, 0x00000007d7a20000, 0x0000000800000000)
  eden space 31808K, 0% used [0x00000007d5ab0000,0x00000007d5ab0000,0x00000007d79c0000)
  from space 192K, 0% used [0x00000007d79c0000,0x00000007d79c0000,0x00000007d79f0000)
  to   space 192K, 0% used [0x00000007d79f0000,0x00000007d79f0000,0x00000007d7a20000)
 ParOldGen       total 86720K, used 19701K [0x0000000781000000, 0x00000007864b0000, 0x00000007d5ab0000)
  object space 86720K, 22% used [0x0000000781000000,0x000000078233d458,0x00000007864b0000)
 PSPermGen       total 21248K, used 20295K [0x000000077be00000, 0x000000077d2c0000, 0x0000000781000000)
  object space 21248K, 95% used [0x000000077be00000,0x000000077d1d1d98,0x000000077d2c0000)
}
Event: 3046.759 GC heap before
{Heap before GC invocations=282 (full 138):
 PSYoungGen      total 32000K, used 1919K [0x00000007d5ab0000, 0x00000007d7a20000, 0x0000000800000000)
  eden space 31808K, 6% used [0x00000007d5ab0000,0x00000007d5c8ff90,0x00000007d79c0000)
  from space 192K, 0% used [0x00000007d79c0000,0x00000007d79c0000,0x00000007d79f0000)
  to   space 192K, 0% used [0x00000007d79f0000,0x00000007d79f0000,0x00000007d7a20000)
 ParOldGen       total 86720K, used 19701K [0x0000000781000000, 0x00000007864b0000, 0x00000007d5ab0000)
  object space 86720K, 22% used [0x0000000781000000,0x000000078233d458,0x00000007864b0000)
 PSPermGen       total 21248K, used 20298K [0x000000077be00000, 0x000000077d2c0000, 0x0000000781000000)
  object space 21248K, 95% used [0x000000077be00000,0x000000077d1d2b68,0x000000077d2c0000)
Event: 3046.762 GC heap after
Heap after GC invocations=282 (full 138):
 PSYoungGen      total 32000K, used 96K [0x00000007d5ab0000, 0x00000007d7a20000, 0x0000000800000000)
  eden space 31808K, 0% used [0x00000007d5ab0000,0x00000007d5ab0000,0x00000007d79c0000)
  from space 192K, 50% used [0x00000007d79f0000,0x00000007d7a08000,0x00000007d7a20000)
  to   space 192K, 0% used [0x00000007d79c0000,0x00000007d79c0000,0x00000007d79f0000)
 ParOldGen       total 86720K, used 19701K [0x0000000781000000, 0x00000007864b0000, 0x00000007d5ab0000)
  object space 86720K, 22% used [0x0000000781000000,0x000000078233d458,0x00000007864b0000)
 PSPermGen       total 21248K, used 20298K [0x000000077be00000, 0x000000077d2c0000, 0x0000000781000000)
  object space 21248K, 95% used [0x000000077be00000,0x000000077d1d2b68,0x000000077d2c0000)
}
Event: 3046.762 GC heap before
{Heap before GC invocations=283 (full 139):
 PSYoungGen      total 32000K, used 96K [0x00000007d5ab0000, 0x00000007d7a20000, 0x0000000800000000)
  eden space 31808K, 0% used [0x00000007d5ab0000,0x00000007d5ab0000,0x00000007d79c0000)
  from space 192K, 50% used [0x00000007d79f0000,0x00000007d7a08000,0x00000007d7a20000)
  to   space 192K, 0% used [0x00000007d79c0000,0x00000007d79c0000,0x00000007d79f0000)
 ParOldGen       total 86720K, used 19701K [0x0000000781000000, 0x00000007864b0000, 0x00000007d5ab0000)
  object space 86720K, 22% used [0x0000000781000000,0x000000078233d458,0x00000007864b0000)
 PSPermGen       total 21248K, used 20298K [0x000000077be00000, 0x000000077d2c0000, 0x0000000781000000)
  object space 21248K, 95% used [0x000000077be00000,0x000000077d1d2b68,0x000000077d2c0000)
Event: 3046.888 GC heap after
Heap after GC invocations=283 (full 139):
 PSYoungGen      total 32000K, used 0K [0x00000007d5ab0000, 0x00000007d7a20000, 0x0000000800000000)
  eden space 31808K, 0% used [0x00000007d5ab0000,0x00000007d5ab0000,0x00000007d79c0000)
  from space 192K, 0% used [0x00000007d79f0000,0x00000007d79f0000,0x00000007d7a20000)
  to   space 192K, 0% used [0x00000007d79c0000,0x00000007d79c0000,0x00000007d79f0000)
 ParOldGen       total 86720K, used 19715K [0x0000000781000000, 0x00000007864b0000, 0x00000007d5ab0000)
  object space 86720K, 22% used [0x0000000781000000,0x0000000782340d60,0x00000007864b0000)
 PSPermGen       total 21248K, used 20298K [0x000000077be00000, 0x000000077d2c0000, 0x0000000781000000)
  object space 21248K, 95% used [0x000000077be00000,0x000000077d1d2b68,0x000000077d2c0000)
}
Event: 3046.889 GC heap before
{Heap before GC invocations=284 (full 139):
 PSYoungGen      total 32000K, used 553K [0x00000007d5ab0000, 0x00000007d7a20000, 0x0000000800000000)
  eden space 31808K, 1% used [0x00000007d5ab0000,0x00000007d5b3a6a8,0x00000007d79c0000)
  from space 192K, 0% used [0x00000007d79f0000,0x00000007d79f0000,0x00000007d7a20000)
  to   space 192K, 0% used [0x00000007d79c0000,0x00000007d79c0000,0x00000007d79f0000)
 ParOldGen       total 86720K, used 19715K [0x0000000781000000, 0x00000007864b0000, 0x00000007d5ab0000)
  object space 86720K, 22% used [0x0000000781000000,0x0000000782340d60,0x00000007864b0000)
 PSPermGen       total 21248K, used 20298K [0x000000077be00000, 0x000000077d2c0000, 0x0000000781000000)
  object space 21248K, 95% used [0x000000077be00000,0x000000077d1d2b68,0x000000077d2c0000)
Event: 3046.891 GC heap after
Heap after GC invocations=284 (full 139):
 PSYoungGen      total 32000K, used 32K [0x00000007d5ab0000, 0x00000007d7a20000, 0x0000000800000000)
  eden space 31808K, 0% used [0x00000007d5ab0000,0x00000007d5ab0000,0x00000007d79c0000)
  from space 192K, 16% used [0x00000007d79c0000,0x00000007d79c8000,0x00000007d79f0000)
  to   space 192K, 0% used [0x00000007d79f0000,0x00000007d79f0000,0x00000007d7a20000)
 ParOldGen       total 86720K, used 19715K [0x0000000781000000, 0x00000007864b0000, 0x00000007d5ab0000)
  object space 86720K, 22% used [0x0000000781000000,0x0000000782340d60,0x00000007864b0000)
 PSPermGen       total 21248K, used 20298K [0x000000077be00000, 0x000000077d2c0000, 0x0000000781000000)
  object space 21248K, 95% used [0x000000077be00000,0x000000077d1d2b68,0x000000077d2c0000)
}
Event: 3046.891 GC heap before
{Heap before GC invocations=285 (full 140):
 PSYoungGen      total 32000K, used 32K [0x00000007d5ab0000, 0x00000007d7a20000, 0x0000000800000000)
  eden space 31808K, 0% used [0x00000007d5ab0000,0x00000007d5ab0000,0x00000007d79c0000)
  from space 192K, 16% used [0x00000007d79c0000,0x00000007d79c8000,0x00000007d79f0000)
  to   space 192K, 0% used [0x00000007d79f0000,0x00000007d79f0000,0x00000007d7a20000)
 ParOldGen       total 86720K, used 19715K [0x0000000781000000, 0x00000007864b0000, 0x00000007d5ab0000)
  object space 86720K, 22% used [0x0000000781000000,0x0000000782340d60,0x00000007864b0000)
 PSPermGen       total 21248K, used 20298K [0x000000077be00000, 0x000000077d2c0000, 0x0000000781000000)
  object space 21248K, 95% used [0x000000077be00000,0x000000077d1d2b68,0x000000077d2c0000)
Event: 3047.065 GC heap after
Heap after GC invocations=285 (full 140):
 PSYoungGen      total 32000K, used 0K [0x00000007d5ab0000, 0x00000007d7a20000, 0x0000000800000000)
  eden space 31808K, 0% used [0x00000007d5ab0000,0x00000007d5ab0000,0x00000007d79c0000)
  from space 192K, 0% used [0x00000007d79c0000,0x00000007d79c0000,0x00000007d79f0000)
  to   space 192K, 0% used [0x00000007d79f0000,0x00000007d79f0000,0x00000007d7a20000)
 ParOldGen       total 86720K, used 19701K [0x0000000781000000, 0x00000007864b0000, 0x00000007d5ab0000)
  object space 86720K, 22% used [0x0000000781000000,0x000000078233d410,0x00000007864b0000)
 PSPermGen       total 21248K, used 20298K [0x000000077be00000, 0x000000077d2c0000, 0x0000000781000000)
  object space 21248K, 95% used [0x000000077be00000,0x000000077d1d2b68,0x000000077d2c0000)
}

