# JRE version: 7.0_11-b21
# Java VM: Java HotSpot(TM) 64-Bit Server VM (23.6-b04 mixed mode windows-amd64 compressed oops)
Heap
 PSYoungGen      total 37952K, used 64K [0x00000007d5ab0000, 0x00000007d8500000, 0x0000000800000000)
  eden space 32576K, 0% used [0x00000007d5ab0000,0x00000007d5ab0000,0x00000007d7a80000)
  from space 5376K, 1% used [0x00000007d7fc0000,0x00000007d7fd0000,0x00000007d8500000)
  to   space 5376K, 0% used [0x00000007d7a80000,0x00000007d7a80000,0x00000007d7fc0000)
 ParOldGen       total 86720K, used 6421K [0x0000000781000000, 0x00000007864b0000, 0x00000007d5ab0000)
  object space 86720K, 7% used [0x0000000781000000,0x0000000781645580,0x00000007864b0000)
 PSPermGen       total 21504K, used 15033K [0x000000077be00000, 0x000000077d300000, 0x0000000781000000)
  object space 21504K, 69% used [0x000000077be00000,0x000000077ccae668,0x000000077d300000)
GC Heap History (10 events):
Event: 2445.861 GC heap after
Heap after GC invocations=104 (full 50):
 PSYoungGen      total 37952K, used 96K [0x00000007d5ab0000, 0x00000007d8500000, 0x0000000800000000)
  eden space 32576K, 0% used [0x00000007d5ab0000,0x00000007d5ab0000,0x00000007d7a80000)
  from space 5376K, 1% used [0x00000007d7fc0000,0x00000007d7fd8000,0x00000007d8500000)
  to   space 5376K, 0% used [0x00000007d7a80000,0x00000007d7a80000,0x00000007d7fc0000)
 ParOldGen       total 86720K, used 6420K [0x0000000781000000, 0x00000007864b0000, 0x00000007d5ab0000)
  object space 86720K, 7% used [0x0000000781000000,0x0000000781645118,0x00000007864b0000)
 PSPermGen       total 21504K, used 15033K [0x000000077be00000, 0x000000077d300000, 0x0000000781000000)
  object space 21504K, 69% used [0x000000077be00000,0x000000077ccae668,0x000000077d300000)
}
Event: 2445.861 GC heap before
{Heap before GC invocations=105 (full 51):
 PSYoungGen      total 37952K, used 96K [0x00000007d5ab0000, 0x00000007d8500000, 0x0000000800000000)
  eden space 32576K, 0% used [0x00000007d5ab0000,0x00000007d5ab0000,0x00000007d7a80000)
  from space 5376K, 1% used [0x00000007d7fc0000,0x00000007d7fd8000,0x00000007d8500000)
  to   space 5376K, 0% used [0x00000007d7a80000,0x00000007d7a80000,0x00000007d7fc0000)
 ParOldGen       total 86720K, used 6420K [0x0000000781000000, 0x00000007864b0000, 0x00000007d5ab0000)
  object space 86720K, 7% used [0x0000000781000000,0x0000000781645118,0x00000007864b0000)
 PSPermGen       total 21504K, used 15033K [0x000000077be00000, 0x000000077d300000, 0x0000000781000000)
  object space 21504K, 69% used [0x000000077be00000,0x000000077ccae668,0x000000077d300000)
Event: 2445.886 GC heap after
Heap after GC invocations=105 (full 51):
 PSYoungGen      total 37952K, used 0K [0x00000007d5ab0000, 0x00000007d8500000, 0x0000000800000000)
  eden space 32576K, 0% used [0x00000007d5ab0000,0x00000007d5ab0000,0x00000007d7a80000)
  from space 5376K, 0% used [0x00000007d7fc0000,0x00000007d7fc0000,0x00000007d8500000)
  to   space 5376K, 0% used [0x00000007d7a80000,0x00000007d7a80000,0x00000007d7fc0000)
 ParOldGen       total 86720K, used 6426K [0x0000000781000000, 0x00000007864b0000, 0x00000007d5ab0000)
  object space 86720K, 7% used [0x0000000781000000,0x0000000781646920,0x00000007864b0000)
 PSPermGen       total 21504K, used 15033K [0x000000077be00000, 0x000000077d300000, 0x0000000781000000)
  object space 21504K, 69% used [0x000000077be00000,0x000000077ccae668,0x000000077d300000)
}
Event: 2445.886 GC heap before
{Heap before GC invocations=106 (full 51):
 PSYoungGen      total 37952K, used 579K [0x00000007d5ab0000, 0x00000007d8500000, 0x0000000800000000)
  eden space 32576K, 1% used [0x00000007d5ab0000,0x00000007d5b40dc0,0x00000007d7a80000)
  from space 5376K, 0% used [0x00000007d7fc0000,0x00000007d7fc0000,0x00000007d8500000)
  to   space 5376K, 0% used [0x00000007d7a80000,0x00000007d7a80000,0x00000007d7fc0000)
 ParOldGen       total 86720K, used 6426K [0x0000000781000000, 0x00000007864b0000, 0x00000007d5ab0000)
  object space 86720K, 7% used [0x0000000781000000,0x0000000781646920,0x00000007864b0000)
 PSPermGen       total 21504K, used 15033K [0x000000077be00000, 0x000000077d300000, 0x0000000781000000)
  object space 21504K, 69% used [0x000000077be00000,0x000000077ccae668,0x000000077d300000)
Event: 2445.887 GC heap after
Heap after GC invocations=106 (full 51):
 PSYoungGen      total 37952K, used 32K [0x00000007d5ab0000, 0x00000007d8500000, 0x0000000800000000)
  eden space 32576K, 0% used [0x00000007d5ab0000,0x00000007d5ab0000,0x00000007d7a80000)
  from space 5376K, 0% used [0x00000007d7a80000,0x00000007d7a88000,0x00000007d7fc0000)
  to   space 5376K, 0% used [0x00000007d7fc0000,0x00000007d7fc0000,0x00000007d8500000)
 ParOldGen       total 86720K, used 6426K [0x0000000781000000, 0x00000007864b0000, 0x00000007d5ab0000)
  object space 86720K, 7% used [0x0000000781000000,0x0000000781646920,0x00000007864b0000)
 PSPermGen       total 21504K, used 15033K [0x000000077be00000, 0x000000077d300000, 0x0000000781000000)
  object space 21504K, 69% used [0x000000077be00000,0x000000077ccae668,0x000000077d300000)
}
Event: 2445.887 GC heap before
{Heap before GC invocations=107 (full 52):
 PSYoungGen      total 37952K, used 32K [0x00000007d5ab0000, 0x00000007d8500000, 0x0000000800000000)
  eden space 32576K, 0% used [0x00000007d5ab0000,0x00000007d5ab0000,0x00000007d7a80000)
  from space 5376K, 0% used [0x00000007d7a80000,0x00000007d7a88000,0x00000007d7fc0000)
  to   space 5376K, 0% used [0x00000007d7fc0000,0x00000007d7fc0000,0x00000007d8500000)
 ParOldGen       total 86720K, used 6426K [0x0000000781000000, 0x00000007864b0000, 0x00000007d5ab0000)
  object space 86720K, 7% used [0x0000000781000000,0x0000000781646920,0x00000007864b0000)
 PSPermGen       total 21504K, used 15033K [0x000000077be00000, 0x000000077d300000, 0x0000000781000000)
  object space 21504K, 69% used [0x000000077be00000,0x000000077ccae668,0x000000077d300000)
Event: 2445.910 GC heap after
Heap after GC invocations=107 (full 52):
 PSYoungGen      total 37952K, used 0K [0x00000007d5ab0000, 0x00000007d8500000, 0x0000000800000000)
  eden space 32576K, 0% used [0x00000007d5ab0000,0x00000007d5ab0000,0x00000007d7a80000)
  from space 5376K, 0% used [0x00000007d7a80000,0x00000007d7a80000,0x00000007d7fc0000)
  to   space 5376K, 0% used [0x00000007d7fc0000,0x00000007d7fc0000,0x00000007d8500000)
 ParOldGen       total 86720K, used 6421K [0x0000000781000000, 0x00000007864b0000, 0x00000007d5ab0000)
  object space 86720K, 7% used [0x0000000781000000,0x0000000781645580,0x00000007864b0000)
 PSPermGen       total 21504K, used 15033K [0x000000077be00000, 0x000000077d300000, 0x0000000781000000)
  object space 21504K, 69% used [0x000000077be00000,0x000000077ccae668,0x000000077d300000)
}
Event: 2445.910 GC heap before
{Heap before GC invocations=108 (full 52):
 PSYoungGen      total 37952K, used 724K [0x00000007d5ab0000, 0x00000007d8500000, 0x0000000800000000)
  eden space 32576K, 2% used [0x00000007d5ab0000,0x00000007d5b650e8,0x00000007d7a80000)
  from space 5376K, 0% used [0x00000007d7a80000,0x00000007d7a80000,0x00000007d7fc0000)
  to   space 5376K, 0% used [0x00000007d7fc0000,0x00000007d7fc0000,0x00000007d8500000)
 ParOldGen       total 86720K, used 6421K [0x0000000781000000, 0x00000007864b0000, 0x00000007d5ab0000)
  object space 86720K, 7% used [0x0000000781000000,0x0000000781645580,0x00000007864b0000)
 PSPermGen       total 21504K, used 15033K [0x000000077be00000, 0x000000077d300000, 0x0000000781000000)
  object space 21504K, 69% used [0x000000077be00000,0x000000077ccae668,0x000000077d300000)
Event: 2445.911 GC heap after
Heap after GC invocations=108 (full 52):
 PSYoungGen      total 37952K, used 64K [0x00000007d5ab0000, 0x00000007d8500000, 0x0000000800000000)
  eden space 32576K, 0% used [0x00000007d5ab0000,0x00000007d5ab0000,0x00000007d7a80000)
  from space 5376K, 1% used [0x00000007d7fc0000,0x00000007d7fd0000,0x00000007d8500000)
  to   space 5376K, 0% used [0x00000007d7a80000,0x00000007d7a80000,0x00000007d7fc0000)
 ParOldGen       total 86720K, used 6421K [0x0000000781000000, 0x00000007864b0000, 0x00000007d5ab0000)
  object space 86720K, 7% used [0x0000000781000000,0x0000000781645580,0x00000007864b0000)
 PSPermGen       total 21504K, used 15033K [0x000000077be00000, 0x000000077d300000, 0x0000000781000000)
  object space 21504K, 69% used [0x000000077be00000,0x000000077ccae668,0x000000077d300000)
}
Event: 2445.911 GC heap before
{Heap before GC invocations=109 (full 53):
 PSYoungGen      total 37952K, used 64K [0x00000007d5ab0000, 0x00000007d8500000, 0x0000000800000000)
  eden space 32576K, 0% used [0x00000007d5ab0000,0x00000007d5ab0000,0x00000007d7a80000)
  from space 5376K, 1% used [0x00000007d7fc0000,0x00000007d7fd0000,0x00000007d8500000)
  to   space 5376K, 0% used [0x00000007d7a80000,0x00000007d7a80000,0x00000007d7fc0000)
 ParOldGen       total 86720K, used 6421K [0x0000000781000000, 0x00000007864b0000, 0x00000007d5ab0000)
  object space 86720K, 7% used [0x0000000781000000,0x0000000781645580,0x00000007864b0000)
 PSPermGen       total 21504K, used 15033K [0x000000077be00000, 0x000000077d300000, 0x0000000781000000)
  object space 21504K, 69% used [0x000000077be00000,0x000000077ccae668,0x000000077d300000)

