# JRE version: 7.0_11-b21
# Java VM: Java HotSpot(TM) 64-Bit Server VM (23.6-b04 mixed mode windows-amd64 compressed oops)
Heap
 PSYoungGen      total 33024K, used 2319K [0x00000007d5ab0000, 0x00000007d7b20000, 0x0000000800000000)
  eden space 32832K, 7% used [0x00000007d5ab0000,0x00000007d5cf3c90,0x00000007d7ac0000)
  from space 192K, 0% used [0x00000007d7af0000,0x00000007d7af0000,0x00000007d7b20000)
  to   space 192K, 33% used [0x00000007d7ac0000,0x00000007d7ad0000,0x00000007d7af0000)
 ParOldGen       total 86720K, used 20520K [0x0000000781000000, 0x00000007864b0000, 0x00000007d5ab0000)
  object space 86720K, 23% used [0x0000000781000000,0x000000078240a378,0x00000007864b0000)
 PSPermGen       total 21504K, used 20844K [0x000000077be00000, 0x000000077d300000, 0x0000000781000000)
  object space 21504K, 96% used [0x000000077be00000,0x000000077d25b018,0x000000077d300000)
GC Heap History (10 events):
Event: 3609.511 GC heap after
Heap after GC invocations=6360 (full 3170):
 PSYoungGen      total 33024K, used 0K [0x00000007d5ab0000, 0x00000007d7b20000, 0x0000000800000000)
  eden space 32832K, 0% used [0x00000007d5ab0000,0x00000007d5ab0000,0x00000007d7ac0000)
  from space 192K, 0% used [0x00000007d7af0000,0x00000007d7af0000,0x00000007d7b20000)
  to   space 192K, 0% used [0x00000007d7ac0000,0x00000007d7ac0000,0x00000007d7af0000)
 ParOldGen       total 86720K, used 20577K [0x0000000781000000, 0x00000007864b0000, 0x00000007d5ab0000)
  object space 86720K, 23% used [0x0000000781000000,0x0000000782418760,0x00000007864b0000)
 PSPermGen       total 21504K, used 20836K [0x000000077be00000, 0x000000077d300000, 0x0000000781000000)
  object space 21504K, 96% used [0x000000077be00000,0x000000077d259308,0x000000077d300000)
}
Event: 3968.995 GC heap before
{Heap before GC invocations=6361 (full 3170):
 PSYoungGen      total 33024K, used 2591K [0x00000007d5ab0000, 0x00000007d7b20000, 0x0000000800000000)
  eden space 32832K, 7% used [0x00000007d5ab0000,0x00000007d5d37d20,0x00000007d7ac0000)
  from space 192K, 0% used [0x00000007d7af0000,0x00000007d7af0000,0x00000007d7b20000)
  to   space 192K, 0% used [0x00000007d7ac0000,0x00000007d7ac0000,0x00000007d7af0000)
 ParOldGen       total 86720K, used 20577K [0x0000000781000000, 0x00000007864b0000, 0x00000007d5ab0000)
  object space 86720K, 23% used [0x0000000781000000,0x0000000782418760,0x00000007864b0000)
 PSPermGen       total 21504K, used 20844K [0x000000077be00000, 0x000000077d300000, 0x0000000781000000)
  object space 21504K, 96% used [0x000000077be00000,0x000000077d25b018,0x000000077d300000)
Event: 3968.997 GC heap after
Heap after GC invocations=6361 (full 3170):
 PSYoungGen      total 33024K, used 128K [0x00000007d5ab0000, 0x00000007d7b20000, 0x0000000800000000)
  eden space 32832K, 0% used [0x00000007d5ab0000,0x00000007d5ab0000,0x00000007d7ac0000)
  from space 192K, 66% used [0x00000007d7ac0000,0x00000007d7ae0000,0x00000007d7af0000)
  to   space 192K, 0% used [0x00000007d7af0000,0x00000007d7af0000,0x00000007d7b20000)
 ParOldGen       total 86720K, used 20577K [0x0000000781000000, 0x00000007864b0000, 0x00000007d5ab0000)
  object space 86720K, 23% used [0x0000000781000000,0x0000000782418760,0x00000007864b0000)
 PSPermGen       total 21504K, used 20844K [0x000000077be00000, 0x000000077d300000, 0x0000000781000000)
  object space 21504K, 96% used [0x000000077be00000,0x000000077d25b018,0x000000077d300000)
}
Event: 3968.997 GC heap before
{Heap before GC invocations=6362 (full 3171):
 PSYoungGen      total 33024K, used 128K [0x00000007d5ab0000, 0x00000007d7b20000, 0x0000000800000000)
  eden space 32832K, 0% used [0x00000007d5ab0000,0x00000007d5ab0000,0x00000007d7ac0000)
  from space 192K, 66% used [0x00000007d7ac0000,0x00000007d7ae0000,0x00000007d7af0000)
  to   space 192K, 0% used [0x00000007d7af0000,0x00000007d7af0000,0x00000007d7b20000)
 ParOldGen       total 86720K, used 20577K [0x0000000781000000, 0x00000007864b0000, 0x00000007d5ab0000)
  object space 86720K, 23% used [0x0000000781000000,0x0000000782418760,0x00000007864b0000)
 PSPermGen       total 21504K, used 20844K [0x000000077be00000, 0x000000077d300000, 0x0000000781000000)
  object space 21504K, 96% used [0x000000077be00000,0x000000077d25b018,0x000000077d300000)
Event: 3969.140 GC heap after
Heap after GC invocations=6362 (full 3171):
 PSYoungGen      total 33024K, used 0K [0x00000007d5ab0000, 0x00000007d7b20000, 0x0000000800000000)
  eden space 32832K, 0% used [0x00000007d5ab0000,0x00000007d5ab0000,0x00000007d7ac0000)
  from space 192K, 0% used [0x00000007d7ac0000,0x00000007d7ac0000,0x00000007d7af0000)
  to   space 192K, 0% used [0x00000007d7af0000,0x00000007d7af0000,0x00000007d7b20000)
 ParOldGen       total 86720K, used 20520K [0x0000000781000000, 0x00000007864b0000, 0x00000007d5ab0000)
  object space 86720K, 23% used [0x0000000781000000,0x000000078240a138,0x00000007864b0000)
 PSPermGen       total 21504K, used 20844K [0x000000077be00000, 0x000000077d300000, 0x0000000781000000)
  object space 21504K, 96% used [0x000000077be00000,0x000000077d25b018,0x000000077d300000)
}
Event: 3969.141 GC heap before
{Heap before GC invocations=6363 (full 3171):
 PSYoungGen      total 33024K, used 408K [0x00000007d5ab0000, 0x00000007d7b20000, 0x0000000800000000)
  eden space 32832K, 1% used [0x00000007d5ab0000,0x00000007d5b162b0,0x00000007d7ac0000)
  from space 192K, 0% used [0x00000007d7ac0000,0x00000007d7ac0000,0x00000007d7af0000)
  to   space 192K, 0% used [0x00000007d7af0000,0x00000007d7af0000,0x00000007d7b20000)
 ParOldGen       total 86720K, used 20520K [0x0000000781000000, 0x00000007864b0000, 0x00000007d5ab0000)
  object space 86720K, 23% used [0x0000000781000000,0x000000078240a138,0x00000007864b0000)
 PSPermGen       total 21504K, used 20844K [0x000000077be00000, 0x000000077d300000, 0x0000000781000000)
  object space 21504K, 96% used [0x000000077be00000,0x000000077d25b018,0x000000077d300000)
Event: 3969.148 GC heap after
Heap after GC invocations=6363 (full 3171):
 PSYoungGen      total 33024K, used 32K [0x00000007d5ab0000, 0x00000007d7b20000, 0x0000000800000000)
  eden space 32832K, 0% used [0x00000007d5ab0000,0x00000007d5ab0000,0x00000007d7ac0000)
  from space 192K, 16% used [0x00000007d7af0000,0x00000007d7af8000,0x00000007d7b20000)
  to   space 192K, 0% used [0x00000007d7ac0000,0x00000007d7ac0000,0x00000007d7af0000)
 ParOldGen       total 86720K, used 20520K [0x0000000781000000, 0x00000007864b0000, 0x00000007d5ab0000)
  object space 86720K, 23% used [0x0000000781000000,0x000000078240a138,0x00000007864b0000)
 PSPermGen       total 21504K, used 20844K [0x000000077be00000, 0x000000077d300000, 0x0000000781000000)
  object space 21504K, 96% used [0x000000077be00000,0x000000077d25b018,0x000000077d300000)
}
Event: 3969.148 GC heap before
{Heap before GC invocations=6364 (full 3172):
 PSYoungGen      total 33024K, used 32K [0x00000007d5ab0000, 0x00000007d7b20000, 0x0000000800000000)
  eden space 32832K, 0% used [0x00000007d5ab0000,0x00000007d5ab0000,0x00000007d7ac0000)
  from space 192K, 16% used [0x00000007d7af0000,0x00000007d7af8000,0x00000007d7b20000)
  to   space 192K, 0% used [0x00000007d7ac0000,0x00000007d7ac0000,0x00000007d7af0000)
 ParOldGen       total 86720K, used 20520K [0x0000000781000000, 0x00000007864b0000, 0x00000007d5ab0000)
  object space 86720K, 23% used [0x0000000781000000,0x000000078240a138,0x00000007864b0000)
 PSPermGen       total 21504K, used 20844K [0x000000077be00000, 0x000000077d300000, 0x0000000781000000)
  object space 21504K, 96% used [0x000000077be00000,0x000000077d25b018,0x000000077d300000)
Event: 3969.306 GC heap after
Heap after GC invocations=6364 (full 3172):
 PSYoungGen      total 33024K, used 0K [0x00000007d5ab0000, 0x00000007d7b20000, 0x0000000800000000)
  eden space 32832K, 0% used [0x00000007d5ab0000,0x00000007d5ab0000,0x00000007d7ac0000)
  from space 192K, 0% used [0x00000007d7af0000,0x00000007d7af0000,0x00000007d7b20000)
  to   space 192K, 0% used [0x00000007d7ac0000,0x00000007d7ac0000,0x00000007d7af0000)
 ParOldGen       total 86720K, used 20520K [0x0000000781000000, 0x00000007864b0000, 0x00000007d5ab0000)
  object space 86720K, 23% used [0x0000000781000000,0x000000078240a378,0x00000007864b0000)
 PSPermGen       total 21504K, used 20844K [0x000000077be00000, 0x000000077d300000, 0x0000000781000000)
  object space 21504K, 96% used [0x000000077be00000,0x000000077d25b018,0x000000077d300000)
}
Event: 3970.885 GC heap before
{Heap before GC invocations=6365 (full 3172):
 PSYoungGen      total 33024K, used 2319K [0x00000007d5ab0000, 0x00000007d7b20000, 0x0000000800000000)
  eden space 32832K, 7% used [0x00000007d5ab0000,0x00000007d5cf3c90,0x00000007d7ac0000)
  from space 192K, 0% used [0x00000007d7af0000,0x00000007d7af0000,0x00000007d7b20000)
  to   space 192K, 0% used [0x00000007d7ac0000,0x00000007d7ac0000,0x00000007d7af0000)
 ParOldGen       total 86720K, used 20520K [0x0000000781000000, 0x00000007864b0000, 0x00000007d5ab0000)
  object space 86720K, 23% used [0x0000000781000000,0x000000078240a378,0x00000007864b0000)
 PSPermGen       total 21504K, used 20844K [0x000000077be00000, 0x000000077d300000, 0x0000000781000000)
  object space 21504K, 96% used [0x000000077be00000,0x000000077d25b018,0x000000077d300000)

