# JRE version: 7.0_11-b21
# Java VM: Java HotSpot(TM) 64-Bit Server VM (23.6-b04 mixed mode windows-amd64 compressed oops)
Heap
 PSYoungGen      total 25600K, used 1506K [0x00000007d5ab0000, 0x00000007d73e0000, 0x0000000800000000)
  eden space 25408K, 5% used [0x00000007d5ab0000,0x00000007d5c28880,0x00000007d7380000)
  from space 192K, 0% used [0x00000007d7380000,0x00000007d7380000,0x00000007d73b0000)
  to   space 192K, 33% used [0x00000007d73b0000,0x00000007d73c0000,0x00000007d73e0000)
 ParOldGen       total 86720K, used 10928K [0x0000000781000000, 0x00000007864b0000, 0x00000007d5ab0000)
  object space 86720K, 12% used [0x0000000781000000,0x0000000781aac2f8,0x00000007864b0000)
 PSPermGen       total 21248K, used 18588K [0x000000077be00000, 0x000000077d2c0000, 0x0000000781000000)
  object space 21248K, 87% used [0x000000077be00000,0x000000077d027178,0x000000077d2c0000)
GC Heap History (10 events):
Event: 297.981 GC heap after
Heap after GC invocations=431 (full 208):
 PSYoungGen      total 25600K, used 0K [0x00000007d5ab0000, 0x00000007d73e0000, 0x0000000800000000)
  eden space 25408K, 0% used [0x00000007d5ab0000,0x00000007d5ab0000,0x00000007d7380000)
  from space 192K, 0% used [0x00000007d7380000,0x00000007d7380000,0x00000007d73b0000)
  to   space 192K, 0% used [0x00000007d73b0000,0x00000007d73b0000,0x00000007d73e0000)
 ParOldGen       total 86720K, used 10918K [0x0000000781000000, 0x00000007864b0000, 0x00000007d5ab0000)
  object space 86720K, 12% used [0x0000000781000000,0x0000000781aa9958,0x00000007864b0000)
 PSPermGen       total 21248K, used 18585K [0x000000077be00000, 0x000000077d2c0000, 0x0000000781000000)
  object space 21248K, 87% used [0x000000077be00000,0x000000077d026588,0x000000077d2c0000)
}
Event: 298.775 GC heap before
{Heap before GC invocations=432 (full 208):
 PSYoungGen      total 25600K, used 2509K [0x00000007d5ab0000, 0x00000007d73e0000, 0x0000000800000000)
  eden space 25408K, 9% used [0x00000007d5ab0000,0x00000007d5d23758,0x00000007d7380000)
  from space 192K, 0% used [0x00000007d7380000,0x00000007d7380000,0x00000007d73b0000)
  to   space 192K, 0% used [0x00000007d73b0000,0x00000007d73b0000,0x00000007d73e0000)
 ParOldGen       total 86720K, used 10918K [0x0000000781000000, 0x00000007864b0000, 0x00000007d5ab0000)
  object space 86720K, 12% used [0x0000000781000000,0x0000000781aa9958,0x00000007864b0000)
 PSPermGen       total 21248K, used 18585K [0x000000077be00000, 0x000000077d2c0000, 0x0000000781000000)
  object space 21248K, 87% used [0x000000077be00000,0x000000077d026670,0x000000077d2c0000)
Event: 298.777 GC heap after
Heap after GC invocations=432 (full 208):
 PSYoungGen      total 25600K, used 96K [0x00000007d5ab0000, 0x00000007d73e0000, 0x0000000800000000)
  eden space 25408K, 0% used [0x00000007d5ab0000,0x00000007d5ab0000,0x00000007d7380000)
  from space 192K, 50% used [0x00000007d73b0000,0x00000007d73c8000,0x00000007d73e0000)
  to   space 192K, 0% used [0x00000007d7380000,0x00000007d7380000,0x00000007d73b0000)
 ParOldGen       total 86720K, used 10918K [0x0000000781000000, 0x00000007864b0000, 0x00000007d5ab0000)
  object space 86720K, 12% used [0x0000000781000000,0x0000000781aa9958,0x00000007864b0000)
 PSPermGen       total 21248K, used 18585K [0x000000077be00000, 0x000000077d2c0000, 0x0000000781000000)
  object space 21248K, 87% used [0x000000077be00000,0x000000077d026670,0x000000077d2c0000)
}
Event: 298.777 GC heap before
{Heap before GC invocations=433 (full 209):
 PSYoungGen      total 25600K, used 96K [0x00000007d5ab0000, 0x00000007d73e0000, 0x0000000800000000)
  eden space 25408K, 0% used [0x00000007d5ab0000,0x00000007d5ab0000,0x00000007d7380000)
  from space 192K, 50% used [0x00000007d73b0000,0x00000007d73c8000,0x00000007d73e0000)
  to   space 192K, 0% used [0x00000007d7380000,0x00000007d7380000,0x00000007d73b0000)
 ParOldGen       total 86720K, used 10918K [0x0000000781000000, 0x00000007864b0000, 0x00000007d5ab0000)
  object space 86720K, 12% used [0x0000000781000000,0x0000000781aa9958,0x00000007864b0000)
 PSPermGen       total 21248K, used 18585K [0x000000077be00000, 0x000000077d2c0000, 0x0000000781000000)
  object space 21248K, 87% used [0x000000077be00000,0x000000077d026670,0x000000077d2c0000)
Event: 298.868 GC heap after
Heap after GC invocations=433 (full 209):
 PSYoungGen      total 25600K, used 0K [0x00000007d5ab0000, 0x00000007d73e0000, 0x0000000800000000)
  eden space 25408K, 0% used [0x00000007d5ab0000,0x00000007d5ab0000,0x00000007d7380000)
  from space 192K, 0% used [0x00000007d73b0000,0x00000007d73b0000,0x00000007d73e0000)
  to   space 192K, 0% used [0x00000007d7380000,0x00000007d7380000,0x00000007d73b0000)
 ParOldGen       total 86720K, used 10929K [0x0000000781000000, 0x00000007864b0000, 0x00000007d5ab0000)
  object space 86720K, 12% used [0x0000000781000000,0x0000000781aac5d8,0x00000007864b0000)
 PSPermGen       total 21248K, used 18585K [0x000000077be00000, 0x000000077d2c0000, 0x0000000781000000)
  object space 21248K, 87% used [0x000000077be00000,0x000000077d026670,0x000000077d2c0000)
}
Event: 298.868 GC heap before
{Heap before GC invocations=434 (full 209):
 PSYoungGen      total 25600K, used 614K [0x00000007d5ab0000, 0x00000007d73e0000, 0x0000000800000000)
  eden space 25408K, 2% used [0x00000007d5ab0000,0x00000007d5b49860,0x00000007d7380000)
  from space 192K, 0% used [0x00000007d73b0000,0x00000007d73b0000,0x00000007d73e0000)
  to   space 192K, 0% used [0x00000007d7380000,0x00000007d7380000,0x00000007d73b0000)
 ParOldGen       total 86720K, used 10929K [0x0000000781000000, 0x00000007864b0000, 0x00000007d5ab0000)
  object space 86720K, 12% used [0x0000000781000000,0x0000000781aac5d8,0x00000007864b0000)
 PSPermGen       total 21248K, used 18585K [0x000000077be00000, 0x000000077d2c0000, 0x0000000781000000)
  object space 21248K, 87% used [0x000000077be00000,0x000000077d026670,0x000000077d2c0000)
Event: 298.870 GC heap after
Heap after GC invocations=434 (full 209):
 PSYoungGen      total 25600K, used 32K [0x00000007d5ab0000, 0x00000007d73e0000, 0x0000000800000000)
  eden space 25408K, 0% used [0x00000007d5ab0000,0x00000007d5ab0000,0x00000007d7380000)
  from space 192K, 16% used [0x00000007d7380000,0x00000007d7388000,0x00000007d73b0000)
  to   space 192K, 0% used [0x00000007d73b0000,0x00000007d73b0000,0x00000007d73e0000)
 ParOldGen       total 86720K, used 10929K [0x0000000781000000, 0x00000007864b0000, 0x00000007d5ab0000)
  object space 86720K, 12% used [0x0000000781000000,0x0000000781aac5d8,0x00000007864b0000)
 PSPermGen       total 21248K, used 18585K [0x000000077be00000, 0x000000077d2c0000, 0x0000000781000000)
  object space 21248K, 87% used [0x000000077be00000,0x000000077d026670,0x000000077d2c0000)
}
Event: 298.870 GC heap before
{Heap before GC invocations=435 (full 210):
 PSYoungGen      total 25600K, used 32K [0x00000007d5ab0000, 0x00000007d73e0000, 0x0000000800000000)
  eden space 25408K, 0% used [0x00000007d5ab0000,0x00000007d5ab0000,0x00000007d7380000)
  from space 192K, 16% used [0x00000007d7380000,0x00000007d7388000,0x00000007d73b0000)
  to   space 192K, 0% used [0x00000007d73b0000,0x00000007d73b0000,0x00000007d73e0000)
 ParOldGen       total 86720K, used 10929K [0x0000000781000000, 0x00000007864b0000, 0x00000007d5ab0000)
  object space 86720K, 12% used [0x0000000781000000,0x0000000781aac5d8,0x00000007864b0000)
 PSPermGen       total 21248K, used 18585K [0x000000077be00000, 0x000000077d2c0000, 0x0000000781000000)
  object space 21248K, 87% used [0x000000077be00000,0x000000077d026670,0x000000077d2c0000)
Event: 298.950 GC heap after
Heap after GC invocations=435 (full 210):
 PSYoungGen      total 25600K, used 0K [0x00000007d5ab0000, 0x00000007d73e0000, 0x0000000800000000)
  eden space 25408K, 0% used [0x00000007d5ab0000,0x00000007d5ab0000,0x00000007d7380000)
  from space 192K, 0% used [0x00000007d7380000,0x00000007d7380000,0x00000007d73b0000)
  to   space 192K, 0% used [0x00000007d73b0000,0x00000007d73b0000,0x00000007d73e0000)
 ParOldGen       total 86720K, used 10928K [0x0000000781000000, 0x00000007864b0000, 0x00000007d5ab0000)
  object space 86720K, 12% used [0x0000000781000000,0x0000000781aac2f8,0x00000007864b0000)
 PSPermGen       total 21248K, used 18585K [0x000000077be00000, 0x000000077d2c0000, 0x0000000781000000)
  object space 21248K, 87% used [0x000000077be00000,0x000000077d026670,0x000000077d2c0000)
}
Event: 299.763 GC heap before
{Heap before GC invocations=436 (full 210):
 PSYoungGen      total 25600K, used 1506K [0x00000007d5ab0000, 0x00000007d73e0000, 0x0000000800000000)
  eden space 25408K, 5% used [0x00000007d5ab0000,0x00000007d5c28880,0x00000007d7380000)
  from space 192K, 0% used [0x00000007d7380000,0x00000007d7380000,0x00000007d73b0000)
  to   space 192K, 0% used [0x00000007d73b0000,0x00000007d73b0000,0x00000007d73e0000)
 ParOldGen       total 86720K, used 10928K [0x0000000781000000, 0x00000007864b0000, 0x00000007d5ab0000)
  object space 86720K, 12% used [0x0000000781000000,0x0000000781aac2f8,0x00000007864b0000)
 PSPermGen       total 21248K, used 18588K [0x000000077be00000, 0x000000077d2c0000, 0x0000000781000000)
  object space 21248K, 87% used [0x000000077be00000,0x000000077d027178,0x000000077d2c0000)

