# JRE version: 7.0_11-b21
# Java VM: Java HotSpot(TM) 64-Bit Server VM (23.6-b04 mixed mode windows-amd64 compressed oops)
Heap
 PSYoungGen      total 37952K, used 32K [0x00000007d5ab0000, 0x00000007d8500000, 0x0000000800000000)
  eden space 32576K, 0% used [0x00000007d5ab0000,0x00000007d5ab0000,0x00000007d7a80000)
  from space 5376K, 0% used [0x00000007d7fc0000,0x00000007d7fc8000,0x00000007d8500000)
  to   space 5376K, 0% used [0x00000007d7a80000,0x00000007d7a80000,0x00000007d7fc0000)
 ParOldGen       total 86720K, used 10343K [0x0000000781000000, 0x00000007864b0000, 0x00000007d5ab0000)
  object space 86720K, 11% used [0x0000000781000000,0x0000000781a19f60,0x00000007864b0000)
 PSPermGen       total 21504K, used 18563K [0x000000077be00000, 0x000000077d300000, 0x0000000781000000)
  object space 21504K, 86% used [0x000000077be00000,0x000000077d020c00,0x000000077d300000)
GC Heap History (10 events):
Event: 226.381 GC heap after
Heap after GC invocations=775 (full 385):
 PSYoungGen      total 37952K, used 32K [0x00000007d5ab0000, 0x00000007d8500000, 0x0000000800000000)
  eden space 32576K, 0% used [0x00000007d5ab0000,0x00000007d5ab0000,0x00000007d7a80000)
  from space 5376K, 0% used [0x00000007d7fc0000,0x00000007d7fc8000,0x00000007d8500000)
  to   space 5376K, 0% used [0x00000007d7a80000,0x00000007d7a80000,0x00000007d7fc0000)
 ParOldGen       total 86720K, used 10343K [0x0000000781000000, 0x00000007864b0000, 0x00000007d5ab0000)
  object space 86720K, 11% used [0x0000000781000000,0x0000000781a19ff8,0x00000007864b0000)
 PSPermGen       total 21504K, used 18563K [0x000000077be00000, 0x000000077d300000, 0x0000000781000000)
  object space 21504K, 86% used [0x000000077be00000,0x000000077d020c00,0x000000077d300000)
}
Event: 226.381 GC heap before
{Heap before GC invocations=776 (full 386):
 PSYoungGen      total 37952K, used 32K [0x00000007d5ab0000, 0x00000007d8500000, 0x0000000800000000)
  eden space 32576K, 0% used [0x00000007d5ab0000,0x00000007d5ab0000,0x00000007d7a80000)
  from space 5376K, 0% used [0x00000007d7fc0000,0x00000007d7fc8000,0x00000007d8500000)
  to   space 5376K, 0% used [0x00000007d7a80000,0x00000007d7a80000,0x00000007d7fc0000)
 ParOldGen       total 86720K, used 10343K [0x0000000781000000, 0x00000007864b0000, 0x00000007d5ab0000)
  object space 86720K, 11% used [0x0000000781000000,0x0000000781a19ff8,0x00000007864b0000)
 PSPermGen       total 21504K, used 18563K [0x000000077be00000, 0x000000077d300000, 0x0000000781000000)
  object space 21504K, 86% used [0x000000077be00000,0x000000077d020c00,0x000000077d300000)
Event: 226.427 GC heap after
Heap after GC invocations=776 (full 386):
 PSYoungGen      total 37952K, used 0K [0x00000007d5ab0000, 0x00000007d8500000, 0x0000000800000000)
  eden space 32576K, 0% used [0x00000007d5ab0000,0x00000007d5ab0000,0x00000007d7a80000)
  from space 5376K, 0% used [0x00000007d7fc0000,0x00000007d7fc0000,0x00000007d8500000)
  to   space 5376K, 0% used [0x00000007d7a80000,0x00000007d7a80000,0x00000007d7fc0000)
 ParOldGen       total 86720K, used 10334K [0x0000000781000000, 0x00000007864b0000, 0x00000007d5ab0000)
  object space 86720K, 11% used [0x0000000781000000,0x0000000781a178d8,0x00000007864b0000)
 PSPermGen       total 21504K, used 18563K [0x000000077be00000, 0x000000077d300000, 0x0000000781000000)
  object space 21504K, 86% used [0x000000077be00000,0x000000077d020c00,0x000000077d300000)
}
Event: 227.333 GC heap before
{Heap before GC invocations=777 (full 386):
 PSYoungGen      total 37952K, used 1922K [0x00000007d5ab0000, 0x00000007d8500000, 0x0000000800000000)
  eden space 32576K, 5% used [0x00000007d5ab0000,0x00000007d5c90ac0,0x00000007d7a80000)
  from space 5376K, 0% used [0x00000007d7fc0000,0x00000007d7fc0000,0x00000007d8500000)
  to   space 5376K, 0% used [0x00000007d7a80000,0x00000007d7a80000,0x00000007d7fc0000)
 ParOldGen       total 86720K, used 10334K [0x0000000781000000, 0x00000007864b0000, 0x00000007d5ab0000)
  object space 86720K, 11% used [0x0000000781000000,0x0000000781a178d8,0x00000007864b0000)
 PSPermGen       total 21504K, used 18563K [0x000000077be00000, 0x000000077d300000, 0x0000000781000000)
  object space 21504K, 86% used [0x000000077be00000,0x000000077d020c00,0x000000077d300000)
Event: 227.345 GC heap after
Heap after GC invocations=777 (full 386):
 PSYoungGen      total 37952K, used 64K [0x00000007d5ab0000, 0x00000007d8500000, 0x0000000800000000)
  eden space 32576K, 0% used [0x00000007d5ab0000,0x00000007d5ab0000,0x00000007d7a80000)
  from space 5376K, 1% used [0x00000007d7a80000,0x00000007d7a90000,0x00000007d7fc0000)
  to   space 5376K, 0% used [0x00000007d7fc0000,0x00000007d7fc0000,0x00000007d8500000)
 ParOldGen       total 86720K, used 10334K [0x0000000781000000, 0x00000007864b0000, 0x00000007d5ab0000)
  object space 86720K, 11% used [0x0000000781000000,0x0000000781a178d8,0x00000007864b0000)
 PSPermGen       total 21504K, used 18563K [0x000000077be00000, 0x000000077d300000, 0x0000000781000000)
  object space 21504K, 86% used [0x000000077be00000,0x000000077d020c00,0x000000077d300000)
}
Event: 227.345 GC heap before
{Heap before GC invocations=778 (full 387):
 PSYoungGen      total 37952K, used 64K [0x00000007d5ab0000, 0x00000007d8500000, 0x0000000800000000)
  eden space 32576K, 0% used [0x00000007d5ab0000,0x00000007d5ab0000,0x00000007d7a80000)
  from space 5376K, 1% used [0x00000007d7a80000,0x00000007d7a90000,0x00000007d7fc0000)
  to   space 5376K, 0% used [0x00000007d7fc0000,0x00000007d7fc0000,0x00000007d8500000)
 ParOldGen       total 86720K, used 10334K [0x0000000781000000, 0x00000007864b0000, 0x00000007d5ab0000)
  object space 86720K, 11% used [0x0000000781000000,0x0000000781a178d8,0x00000007864b0000)
 PSPermGen       total 21504K, used 18563K [0x000000077be00000, 0x000000077d300000, 0x0000000781000000)
  object space 21504K, 86% used [0x000000077be00000,0x000000077d020c00,0x000000077d300000)
Event: 227.385 GC heap after
Heap after GC invocations=778 (full 387):
 PSYoungGen      total 37952K, used 0K [0x00000007d5ab0000, 0x00000007d8500000, 0x0000000800000000)
  eden space 32576K, 0% used [0x00000007d5ab0000,0x00000007d5ab0000,0x00000007d7a80000)
  from space 5376K, 0% used [0x00000007d7a80000,0x00000007d7a80000,0x00000007d7fc0000)
  to   space 5376K, 0% used [0x00000007d7fc0000,0x00000007d7fc0000,0x00000007d8500000)
 ParOldGen       total 86720K, used 10343K [0x0000000781000000, 0x00000007864b0000, 0x00000007d5ab0000)
  object space 86720K, 11% used [0x0000000781000000,0x0000000781a19f60,0x00000007864b0000)
 PSPermGen       total 21504K, used 18563K [0x000000077be00000, 0x000000077d300000, 0x0000000781000000)
  object space 21504K, 86% used [0x000000077be00000,0x000000077d020c00,0x000000077d300000)
}
Event: 227.385 GC heap before
{Heap before GC invocations=779 (full 387):
 PSYoungGen      total 37952K, used 626K [0x00000007d5ab0000, 0x00000007d8500000, 0x0000000800000000)
  eden space 32576K, 1% used [0x00000007d5ab0000,0x00000007d5b4ca58,0x00000007d7a80000)
  from space 5376K, 0% used [0x00000007d7a80000,0x00000007d7a80000,0x00000007d7fc0000)
  to   space 5376K, 0% used [0x00000007d7fc0000,0x00000007d7fc0000,0x00000007d8500000)
 ParOldGen       total 86720K, used 10343K [0x0000000781000000, 0x00000007864b0000, 0x00000007d5ab0000)
  object space 86720K, 11% used [0x0000000781000000,0x0000000781a19f60,0x00000007864b0000)
 PSPermGen       total 21504K, used 18563K [0x000000077be00000, 0x000000077d300000, 0x0000000781000000)
  object space 21504K, 86% used [0x000000077be00000,0x000000077d020c00,0x000000077d300000)
Event: 227.391 GC heap after
Heap after GC invocations=779 (full 387):
 PSYoungGen      total 37952K, used 32K [0x00000007d5ab0000, 0x00000007d8500000, 0x0000000800000000)
  eden space 32576K, 0% used [0x00000007d5ab0000,0x00000007d5ab0000,0x00000007d7a80000)
  from space 5376K, 0% used [0x00000007d7fc0000,0x00000007d7fc8000,0x00000007d8500000)
  to   space 5376K, 0% used [0x00000007d7a80000,0x00000007d7a80000,0x00000007d7fc0000)
 ParOldGen       total 86720K, used 10343K [0x0000000781000000, 0x00000007864b0000, 0x00000007d5ab0000)
  object space 86720K, 11% used [0x0000000781000000,0x0000000781a19f60,0x00000007864b0000)
 PSPermGen       total 21504K, used 18563K [0x000000077be00000, 0x000000077d300000, 0x0000000781000000)
  object space 21504K, 86% used [0x000000077be00000,0x000000077d020c00,0x000000077d300000)
}
Event: 227.391 GC heap before
{Heap before GC invocations=780 (full 388):
 PSYoungGen      total 37952K, used 32K [0x00000007d5ab0000, 0x00000007d8500000, 0x0000000800000000)
  eden space 32576K, 0% used [0x00000007d5ab0000,0x00000007d5ab0000,0x00000007d7a80000)
  from space 5376K, 0% used [0x00000007d7fc0000,0x00000007d7fc8000,0x00000007d8500000)
  to   space 5376K, 0% used [0x00000007d7a80000,0x00000007d7a80000,0x00000007d7fc0000)
 ParOldGen       total 86720K, used 10343K [0x0000000781000000, 0x00000007864b0000, 0x00000007d5ab0000)
  object space 86720K, 11% used [0x0000000781000000,0x0000000781a19f60,0x00000007864b0000)
 PSPermGen       total 21504K, used 18563K [0x000000077be00000, 0x000000077d300000, 0x0000000781000000)
  object space 21504K, 86% used [0x000000077be00000,0x000000077d020c00,0x000000077d300000)

