# JRE version: 7.0_11-b21
# Java VM: Java HotSpot(TM) 64-Bit Server VM (23.6-b04 mixed mode windows-amd64 compressed oops)
Heap
 PSYoungGen      total 25472K, used 64K [0x00000007d5ab0000, 0x00000007d73e0000, 0x0000000800000000)
  eden space 25408K, 0% used [0x00000007d5ab0000,0x00000007d5ab0000,0x00000007d7380000)
  from space 64K, 100% used [0x00000007d7380000,0x00000007d7390000,0x00000007d7390000)
  to   space 192K, 0% used [0x00000007d73b0000,0x00000007d73b0000,0x00000007d73e0000)
 ParOldGen       total 86720K, used 10710K [0x0000000781000000, 0x00000007864b0000, 0x00000007d5ab0000)
  object space 86720K, 12% used [0x0000000781000000,0x0000000781a75828,0x00000007864b0000)
 PSPermGen       total 21504K, used 18423K [0x000000077be00000, 0x000000077d300000, 0x0000000781000000)
  object space 21504K, 85% used [0x000000077be00000,0x000000077cffdde8,0x000000077d300000)
GC Heap History (10 events):
Event: 118.457 GC heap after
Heap after GC invocations=198 (full 91):
 PSYoungGen      total 25664K, used 32K [0x00000007d5ab0000, 0x00000007d7400000, 0x0000000800000000)
  eden space 25408K, 0% used [0x00000007d5ab0000,0x00000007d5ab0000,0x00000007d7380000)
  from space 256K, 12% used [0x00000007d7380000,0x00000007d7388000,0x00000007d73c0000)
  to   space 256K, 0% used [0x00000007d73c0000,0x00000007d73c0000,0x00000007d7400000)
 ParOldGen       total 86720K, used 10684K [0x0000000781000000, 0x00000007864b0000, 0x00000007d5ab0000)
  object space 86720K, 12% used [0x0000000781000000,0x0000000781a6f3d0,0x00000007864b0000)
 PSPermGen       total 21504K, used 18385K [0x000000077be00000, 0x000000077d300000, 0x0000000781000000)
  object space 21504K, 85% used [0x000000077be00000,0x000000077cff4468,0x000000077d300000)
}
Event: 118.457 GC heap before
{Heap before GC invocations=199 (full 92):
 PSYoungGen      total 25664K, used 32K [0x00000007d5ab0000, 0x00000007d7400000, 0x0000000800000000)
  eden space 25408K, 0% used [0x00000007d5ab0000,0x00000007d5ab0000,0x00000007d7380000)
  from space 256K, 12% used [0x00000007d7380000,0x00000007d7388000,0x00000007d73c0000)
  to   space 256K, 0% used [0x00000007d73c0000,0x00000007d73c0000,0x00000007d7400000)
 ParOldGen       total 86720K, used 10684K [0x0000000781000000, 0x00000007864b0000, 0x00000007d5ab0000)
  object space 86720K, 12% used [0x0000000781000000,0x0000000781a6f3d0,0x00000007864b0000)
 PSPermGen       total 21504K, used 18385K [0x000000077be00000, 0x000000077d300000, 0x0000000781000000)
  object space 21504K, 85% used [0x000000077be00000,0x000000077cff4468,0x000000077d300000)
Event: 118.491 GC heap after
Heap after GC invocations=199 (full 92):
 PSYoungGen      total 25664K, used 0K [0x00000007d5ab0000, 0x00000007d7400000, 0x0000000800000000)
  eden space 25408K, 0% used [0x00000007d5ab0000,0x00000007d5ab0000,0x00000007d7380000)
  from space 256K, 0% used [0x00000007d7380000,0x00000007d7380000,0x00000007d73c0000)
  to   space 256K, 0% used [0x00000007d73c0000,0x00000007d73c0000,0x00000007d7400000)
 ParOldGen       total 86720K, used 10684K [0x0000000781000000, 0x00000007864b0000, 0x00000007d5ab0000)
  object space 86720K, 12% used [0x0000000781000000,0x0000000781a6f258,0x00000007864b0000)
 PSPermGen       total 21504K, used 18385K [0x000000077be00000, 0x000000077d300000, 0x0000000781000000)
  object space 21504K, 85% used [0x000000077be00000,0x000000077cff4468,0x000000077d300000)
}
Event: 119.400 GC heap before
{Heap before GC invocations=200 (full 92):
 PSYoungGen      total 25664K, used 2515K [0x00000007d5ab0000, 0x00000007d7400000, 0x0000000800000000)
  eden space 25408K, 9% used [0x00000007d5ab0000,0x00000007d5d24f10,0x00000007d7380000)
  from space 256K, 0% used [0x00000007d7380000,0x00000007d7380000,0x00000007d73c0000)
  to   space 256K, 0% used [0x00000007d73c0000,0x00000007d73c0000,0x00000007d7400000)
 ParOldGen       total 86720K, used 10684K [0x0000000781000000, 0x00000007864b0000, 0x00000007d5ab0000)
  object space 86720K, 12% used [0x0000000781000000,0x0000000781a6f258,0x00000007864b0000)
 PSPermGen       total 21504K, used 18423K [0x000000077be00000, 0x000000077d300000, 0x0000000781000000)
  object space 21504K, 85% used [0x000000077be00000,0x000000077cffde10,0x000000077d300000)
Event: 119.401 GC heap after
Heap after GC invocations=200 (full 92):
 PSYoungGen      total 25664K, used 96K [0x00000007d5ab0000, 0x00000007d7400000, 0x0000000800000000)
  eden space 25408K, 0% used [0x00000007d5ab0000,0x00000007d5ab0000,0x00000007d7380000)
  from space 256K, 37% used [0x00000007d73c0000,0x00000007d73d8000,0x00000007d7400000)
  to   space 256K, 0% used [0x00000007d7380000,0x00000007d7380000,0x00000007d73c0000)
 ParOldGen       total 86720K, used 10684K [0x0000000781000000, 0x00000007864b0000, 0x00000007d5ab0000)
  object space 86720K, 12% used [0x0000000781000000,0x0000000781a6f258,0x00000007864b0000)
 PSPermGen       total 21504K, used 18423K [0x000000077be00000, 0x000000077d300000, 0x0000000781000000)
  object space 21504K, 85% used [0x000000077be00000,0x000000077cffde10,0x000000077d300000)
}
Event: 119.401 GC heap before
{Heap before GC invocations=201 (full 93):
 PSYoungGen      total 25664K, used 96K [0x00000007d5ab0000, 0x00000007d7400000, 0x0000000800000000)
  eden space 25408K, 0% used [0x00000007d5ab0000,0x00000007d5ab0000,0x00000007d7380000)
  from space 256K, 37% used [0x00000007d73c0000,0x00000007d73d8000,0x00000007d7400000)
  to   space 256K, 0% used [0x00000007d7380000,0x00000007d7380000,0x00000007d73c0000)
 ParOldGen       total 86720K, used 10684K [0x0000000781000000, 0x00000007864b0000, 0x00000007d5ab0000)
  object space 86720K, 12% used [0x0000000781000000,0x0000000781a6f258,0x00000007864b0000)
 PSPermGen       total 21504K, used 18423K [0x000000077be00000, 0x000000077d300000, 0x0000000781000000)
  object space 21504K, 85% used [0x000000077be00000,0x000000077cffde10,0x000000077d300000)
Event: 119.441 GC heap after
Heap after GC invocations=201 (full 93):
 PSYoungGen      total 25664K, used 0K [0x00000007d5ab0000, 0x00000007d7400000, 0x0000000800000000)
  eden space 25408K, 0% used [0x00000007d5ab0000,0x00000007d5ab0000,0x00000007d7380000)
  from space 256K, 0% used [0x00000007d73c0000,0x00000007d73c0000,0x00000007d7400000)
  to   space 256K, 0% used [0x00000007d7380000,0x00000007d7380000,0x00000007d73c0000)
 ParOldGen       total 86720K, used 10710K [0x0000000781000000, 0x00000007864b0000, 0x00000007d5ab0000)
  object space 86720K, 12% used [0x0000000781000000,0x0000000781a75828,0x00000007864b0000)
 PSPermGen       total 21504K, used 18423K [0x000000077be00000, 0x000000077d300000, 0x0000000781000000)
  object space 21504K, 85% used [0x000000077be00000,0x000000077cffdde8,0x000000077d300000)
}
Event: 119.441 GC heap before
{Heap before GC invocations=202 (full 93):
 PSYoungGen      total 25664K, used 500K [0x00000007d5ab0000, 0x00000007d7400000, 0x0000000800000000)
  eden space 25408K, 1% used [0x00000007d5ab0000,0x00000007d5b2d1d8,0x00000007d7380000)
  from space 256K, 0% used [0x00000007d73c0000,0x00000007d73c0000,0x00000007d7400000)
  to   space 256K, 0% used [0x00000007d7380000,0x00000007d7380000,0x00000007d73c0000)
 ParOldGen       total 86720K, used 10710K [0x0000000781000000, 0x00000007864b0000, 0x00000007d5ab0000)
  object space 86720K, 12% used [0x0000000781000000,0x0000000781a75828,0x00000007864b0000)
 PSPermGen       total 21504K, used 18423K [0x000000077be00000, 0x000000077d300000, 0x0000000781000000)
  object space 21504K, 85% used [0x000000077be00000,0x000000077cffdde8,0x000000077d300000)
Event: 119.442 GC heap after
Heap after GC invocations=202 (full 93):
 PSYoungGen      total 25472K, used 64K [0x00000007d5ab0000, 0x00000007d73e0000, 0x0000000800000000)
  eden space 25408K, 0% used [0x00000007d5ab0000,0x00000007d5ab0000,0x00000007d7380000)
  from space 64K, 100% used [0x00000007d7380000,0x00000007d7390000,0x00000007d7390000)
  to   space 192K, 0% used [0x00000007d73b0000,0x00000007d73b0000,0x00000007d73e0000)
 ParOldGen       total 86720K, used 10710K [0x0000000781000000, 0x00000007864b0000, 0x00000007d5ab0000)
  object space 86720K, 12% used [0x0000000781000000,0x0000000781a75828,0x00000007864b0000)
 PSPermGen       total 21504K, used 18423K [0x000000077be00000, 0x000000077d300000, 0x0000000781000000)
  object space 21504K, 85% used [0x000000077be00000,0x000000077cffdde8,0x000000077d300000)
}
Event: 119.442 GC heap before
{Heap before GC invocations=203 (full 94):
 PSYoungGen      total 25472K, used 64K [0x00000007d5ab0000, 0x00000007d73e0000, 0x0000000800000000)
  eden space 25408K, 0% used [0x00000007d5ab0000,0x00000007d5ab0000,0x00000007d7380000)
  from space 64K, 100% used [0x00000007d7380000,0x00000007d7390000,0x00000007d7390000)
  to   space 192K, 0% used [0x00000007d73b0000,0x00000007d73b0000,0x00000007d73e0000)
 ParOldGen       total 86720K, used 10710K [0x0000000781000000, 0x00000007864b0000, 0x00000007d5ab0000)
  object space 86720K, 12% used [0x0000000781000000,0x0000000781a75828,0x00000007864b0000)
 PSPermGen       total 21504K, used 18423K [0x000000077be00000, 0x000000077d300000, 0x0000000781000000)
  object space 21504K, 85% used [0x000000077be00000,0x000000077cffdde8,0x000000077d300000)

