# JRE version: 7.0_11-b21
# Java VM: Java HotSpot(TM) 64-Bit Server VM (23.6-b04 mixed mode windows-amd64 compressed oops)
Heap
 PSYoungGen      total 37952K, used 32576K [0x00000007d5ab0000, 0x00000007d8500000, 0x0000000800000000)
  eden space 32576K, 100% used [0x00000007d5ab0000,0x00000007d7a80000,0x00000007d7a80000)
  from space 5376K, 0% used [0x00000007d7fc0000,0x00000007d7fc0000,0x00000007d8500000)
  to   space 5376K, 4% used [0x00000007d7a80000,0x00000007d7ab8000,0x00000007d7fc0000)
 ParOldGen       total 86720K, used 20028K [0x0000000781000000, 0x00000007864b0000, 0x00000007d5ab0000)
  object space 86720K, 23% used [0x0000000781000000,0x000000078238f0d0,0x00000007864b0000)
 PSPermGen       total 21504K, used 20438K [0x000000077be00000, 0x000000077d300000, 0x0000000781000000)
  object space 21504K, 95% used [0x000000077be00000,0x000000077d1f58d8,0x000000077d300000)
GC Heap History (10 events):
Event: 911.466 GC heap after
Heap after GC invocations=2956 (full 1476):
 PSYoungGen      total 37952K, used 0K [0x00000007d5ab0000, 0x00000007d8500000, 0x0000000800000000)
  eden space 32576K, 0% used [0x00000007d5ab0000,0x00000007d5ab0000,0x00000007d7a80000)
  from space 5376K, 0% used [0x00000007d7fc0000,0x00000007d7fc0000,0x00000007d8500000)
  to   space 5376K, 0% used [0x00000007d7a80000,0x00000007d7a80000,0x00000007d7fc0000)
 ParOldGen       total 86720K, used 20028K [0x0000000781000000, 0x00000007864b0000, 0x00000007d5ab0000)
  object space 86720K, 23% used [0x0000000781000000,0x000000078238f0c0,0x00000007864b0000)
 PSPermGen       total 21504K, used 20429K [0x000000077be00000, 0x000000077d300000, 0x0000000781000000)
  object space 21504K, 95% used [0x000000077be00000,0x000000077d1f3428,0x000000077d300000)
}
Event: 912.213 GC heap before
{Heap before GC invocations=2957 (full 1476):
 PSYoungGen      total 37952K, used 1931K [0x00000007d5ab0000, 0x00000007d8500000, 0x0000000800000000)
  eden space 32576K, 5% used [0x00000007d5ab0000,0x00000007d5c92cb8,0x00000007d7a80000)
  from space 5376K, 0% used [0x00000007d7fc0000,0x00000007d7fc0000,0x00000007d8500000)
  to   space 5376K, 0% used [0x00000007d7a80000,0x00000007d7a80000,0x00000007d7fc0000)
 ParOldGen       total 86720K, used 20028K [0x0000000781000000, 0x00000007864b0000, 0x00000007d5ab0000)
  object space 86720K, 23% used [0x0000000781000000,0x000000078238f0c0,0x00000007864b0000)
 PSPermGen       total 21504K, used 20429K [0x000000077be00000, 0x000000077d300000, 0x0000000781000000)
  object space 21504K, 95% used [0x000000077be00000,0x000000077d1f3428,0x000000077d300000)
Event: 912.215 GC heap after
Heap after GC invocations=2957 (full 1476):
 PSYoungGen      total 37952K, used 96K [0x00000007d5ab0000, 0x00000007d8500000, 0x0000000800000000)
  eden space 32576K, 0% used [0x00000007d5ab0000,0x00000007d5ab0000,0x00000007d7a80000)
  from space 5376K, 1% used [0x00000007d7a80000,0x00000007d7a98000,0x00000007d7fc0000)
  to   space 5376K, 0% used [0x00000007d7fc0000,0x00000007d7fc0000,0x00000007d8500000)
 ParOldGen       total 86720K, used 20028K [0x0000000781000000, 0x00000007864b0000, 0x00000007d5ab0000)
  object space 86720K, 23% used [0x0000000781000000,0x000000078238f0c0,0x00000007864b0000)
 PSPermGen       total 21504K, used 20429K [0x000000077be00000, 0x000000077d300000, 0x0000000781000000)
  object space 21504K, 95% used [0x000000077be00000,0x000000077d1f3428,0x000000077d300000)
}
Event: 912.215 GC heap before
{Heap before GC invocations=2958 (full 1477):
 PSYoungGen      total 37952K, used 96K [0x00000007d5ab0000, 0x00000007d8500000, 0x0000000800000000)
  eden space 32576K, 0% used [0x00000007d5ab0000,0x00000007d5ab0000,0x00000007d7a80000)
  from space 5376K, 1% used [0x00000007d7a80000,0x00000007d7a98000,0x00000007d7fc0000)
  to   space 5376K, 0% used [0x00000007d7fc0000,0x00000007d7fc0000,0x00000007d8500000)
 ParOldGen       total 86720K, used 20028K [0x0000000781000000, 0x00000007864b0000, 0x00000007d5ab0000)
  object space 86720K, 23% used [0x0000000781000000,0x000000078238f0c0,0x00000007864b0000)
 PSPermGen       total 21504K, used 20429K [0x000000077be00000, 0x000000077d300000, 0x0000000781000000)
  object space 21504K, 95% used [0x000000077be00000,0x000000077d1f3428,0x000000077d300000)
Event: 912.337 GC heap after
Heap after GC invocations=2958 (full 1477):
 PSYoungGen      total 37952K, used 0K [0x00000007d5ab0000, 0x00000007d8500000, 0x0000000800000000)
  eden space 32576K, 0% used [0x00000007d5ab0000,0x00000007d5ab0000,0x00000007d7a80000)
  from space 5376K, 0% used [0x00000007d7a80000,0x00000007d7a80000,0x00000007d7fc0000)
  to   space 5376K, 0% used [0x00000007d7fc0000,0x00000007d7fc0000,0x00000007d8500000)
 ParOldGen       total 86720K, used 20042K [0x0000000781000000, 0x00000007864b0000, 0x00000007d5ab0000)
  object space 86720K, 23% used [0x0000000781000000,0x0000000782392920,0x00000007864b0000)
 PSPermGen       total 21504K, used 20429K [0x000000077be00000, 0x000000077d300000, 0x0000000781000000)
  object space 21504K, 95% used [0x000000077be00000,0x000000077d1f3428,0x000000077d300000)
}
Event: 912.338 GC heap before
{Heap before GC invocations=2959 (full 1477):
 PSYoungGen      total 37952K, used 546K [0x00000007d5ab0000, 0x00000007d8500000, 0x0000000800000000)
  eden space 32576K, 1% used [0x00000007d5ab0000,0x00000007d5b38a68,0x00000007d7a80000)
  from space 5376K, 0% used [0x00000007d7a80000,0x00000007d7a80000,0x00000007d7fc0000)
  to   space 5376K, 0% used [0x00000007d7fc0000,0x00000007d7fc0000,0x00000007d8500000)
 ParOldGen       total 86720K, used 20042K [0x0000000781000000, 0x00000007864b0000, 0x00000007d5ab0000)
  object space 86720K, 23% used [0x0000000781000000,0x0000000782392920,0x00000007864b0000)
 PSPermGen       total 21504K, used 20429K [0x000000077be00000, 0x000000077d300000, 0x0000000781000000)
  object space 21504K, 95% used [0x000000077be00000,0x000000077d1f3428,0x000000077d300000)
Event: 912.340 GC heap after
Heap after GC invocations=2959 (full 1477):
 PSYoungGen      total 37952K, used 64K [0x00000007d5ab0000, 0x00000007d8500000, 0x0000000800000000)
  eden space 32576K, 0% used [0x00000007d5ab0000,0x00000007d5ab0000,0x00000007d7a80000)
  from space 5376K, 1% used [0x00000007d7fc0000,0x00000007d7fd0000,0x00000007d8500000)
  to   space 5376K, 0% used [0x00000007d7a80000,0x00000007d7a80000,0x00000007d7fc0000)
 ParOldGen       total 86720K, used 20042K [0x0000000781000000, 0x00000007864b0000, 0x00000007d5ab0000)
  object space 86720K, 23% used [0x0000000781000000,0x0000000782392920,0x00000007864b0000)
 PSPermGen       total 21504K, used 20429K [0x000000077be00000, 0x000000077d300000, 0x0000000781000000)
  object space 21504K, 95% used [0x000000077be00000,0x000000077d1f3428,0x000000077d300000)
}
Event: 912.341 GC heap before
{Heap before GC invocations=2960 (full 1478):
 PSYoungGen      total 37952K, used 64K [0x00000007d5ab0000, 0x00000007d8500000, 0x0000000800000000)
  eden space 32576K, 0% used [0x00000007d5ab0000,0x00000007d5ab0000,0x00000007d7a80000)
  from space 5376K, 1% used [0x00000007d7fc0000,0x00000007d7fd0000,0x00000007d8500000)
  to   space 5376K, 0% used [0x00000007d7a80000,0x00000007d7a80000,0x00000007d7fc0000)
 ParOldGen       total 86720K, used 20042K [0x0000000781000000, 0x00000007864b0000, 0x00000007d5ab0000)
  object space 86720K, 23% used [0x0000000781000000,0x0000000782392920,0x00000007864b0000)
 PSPermGen       total 21504K, used 20429K [0x000000077be00000, 0x000000077d300000, 0x0000000781000000)
  object space 21504K, 95% used [0x000000077be00000,0x000000077d1f3428,0x000000077d300000)
Event: 912.461 GC heap after
Heap after GC invocations=2960 (full 1478):
 PSYoungGen      total 37952K, used 0K [0x00000007d5ab0000, 0x00000007d8500000, 0x0000000800000000)
  eden space 32576K, 0% used [0x00000007d5ab0000,0x00000007d5ab0000,0x00000007d7a80000)
  from space 5376K, 0% used [0x00000007d7fc0000,0x00000007d7fc0000,0x00000007d8500000)
  to   space 5376K, 0% used [0x00000007d7a80000,0x00000007d7a80000,0x00000007d7fc0000)
 ParOldGen       total 86720K, used 20028K [0x0000000781000000, 0x00000007864b0000, 0x00000007d5ab0000)
  object space 86720K, 23% used [0x0000000781000000,0x000000078238f0d0,0x00000007864b0000)
 PSPermGen       total 21504K, used 20429K [0x000000077be00000, 0x000000077d300000, 0x0000000781000000)
  object space 21504K, 95% used [0x000000077be00000,0x000000077d1f3428,0x000000077d300000)
}
Event: 3756.833 GC heap before
{Heap before GC invocations=2961 (full 1478):
 PSYoungGen      total 37952K, used 32576K [0x00000007d5ab0000, 0x00000007d8500000, 0x0000000800000000)
  eden space 32576K, 100% used [0x00000007d5ab0000,0x00000007d7a80000,0x00000007d7a80000)
  from space 5376K, 0% used [0x00000007d7fc0000,0x00000007d7fc0000,0x00000007d8500000)
  to   space 5376K, 0% used [0x00000007d7a80000,0x00000007d7a80000,0x00000007d7fc0000)
 ParOldGen       total 86720K, used 20028K [0x0000000781000000, 0x00000007864b0000, 0x00000007d5ab0000)
  object space 86720K, 23% used [0x0000000781000000,0x000000078238f0d0,0x00000007864b0000)
 PSPermGen       total 21504K, used 20438K [0x000000077be00000, 0x000000077d300000, 0x0000000781000000)
  object space 21504K, 95% used [0x000000077be00000,0x000000077d1f58d8,0x000000077d300000)

