# JRE version: 7.0_11-b21
# Java VM: Java HotSpot(TM) 64-Bit Server VM (23.6-b04 mixed mode windows-amd64 compressed oops)
Heap
 PSYoungGen      total 37952K, used 96K [0x00000007d5ab0000, 0x00000007d8500000, 0x0000000800000000)
  eden space 32576K, 0% used [0x00000007d5ab0000,0x00000007d5ab0000,0x00000007d7a80000)
  from space 5376K, 1% used [0x00000007d7a80000,0x00000007d7a98000,0x00000007d7fc0000)
  to   space 5376K, 0% used [0x00000007d7fc0000,0x00000007d7fc0000,0x00000007d8500000)
 ParOldGen       total 86720K, used 19991K [0x0000000781000000, 0x00000007864b0000, 0x00000007d5ab0000)
  object space 86720K, 23% used [0x0000000781000000,0x0000000782385d48,0x00000007864b0000)
 PSPermGen       total 21248K, used 20297K [0x000000077be00000, 0x000000077d2c0000, 0x0000000781000000)
  object space 21248K, 95% used [0x000000077be00000,0x000000077d1d25f8,0x000000077d2c0000)
GC Heap History (10 events):
Event: 269.268 GC heap after
Heap after GC invocations=647 (full 322):
 PSYoungGen      total 37952K, used 96K [0x00000007d5ab0000, 0x00000007d8500000, 0x0000000800000000)
  eden space 32576K, 0% used [0x00000007d5ab0000,0x00000007d5ab0000,0x00000007d7a80000)
  from space 5376K, 1% used [0x00000007d7a80000,0x00000007d7a98000,0x00000007d7fc0000)
  to   space 5376K, 0% used [0x00000007d7fc0000,0x00000007d7fc0000,0x00000007d8500000)
 ParOldGen       total 86720K, used 19981K [0x0000000781000000, 0x00000007864b0000, 0x00000007d5ab0000)
  object space 86720K, 23% used [0x0000000781000000,0x0000000782383558,0x00000007864b0000)
 PSPermGen       total 21248K, used 20293K [0x000000077be00000, 0x000000077d2c0000, 0x0000000781000000)
  object space 21248K, 95% used [0x000000077be00000,0x000000077d1d17b8,0x000000077d2c0000)
}
Event: 269.268 GC heap before
{Heap before GC invocations=648 (full 323):
 PSYoungGen      total 37952K, used 96K [0x00000007d5ab0000, 0x00000007d8500000, 0x0000000800000000)
  eden space 32576K, 0% used [0x00000007d5ab0000,0x00000007d5ab0000,0x00000007d7a80000)
  from space 5376K, 1% used [0x00000007d7a80000,0x00000007d7a98000,0x00000007d7fc0000)
  to   space 5376K, 0% used [0x00000007d7fc0000,0x00000007d7fc0000,0x00000007d8500000)
 ParOldGen       total 86720K, used 19981K [0x0000000781000000, 0x00000007864b0000, 0x00000007d5ab0000)
  object space 86720K, 23% used [0x0000000781000000,0x0000000782383558,0x00000007864b0000)
 PSPermGen       total 21248K, used 20293K [0x000000077be00000, 0x000000077d2c0000, 0x0000000781000000)
  object space 21248K, 95% used [0x000000077be00000,0x000000077d1d17b8,0x000000077d2c0000)
Event: 269.384 GC heap after
Heap after GC invocations=648 (full 323):
 PSYoungGen      total 37952K, used 0K [0x00000007d5ab0000, 0x00000007d8500000, 0x0000000800000000)
  eden space 32576K, 0% used [0x00000007d5ab0000,0x00000007d5ab0000,0x00000007d7a80000)
  from space 5376K, 0% used [0x00000007d7a80000,0x00000007d7a80000,0x00000007d7fc0000)
  to   space 5376K, 0% used [0x00000007d7fc0000,0x00000007d7fc0000,0x00000007d8500000)
 ParOldGen       total 86720K, used 19995K [0x0000000781000000, 0x00000007864b0000, 0x00000007d5ab0000)
  object space 86720K, 23% used [0x0000000781000000,0x0000000782386e80,0x00000007864b0000)
 PSPermGen       total 21248K, used 20293K [0x000000077be00000, 0x000000077d2c0000, 0x0000000781000000)
  object space 21248K, 95% used [0x000000077be00000,0x000000077d1d17b8,0x000000077d2c0000)
}
Event: 269.385 GC heap before
{Heap before GC invocations=649 (full 323):
 PSYoungGen      total 37952K, used 448K [0x00000007d5ab0000, 0x00000007d8500000, 0x0000000800000000)
  eden space 32576K, 1% used [0x00000007d5ab0000,0x00000007d5b20198,0x00000007d7a80000)
  from space 5376K, 0% used [0x00000007d7a80000,0x00000007d7a80000,0x00000007d7fc0000)
  to   space 5376K, 0% used [0x00000007d7fc0000,0x00000007d7fc0000,0x00000007d8500000)
 ParOldGen       total 86720K, used 19995K [0x0000000781000000, 0x00000007864b0000, 0x00000007d5ab0000)
  object space 86720K, 23% used [0x0000000781000000,0x0000000782386e80,0x00000007864b0000)
 PSPermGen       total 21248K, used 20293K [0x000000077be00000, 0x000000077d2c0000, 0x0000000781000000)
  object space 21248K, 95% used [0x000000077be00000,0x000000077d1d17b8,0x000000077d2c0000)
Event: 269.387 GC heap after
Heap after GC invocations=649 (full 323):
 PSYoungGen      total 37952K, used 32K [0x00000007d5ab0000, 0x00000007d8500000, 0x0000000800000000)
  eden space 32576K, 0% used [0x00000007d5ab0000,0x00000007d5ab0000,0x00000007d7a80000)
  from space 5376K, 0% used [0x00000007d7fc0000,0x00000007d7fc8000,0x00000007d8500000)
  to   space 5376K, 0% used [0x00000007d7a80000,0x00000007d7a80000,0x00000007d7fc0000)
 ParOldGen       total 86720K, used 19995K [0x0000000781000000, 0x00000007864b0000, 0x00000007d5ab0000)
  object space 86720K, 23% used [0x0000000781000000,0x0000000782386e80,0x00000007864b0000)
 PSPermGen       total 21248K, used 20293K [0x000000077be00000, 0x000000077d2c0000, 0x0000000781000000)
  object space 21248K, 95% used [0x000000077be00000,0x000000077d1d17b8,0x000000077d2c0000)
}
Event: 269.388 GC heap before
{Heap before GC invocations=650 (full 324):
 PSYoungGen      total 37952K, used 32K [0x00000007d5ab0000, 0x00000007d8500000, 0x0000000800000000)
  eden space 32576K, 0% used [0x00000007d5ab0000,0x00000007d5ab0000,0x00000007d7a80000)
  from space 5376K, 0% used [0x00000007d7fc0000,0x00000007d7fc8000,0x00000007d8500000)
  to   space 5376K, 0% used [0x00000007d7a80000,0x00000007d7a80000,0x00000007d7fc0000)
 ParOldGen       total 86720K, used 19995K [0x0000000781000000, 0x00000007864b0000, 0x00000007d5ab0000)
  object space 86720K, 23% used [0x0000000781000000,0x0000000782386e80,0x00000007864b0000)
 PSPermGen       total 21248K, used 20293K [0x000000077be00000, 0x000000077d2c0000, 0x0000000781000000)
  object space 21248K, 95% used [0x000000077be00000,0x000000077d1d17b8,0x000000077d2c0000)
Event: 269.490 GC heap after
Heap after GC invocations=650 (full 324):
 PSYoungGen      total 37952K, used 0K [0x00000007d5ab0000, 0x00000007d8500000, 0x0000000800000000)
  eden space 32576K, 0% used [0x00000007d5ab0000,0x00000007d5ab0000,0x00000007d7a80000)
  from space 5376K, 0% used [0x00000007d7fc0000,0x00000007d7fc0000,0x00000007d8500000)
  to   space 5376K, 0% used [0x00000007d7a80000,0x00000007d7a80000,0x00000007d7fc0000)
 ParOldGen       total 86720K, used 19991K [0x0000000781000000, 0x00000007864b0000, 0x00000007d5ab0000)
  object space 86720K, 23% used [0x0000000781000000,0x0000000782385d48,0x00000007864b0000)
 PSPermGen       total 21248K, used 20293K [0x000000077be00000, 0x000000077d2c0000, 0x0000000781000000)
  object space 21248K, 95% used [0x000000077be00000,0x000000077d1d17b8,0x000000077d2c0000)
}
Event: 270.792 GC heap before
{Heap before GC invocations=651 (full 324):
 PSYoungGen      total 37952K, used 1766K [0x00000007d5ab0000, 0x00000007d8500000, 0x0000000800000000)
  eden space 32576K, 5% used [0x00000007d5ab0000,0x00000007d5c69b78,0x00000007d7a80000)
  from space 5376K, 0% used [0x00000007d7fc0000,0x00000007d7fc0000,0x00000007d8500000)
  to   space 5376K, 0% used [0x00000007d7a80000,0x00000007d7a80000,0x00000007d7fc0000)
 ParOldGen       total 86720K, used 19991K [0x0000000781000000, 0x00000007864b0000, 0x00000007d5ab0000)
  object space 86720K, 23% used [0x0000000781000000,0x0000000782385d48,0x00000007864b0000)
 PSPermGen       total 21248K, used 20297K [0x000000077be00000, 0x000000077d2c0000, 0x0000000781000000)
  object space 21248K, 95% used [0x000000077be00000,0x000000077d1d25f8,0x000000077d2c0000)
Event: 270.794 GC heap after
Heap after GC invocations=651 (full 324):
 PSYoungGen      total 37952K, used 96K [0x00000007d5ab0000, 0x00000007d8500000, 0x0000000800000000)
  eden space 32576K, 0% used [0x00000007d5ab0000,0x00000007d5ab0000,0x00000007d7a80000)
  from space 5376K, 1% used [0x00000007d7a80000,0x00000007d7a98000,0x00000007d7fc0000)
  to   space 5376K, 0% used [0x00000007d7fc0000,0x00000007d7fc0000,0x00000007d8500000)
 ParOldGen       total 86720K, used 19991K [0x0000000781000000, 0x00000007864b0000, 0x00000007d5ab0000)
  object space 86720K, 23% used [0x0000000781000000,0x0000000782385d48,0x00000007864b0000)
 PSPermGen       total 21248K, used 20297K [0x000000077be00000, 0x000000077d2c0000, 0x0000000781000000)
  object space 21248K, 95% used [0x000000077be00000,0x000000077d1d25f8,0x000000077d2c0000)
}
Event: 270.794 GC heap before
{Heap before GC invocations=652 (full 325):
 PSYoungGen      total 37952K, used 96K [0x00000007d5ab0000, 0x00000007d8500000, 0x0000000800000000)
  eden space 32576K, 0% used [0x00000007d5ab0000,0x00000007d5ab0000,0x00000007d7a80000)
  from space 5376K, 1% used [0x00000007d7a80000,0x00000007d7a98000,0x00000007d7fc0000)
  to   space 5376K, 0% used [0x00000007d7fc0000,0x00000007d7fc0000,0x00000007d8500000)
 ParOldGen       total 86720K, used 19991K [0x0000000781000000, 0x00000007864b0000, 0x00000007d5ab0000)
  object space 86720K, 23% used [0x0000000781000000,0x0000000782385d48,0x00000007864b0000)
 PSPermGen       total 21248K, used 20297K [0x000000077be00000, 0x000000077d2c0000, 0x0000000781000000)
  object space 21248K, 95% used [0x000000077be00000,0x000000077d1d25f8,0x000000077d2c0000)

