# JRE version: 7.0_11-b21
# Java VM: Java HotSpot(TM) 64-Bit Server VM (23.6-b04 mixed mode windows-amd64 compressed oops)
Heap
 PSYoungGen      total 94592K, used 190K [0x00000007d5ab0000, 0x00000007db760000, 0x0000000800000000)
  eden space 94400K, 0% used [0x00000007d5ab0000,0x00000007d5ab0000,0x00000007db6e0000)
  from space 192K, 99% used [0x00000007db6e0000,0x00000007db70faa8,0x00000007db710000)
  to   space 256K, 0% used [0x00000007db720000,0x00000007db720000,0x00000007db760000)
 ParOldGen       total 86720K, used 10892K [0x0000000781000000, 0x00000007864b0000, 0x00000007d5ab0000)
  object space 86720K, 12% used [0x0000000781000000,0x0000000781aa3048,0x00000007864b0000)
 PSPermGen       total 21248K, used 18510K [0x000000077be00000, 0x000000077d2c0000, 0x0000000781000000)
  object space 21248K, 87% used [0x000000077be00000,0x000000077d013840,0x000000077d2c0000)
GC Heap History (10 events):
Event: 485.965 GC heap after
Heap after GC invocations=907 (full 448):
 PSYoungGen      total 94592K, used 96K [0x00000007d5ab0000, 0x00000007db740000, 0x0000000800000000)
  eden space 94400K, 0% used [0x00000007d5ab0000,0x00000007d5ab0000,0x00000007db6e0000)
  from space 192K, 50% used [0x00000007db6e0000,0x00000007db6f8000,0x00000007db710000)
  to   space 192K, 0% used [0x00000007db710000,0x00000007db710000,0x00000007db740000)
 ParOldGen       total 86720K, used 10706K [0x0000000781000000, 0x00000007864b0000, 0x00000007d5ab0000)
  object space 86720K, 12% used [0x0000000781000000,0x0000000781a74ac0,0x00000007864b0000)
 PSPermGen       total 21248K, used 18496K [0x000000077be00000, 0x000000077d2c0000, 0x0000000781000000)
  object space 21248K, 87% used [0x000000077be00000,0x000000077d0102f0,0x000000077d2c0000)
}
Event: 485.965 GC heap before
{Heap before GC invocations=908 (full 449):
 PSYoungGen      total 94592K, used 96K [0x00000007d5ab0000, 0x00000007db740000, 0x0000000800000000)
  eden space 94400K, 0% used [0x00000007d5ab0000,0x00000007d5ab0000,0x00000007db6e0000)
  from space 192K, 50% used [0x00000007db6e0000,0x00000007db6f8000,0x00000007db710000)
  to   space 192K, 0% used [0x00000007db710000,0x00000007db710000,0x00000007db740000)
 ParOldGen       total 86720K, used 10706K [0x0000000781000000, 0x00000007864b0000, 0x00000007d5ab0000)
  object space 86720K, 12% used [0x0000000781000000,0x0000000781a74ac0,0x00000007864b0000)
 PSPermGen       total 21248K, used 18496K [0x000000077be00000, 0x000000077d2c0000, 0x0000000781000000)
  object space 21248K, 87% used [0x000000077be00000,0x000000077d0102f0,0x000000077d2c0000)
Event: 486.135 GC heap after
Heap after GC invocations=908 (full 449):
 PSYoungGen      total 94592K, used 0K [0x00000007d5ab0000, 0x00000007db740000, 0x0000000800000000)
  eden space 94400K, 0% used [0x00000007d5ab0000,0x00000007d5ab0000,0x00000007db6e0000)
  from space 192K, 0% used [0x00000007db6e0000,0x00000007db6e0000,0x00000007db710000)
  to   space 192K, 0% used [0x00000007db710000,0x00000007db710000,0x00000007db740000)
 ParOldGen       total 86720K, used 10717K [0x0000000781000000, 0x00000007864b0000, 0x00000007d5ab0000)
  object space 86720K, 12% used [0x0000000781000000,0x0000000781a77420,0x00000007864b0000)
 PSPermGen       total 21248K, used 18496K [0x000000077be00000, 0x000000077d2c0000, 0x0000000781000000)
  object space 21248K, 87% used [0x000000077be00000,0x000000077d0102f0,0x000000077d2c0000)
}
Event: 486.136 GC heap before
{Heap before GC invocations=909 (full 449):
 PSYoungGen      total 94592K, used 1848K [0x00000007d5ab0000, 0x00000007db740000, 0x0000000800000000)
  eden space 94400K, 1% used [0x00000007d5ab0000,0x00000007d5c7e2b0,0x00000007db6e0000)
  from space 192K, 0% used [0x00000007db6e0000,0x00000007db6e0000,0x00000007db710000)
  to   space 192K, 0% used [0x00000007db710000,0x00000007db710000,0x00000007db740000)
 ParOldGen       total 86720K, used 10717K [0x0000000781000000, 0x00000007864b0000, 0x00000007d5ab0000)
  object space 86720K, 12% used [0x0000000781000000,0x0000000781a77420,0x00000007864b0000)
 PSPermGen       total 21248K, used 18496K [0x000000077be00000, 0x000000077d2c0000, 0x0000000781000000)
  object space 21248K, 87% used [0x000000077be00000,0x000000077d0102f0,0x000000077d2c0000)
Event: 486.208 GC heap after
Heap after GC invocations=909 (full 449):
 PSYoungGen      total 94592K, used 32K [0x00000007d5ab0000, 0x00000007db740000, 0x0000000800000000)
  eden space 94400K, 0% used [0x00000007d5ab0000,0x00000007d5ab0000,0x00000007db6e0000)
  from space 192K, 16% used [0x00000007db710000,0x00000007db718000,0x00000007db740000)
  to   space 192K, 0% used [0x00000007db6e0000,0x00000007db6e0000,0x00000007db710000)
 ParOldGen       total 86720K, used 10717K [0x0000000781000000, 0x00000007864b0000, 0x00000007d5ab0000)
  object space 86720K, 12% used [0x0000000781000000,0x0000000781a77420,0x00000007864b0000)
 PSPermGen       total 21248K, used 18496K [0x000000077be00000, 0x000000077d2c0000, 0x0000000781000000)
  object space 21248K, 87% used [0x000000077be00000,0x000000077d0102f0,0x000000077d2c0000)
}
Event: 486.208 GC heap before
{Heap before GC invocations=910 (full 450):
 PSYoungGen      total 94592K, used 32K [0x00000007d5ab0000, 0x00000007db740000, 0x0000000800000000)
  eden space 94400K, 0% used [0x00000007d5ab0000,0x00000007d5ab0000,0x00000007db6e0000)
  from space 192K, 16% used [0x00000007db710000,0x00000007db718000,0x00000007db740000)
  to   space 192K, 0% used [0x00000007db6e0000,0x00000007db6e0000,0x00000007db710000)
 ParOldGen       total 86720K, used 10717K [0x0000000781000000, 0x00000007864b0000, 0x00000007d5ab0000)
  object space 86720K, 12% used [0x0000000781000000,0x0000000781a77420,0x00000007864b0000)
 PSPermGen       total 21248K, used 18496K [0x000000077be00000, 0x000000077d2c0000, 0x0000000781000000)
  object space 21248K, 87% used [0x000000077be00000,0x000000077d0102f0,0x000000077d2c0000)
Event: 486.482 GC heap after
Heap after GC invocations=910 (full 450):
 PSYoungGen      total 94592K, used 0K [0x00000007d5ab0000, 0x00000007db740000, 0x0000000800000000)
  eden space 94400K, 0% used [0x00000007d5ab0000,0x00000007d5ab0000,0x00000007db6e0000)
  from space 192K, 0% used [0x00000007db710000,0x00000007db710000,0x00000007db740000)
  to   space 192K, 0% used [0x00000007db6e0000,0x00000007db6e0000,0x00000007db710000)
 ParOldGen       total 86720K, used 10706K [0x0000000781000000, 0x00000007864b0000, 0x00000007d5ab0000)
  object space 86720K, 12% used [0x0000000781000000,0x0000000781a74a98,0x00000007864b0000)
 PSPermGen       total 21248K, used 18496K [0x000000077be00000, 0x000000077d2c0000, 0x0000000781000000)
  object space 21248K, 87% used [0x000000077be00000,0x000000077d0102f0,0x000000077d2c0000)
}
Event: 4125.465 GC heap before
{Heap before GC invocations=911 (full 450):
 PSYoungGen      total 94592K, used 35962K [0x00000007d5ab0000, 0x00000007db740000, 0x0000000800000000)
  eden space 94400K, 38% used [0x00000007d5ab0000,0x00000007d7dce808,0x00000007db6e0000)
  from space 192K, 0% used [0x00000007db710000,0x00000007db710000,0x00000007db740000)
  to   space 192K, 0% used [0x00000007db6e0000,0x00000007db6e0000,0x00000007db710000)
 ParOldGen       total 86720K, used 10706K [0x0000000781000000, 0x00000007864b0000, 0x00000007d5ab0000)
  object space 86720K, 12% used [0x0000000781000000,0x0000000781a74a98,0x00000007864b0000)
 PSPermGen       total 21248K, used 18510K [0x000000077be00000, 0x000000077d2c0000, 0x0000000781000000)
  object space 21248K, 87% used [0x000000077be00000,0x000000077d013840,0x000000077d2c0000)
Event: 4125.468 GC heap after
Heap after GC invocations=911 (full 450):
 PSYoungGen      total 94592K, used 190K [0x00000007d5ab0000, 0x00000007db760000, 0x0000000800000000)
  eden space 94400K, 0% used [0x00000007d5ab0000,0x00000007d5ab0000,0x00000007db6e0000)
  from space 192K, 99% used [0x00000007db6e0000,0x00000007db70faa8,0x00000007db710000)
  to   space 256K, 0% used [0x00000007db720000,0x00000007db720000,0x00000007db760000)
 ParOldGen       total 86720K, used 10892K [0x0000000781000000, 0x00000007864b0000, 0x00000007d5ab0000)
  object space 86720K, 12% used [0x0000000781000000,0x0000000781aa3048,0x00000007864b0000)
 PSPermGen       total 21248K, used 18510K [0x000000077be00000, 0x000000077d2c0000, 0x0000000781000000)
  object space 21248K, 87% used [0x000000077be00000,0x000000077d013840,0x000000077d2c0000)
}
Event: 4125.468 GC heap before
{Heap before GC invocations=912 (full 451):
 PSYoungGen      total 94592K, used 190K [0x00000007d5ab0000, 0x00000007db760000, 0x0000000800000000)
  eden space 94400K, 0% used [0x00000007d5ab0000,0x00000007d5ab0000,0x00000007db6e0000)
  from space 192K, 99% used [0x00000007db6e0000,0x00000007db70faa8,0x00000007db710000)
  to   space 256K, 0% used [0x00000007db720000,0x00000007db720000,0x00000007db760000)
 ParOldGen       total 86720K, used 10892K [0x0000000781000000, 0x00000007864b0000, 0x00000007d5ab0000)
  object space 86720K, 12% used [0x0000000781000000,0x0000000781aa3048,0x00000007864b0000)
 PSPermGen       total 21248K, used 18510K [0x000000077be00000, 0x000000077d2c0000, 0x0000000781000000)
  object space 21248K, 87% used [0x000000077be00000,0x000000077d013840,0x000000077d2c0000)

