# JRE version: 7.0_11-b21
# Java VM: Java HotSpot(TM) 64-Bit Server VM (23.6-b04 mixed mode windows-amd64 compressed oops)
Heap
 PSYoungGen      total 25088K, used 747K [0x00000007d5ab0000, 0x00000007d7360000, 0x0000000800000000)
  eden space 24896K, 3% used [0x00000007d5ab0000,0x00000007d5b6aea0,0x00000007d7300000)
  from space 192K, 0% used [0x00000007d7330000,0x00000007d7330000,0x00000007d7360000)
  to   space 192K, 0% used [0x00000007d7300000,0x00000007d7300000,0x00000007d7330000)
 ParOldGen       total 86720K, used 11231K [0x0000000781000000, 0x00000007864b0000, 0x00000007d5ab0000)
  object space 86720K, 12% used [0x0000000781000000,0x0000000781af7c18,0x00000007864b0000)
 PSPermGen       total 21504K, used 20607K [0x000000077be00000, 0x000000077d300000, 0x0000000781000000)
  object space 21504K, 95% used [0x000000077be00000,0x000000077d21fea0,0x000000077d300000)
GC Heap History (10 events):
Event: 334.666 GC heap before
{Heap before GC invocations=520 (full 252):
 PSYoungGen      total 25088K, used 32K [0x00000007d5ab0000, 0x00000007d7360000, 0x0000000800000000)
  eden space 24896K, 0% used [0x00000007d5ab0000,0x00000007d5ab0000,0x00000007d7300000)
  from space 192K, 16% used [0x00000007d7330000,0x00000007d7338000,0x00000007d7360000)
  to   space 192K, 0% used [0x00000007d7300000,0x00000007d7300000,0x00000007d7330000)
 ParOldGen       total 86720K, used 11241K [0x0000000781000000, 0x00000007864b0000, 0x00000007d5ab0000)
  object space 86720K, 12% used [0x0000000781000000,0x0000000781afa588,0x00000007864b0000)
 PSPermGen       total 21504K, used 20607K [0x000000077be00000, 0x000000077d300000, 0x0000000781000000)
  object space 21504K, 95% used [0x000000077be00000,0x000000077d21fd08,0x000000077d300000)
Event: 334.804 GC heap after
Heap after GC invocations=520 (full 252):
 PSYoungGen      total 25088K, used 0K [0x00000007d5ab0000, 0x00000007d7360000, 0x0000000800000000)
  eden space 24896K, 0% used [0x00000007d5ab0000,0x00000007d5ab0000,0x00000007d7300000)
  from space 192K, 0% used [0x00000007d7330000,0x00000007d7330000,0x00000007d7360000)
  to   space 192K, 0% used [0x00000007d7300000,0x00000007d7300000,0x00000007d7330000)
 ParOldGen       total 86720K, used 11231K [0x0000000781000000, 0x00000007864b0000, 0x00000007d5ab0000)
  object space 86720K, 12% used [0x0000000781000000,0x0000000781af7c00,0x00000007864b0000)
 PSPermGen       total 21504K, used 20607K [0x000000077be00000, 0x000000077d300000, 0x0000000781000000)
  object space 21504K, 95% used [0x000000077be00000,0x000000077d21fd08,0x000000077d300000)
}
Event: 335.581 GC heap before
{Heap before GC invocations=521 (full 252):
 PSYoungGen      total 25088K, used 1370K [0x00000007d5ab0000, 0x00000007d7360000, 0x0000000800000000)
  eden space 24896K, 5% used [0x00000007d5ab0000,0x00000007d5c06b58,0x00000007d7300000)
  from space 192K, 0% used [0x00000007d7330000,0x00000007d7330000,0x00000007d7360000)
  to   space 192K, 0% used [0x00000007d7300000,0x00000007d7300000,0x00000007d7330000)
 ParOldGen       total 86720K, used 11231K [0x0000000781000000, 0x00000007864b0000, 0x00000007d5ab0000)
  object space 86720K, 12% used [0x0000000781000000,0x0000000781af7c00,0x00000007864b0000)
 PSPermGen       total 21504K, used 20607K [0x000000077be00000, 0x000000077d300000, 0x0000000781000000)
  object space 21504K, 95% used [0x000000077be00000,0x000000077d21fea0,0x000000077d300000)
Event: 335.592 GC heap after
Heap after GC invocations=521 (full 252):
 PSYoungGen      total 25088K, used 64K [0x00000007d5ab0000, 0x00000007d7360000, 0x0000000800000000)
  eden space 24896K, 0% used [0x00000007d5ab0000,0x00000007d5ab0000,0x00000007d7300000)
  from space 192K, 33% used [0x00000007d7300000,0x00000007d7310000,0x00000007d7330000)
  to   space 192K, 0% used [0x00000007d7330000,0x00000007d7330000,0x00000007d7360000)
 ParOldGen       total 86720K, used 11231K [0x0000000781000000, 0x00000007864b0000, 0x00000007d5ab0000)
  object space 86720K, 12% used [0x0000000781000000,0x0000000781af7c00,0x00000007864b0000)
 PSPermGen       total 21504K, used 20607K [0x000000077be00000, 0x000000077d300000, 0x0000000781000000)
  object space 21504K, 95% used [0x000000077be00000,0x000000077d21fea0,0x000000077d300000)
}
Event: 335.592 GC heap before
{Heap before GC invocations=522 (full 253):
 PSYoungGen      total 25088K, used 64K [0x00000007d5ab0000, 0x00000007d7360000, 0x0000000800000000)
  eden space 24896K, 0% used [0x00000007d5ab0000,0x00000007d5ab0000,0x00000007d7300000)
  from space 192K, 33% used [0x00000007d7300000,0x00000007d7310000,0x00000007d7330000)
  to   space 192K, 0% used [0x00000007d7330000,0x00000007d7330000,0x00000007d7360000)
 ParOldGen       total 86720K, used 11231K [0x0000000781000000, 0x00000007864b0000, 0x00000007d5ab0000)
  object space 86720K, 12% used [0x0000000781000000,0x0000000781af7c00,0x00000007864b0000)
 PSPermGen       total 21504K, used 20607K [0x000000077be00000, 0x000000077d300000, 0x0000000781000000)
  object space 21504K, 95% used [0x000000077be00000,0x000000077d21fea0,0x000000077d300000)
Event: 335.732 GC heap after
Heap after GC invocations=522 (full 253):
 PSYoungGen      total 25088K, used 0K [0x00000007d5ab0000, 0x00000007d7360000, 0x0000000800000000)
  eden space 24896K, 0% used [0x00000007d5ab0000,0x00000007d5ab0000,0x00000007d7300000)
  from space 192K, 0% used [0x00000007d7300000,0x00000007d7300000,0x00000007d7330000)
  to   space 192K, 0% used [0x00000007d7330000,0x00000007d7330000,0x00000007d7360000)
 ParOldGen       total 86720K, used 11241K [0x0000000781000000, 0x00000007864b0000, 0x00000007d5ab0000)
  object space 86720K, 12% used [0x0000000781000000,0x0000000781afa580,0x00000007864b0000)
 PSPermGen       total 21504K, used 20607K [0x000000077be00000, 0x000000077d300000, 0x0000000781000000)
  object space 21504K, 95% used [0x000000077be00000,0x000000077d21fea0,0x000000077d300000)
}
Event: 335.733 GC heap before
{Heap before GC invocations=523 (full 253):
 PSYoungGen      total 25088K, used 492K [0x00000007d5ab0000, 0x00000007d7360000, 0x0000000800000000)
  eden space 24896K, 1% used [0x00000007d5ab0000,0x00000007d5b2b0c0,0x00000007d7300000)
  from space 192K, 0% used [0x00000007d7300000,0x00000007d7300000,0x00000007d7330000)
  to   space 192K, 0% used [0x00000007d7330000,0x00000007d7330000,0x00000007d7360000)
 ParOldGen       total 86720K, used 11241K [0x0000000781000000, 0x00000007864b0000, 0x00000007d5ab0000)
  object space 86720K, 12% used [0x0000000781000000,0x0000000781afa580,0x00000007864b0000)
 PSPermGen       total 21504K, used 20607K [0x000000077be00000, 0x000000077d300000, 0x0000000781000000)
  object space 21504K, 95% used [0x000000077be00000,0x000000077d21fea0,0x000000077d300000)
Event: 335.734 GC heap after
Heap after GC invocations=523 (full 253):
 PSYoungGen      total 25088K, used 32K [0x00000007d5ab0000, 0x00000007d7360000, 0x0000000800000000)
  eden space 24896K, 0% used [0x00000007d5ab0000,0x00000007d5ab0000,0x00000007d7300000)
  from space 192K, 16% used [0x00000007d7330000,0x00000007d7338000,0x00000007d7360000)
  to   space 192K, 0% used [0x00000007d7300000,0x00000007d7300000,0x00000007d7330000)
 ParOldGen       total 86720K, used 11241K [0x0000000781000000, 0x00000007864b0000, 0x00000007d5ab0000)
  object space 86720K, 12% used [0x0000000781000000,0x0000000781afa580,0x00000007864b0000)
 PSPermGen       total 21504K, used 20607K [0x000000077be00000, 0x000000077d300000, 0x0000000781000000)
  object space 21504K, 95% used [0x000000077be00000,0x000000077d21fea0,0x000000077d300000)
}
Event: 335.734 GC heap before
{Heap before GC invocations=524 (full 254):
 PSYoungGen      total 25088K, used 32K [0x00000007d5ab0000, 0x00000007d7360000, 0x0000000800000000)
  eden space 24896K, 0% used [0x00000007d5ab0000,0x00000007d5ab0000,0x00000007d7300000)
  from space 192K, 16% used [0x00000007d7330000,0x00000007d7338000,0x00000007d7360000)
  to   space 192K, 0% used [0x00000007d7300000,0x00000007d7300000,0x00000007d7330000)
 ParOldGen       total 86720K, used 11241K [0x0000000781000000, 0x00000007864b0000, 0x00000007d5ab0000)
  object space 86720K, 12% used [0x0000000781000000,0x0000000781afa580,0x00000007864b0000)
 PSPermGen       total 21504K, used 20607K [0x000000077be00000, 0x000000077d300000, 0x0000000781000000)
  object space 21504K, 95% used [0x000000077be00000,0x000000077d21fea0,0x000000077d300000)
Event: 335.822 GC heap after
Heap after GC invocations=524 (full 254):
 PSYoungGen      total 25088K, used 0K [0x00000007d5ab0000, 0x00000007d7360000, 0x0000000800000000)
  eden space 24896K, 0% used [0x00000007d5ab0000,0x00000007d5ab0000,0x00000007d7300000)
  from space 192K, 0% used [0x00000007d7330000,0x00000007d7330000,0x00000007d7360000)
  to   space 192K, 0% used [0x00000007d7300000,0x00000007d7300000,0x00000007d7330000)
 ParOldGen       total 86720K, used 11231K [0x0000000781000000, 0x00000007864b0000, 0x00000007d5ab0000)
  object space 86720K, 12% used [0x0000000781000000,0x0000000781af7c18,0x00000007864b0000)
 PSPermGen       total 21504K, used 20607K [0x000000077be00000, 0x000000077d300000, 0x0000000781000000)
  object space 21504K, 95% used [0x000000077be00000,0x000000077d21fea0,0x000000077d300000)
}

